#
# There is insufficient memory for the Java Runtime Environment to continue.
# Native memory allocation (malloc) failed to allocate 1048576 bytes for AllocateHeap
# Possible reasons:
#   The system is out of physical RAM or swap space
#   The process is running with CompressedOops enabled, and the Java Heap may be blocking the growth of the native heap
# Possible solutions:
#   Reduce memory load on the system
#   Increase physical memory or swap space
#   Check if swap backing store is full
#   Decrease Java heap size (-Xmx/-Xms)
#   Decrease number of Java threads
#   Decrease Java thread stack sizes (-Xss)
#   Set larger code cache with -XX:ReservedCodeCacheSize=
#   JVM is running with Unscaled Compressed Oops mode in which the Java heap is
#     placed in the first 4GB address space. The Java Heap base address is the
#     maximum limit for the native heap growth. Please use -XX:HeapBaseMinAddress
#     to set the Java Heap base and to place the Java Heap above 4GB virtual address.
# This output file may be truncated or incomplete.
#
#  Out of Memory Error (allocation.cpp:44), pid=14332, tid=2768
#
# JRE version: OpenJDK Runtime Environment Temurin-17.0.10+7 (17.0.10+7) (build 17.0.10+7)
# Java VM: OpenJDK 64-Bit Server VM Temurin-17.0.10+7 (17.0.10+7, mixed mode, emulated-client, tiered, compressed oops, compressed class ptrs, g1 gc, windows-amd64)
# No core dump will be written. Minidumps are not enabled by default on client versions of Windows
#

---------------  S U M M A R Y ------------

Command Line: -Xmx1024m -Dsts.lsp.client=vscode -Dsts.log.file=/dev/null -XX:TieredStopAtLevel=1 -Xlog:jni+resolve=off -Dspring.config.location=file:c:\Users\Admin\.vscode\extensions\vmware.vscode-spring-boot-1.54.0\language-server\BOOT-INF\classes\application.properties org.springframework.ide.vscode.boot.app.BootLanguageServerBootApp

Host: 11th Gen Intel(R) Core(TM) i5-1135G7 @ 2.40GHz, 8 cores, 7G,  Windows 11 , 64 bit Build 22621 (10.0.22621.3527)
Time: Mon May 27 19:17:19 2024 SE Asia Standard Time elapsed time: 2752.692028 seconds (0d 0h 45m 52s)

---------------  T H R E A D  ---------------

Current thread (0x000001e5441df810):  VMThread "VM Thread" [stack: 0x000000c0d5b00000,0x000000c0d5c00000] [id=2768]

Stack: [0x000000c0d5b00000,0x000000c0d5c00000]
Native frames: (J=compiled Java code, j=interpreted, Vv=VM code, C=native code)
V  [jvm.dll+0x67d2c9]
V  [jvm.dll+0x834afa]
V  [jvm.dll+0x8365be]
V  [jvm.dll+0x836c23]
V  [jvm.dll+0x2477ff]
V  [jvm.dll+0xa6c93]
V  [jvm.dll+0x2f8663]
V  [jvm.dll+0x2f42e0]
V  [jvm.dll+0x2dc8c7]
V  [jvm.dll+0x31fb87]
V  [jvm.dll+0x83b11b]
V  [jvm.dll+0x83be61]
V  [jvm.dll+0x83c37d]
V  [jvm.dll+0x83c754]
V  [jvm.dll+0x83c820]
V  [jvm.dll+0x7e3fba]
V  [jvm.dll+0x67c1b5]
C  [ucrtbase.dll+0x29333]
C  [KERNEL32.DLL+0x1257d]
C  [ntdll.dll+0x5aa48]

VM_Operation (0x000000c0d73fef50): G1CollectFull, mode: safepoint, requested by thread 0x000001e549daa880


---------------  P R O C E S S  ---------------

Threads class SMR info:
_java_thread_list=0x000001e5444b5780, length=28, elements={
0x000001e5441f4370, 0x000001e5441f8e50, 0x000001e54421aa40, 0x000001e54421b510,
0x000001e54421bfe0, 0x000001e54421e8c0, 0x000001e54432c480, 0x000001e54433e010,
0x000001e54454a650, 0x000001e54455b750, 0x000001e549d5e430, 0x000001e549daa880,
0x000001e549e22020, 0x000001e53729d4e0, 0x000001e549e5ec00, 0x000001e549eaf230,
0x000001e549eb5d50, 0x000001e549eb6770, 0x000001e549eb4e20, 0x000001e549eb2fc0,
0x000001e549eb5840, 0x000001e549eb4400, 0x000001e549eb3ef0, 0x000001e544d44240,
0x000001e544d44c60, 0x000001e544d465b0, 0x000001e544d46ac0, 0x000001e544d428f0
}

Java Threads: ( => current thread )
  0x000001e5441f4370 JavaThread "Reference Handler" daemon [_thread_blocked, id=6380, stack(0x000000c0d5c00000,0x000000c0d5d00000)]
  0x000001e5441f8e50 JavaThread "Finalizer" daemon [_thread_blocked, id=6860, stack(0x000000c0d5d00000,0x000000c0d5e00000)]
  0x000001e54421aa40 JavaThread "Signal Dispatcher" daemon [_thread_blocked, id=13864, stack(0x000000c0d5e00000,0x000000c0d5f00000)]
  0x000001e54421b510 JavaThread "Attach Listener" daemon [_thread_blocked, id=13924, stack(0x000000c0d5f00000,0x000000c0d6000000)]
  0x000001e54421bfe0 JavaThread "Service Thread" daemon [_thread_blocked, id=9144, stack(0x000000c0d6000000,0x000000c0d6100000)]
  0x000001e54421e8c0 JavaThread "Monitor Deflation Thread" daemon [_thread_blocked, id=9192, stack(0x000000c0d6100000,0x000000c0d6200000)]
  0x000001e54432c480 JavaThread "C1 CompilerThread0" daemon [_thread_blocked, id=8488, stack(0x000000c0d6200000,0x000000c0d6300000)]
  0x000001e54433e010 JavaThread "Sweeper thread" daemon [_thread_blocked, id=6292, stack(0x000000c0d6300000,0x000000c0d6400000)]
  0x000001e54454a650 JavaThread "Notification Thread" daemon [_thread_blocked, id=8964, stack(0x000000c0d6500000,0x000000c0d6600000)]
  0x000001e54455b750 JavaThread "Common-Cleaner" daemon [_thread_blocked, id=7556, stack(0x000000c0d6700000,0x000000c0d6800000)]
  0x000001e549d5e430 JavaThread "boundedElastic-evictor-1" daemon [_thread_blocked, id=13428, stack(0x000000c0d6d00000,0x000000c0d6e00000)]
  0x000001e549daa880 JavaThread "pool-13-thread-1" [_thread_blocked, id=13324, stack(0x000000c0d7300000,0x000000c0d7400000)]
  0x000001e549e22020 JavaThread "LanguageServerApp-lifecycle" [_thread_blocked, id=1852, stack(0x000000c0d7400000,0x000000c0d7500000)]
  0x000001e53729d4e0 JavaThread "DestroyJavaVM" [_thread_blocked, id=13116, stack(0x000000c0d5500000,0x000000c0d5600000)]
  0x000001e549e5ec00 JavaThread "pool-14-thread-1" [_thread_in_native, id=2076, stack(0x000000c0d7500000,0x000000c0d7600000)]
  0x000001e549eaf230 JavaThread "Simple-Language-Server main thread" daemon [_thread_blocked, id=1100, stack(0x000000c0d7600000,0x000000c0d7700000)]
  0x000001e549eb5d50 JavaThread "pool-8-thread-1" [_thread_blocked, id=10480, stack(0x000000c0d7a00000,0x000000c0d7b00000)]
  0x000001e549eb6770 JavaThread "parallel-1" daemon [_thread_blocked, id=12076, stack(0x000000c0d7b00000,0x000000c0d7c00000)]
  0x000001e549eb4e20 JavaThread "pool-6-thread-1" [_thread_blocked, id=7408, stack(0x000000c0d7c00000,0x000000c0d7d00000)]
  0x000001e549eb2fc0 JavaThread "parallel-2" daemon [_thread_blocked, id=13440, stack(0x000000c0d7d00000,0x000000c0d7e00000)]
  0x000001e549eb5840 JavaThread "parallel-3" daemon [_thread_blocked, id=7004, stack(0x000000c0d7e00000,0x000000c0d7f00000)]
  0x000001e549eb4400 JavaThread "parallel-4" daemon [_thread_blocked, id=13552, stack(0x000000c0d8300000,0x000000c0d8400000)]
  0x000001e549eb3ef0 JavaThread "parallel-5" daemon [_thread_blocked, id=10456, stack(0x000000c0d8400000,0x000000c0d8500000)]
  0x000001e544d44240 JavaThread "Reconciler-1" daemon [_thread_blocked, id=9260, stack(0x000000c0d8500000,0x000000c0d8600000)]
  0x000001e544d44c60 JavaThread "parallel-6" daemon [_thread_blocked, id=13692, stack(0x000000c0d6f00000,0x000000c0d7000000)]
  0x000001e544d465b0 JavaThread "parallel-7" daemon [_thread_blocked, id=13412, stack(0x000000c0d8600000,0x000000c0d8700000)]
  0x000001e544d46ac0 JavaThread "parallel-8" daemon [_thread_blocked, id=1536, stack(0x000000c0d5200000,0x000000c0d5300000)]
  0x000001e544d428f0 JavaThread "CompletableFutureDelayScheduler" daemon [_thread_blocked, id=7652, stack(0x000000c0d5400000,0x000000c0d5500000)]

Other Threads:
=>0x000001e5441df810 VMThread "VM Thread" [stack: 0x000000c0d5b00000,0x000000c0d5c00000] [id=2768]
  0x000001e54454ab30 WatcherThread [stack: 0x000000c0d6600000,0x000000c0d6700000] [id=14132]
  0x000001e5393e7c20 GCTaskThread "GC Thread#0" [stack: 0x000000c0d5600000,0x000000c0d5700000] [id=11616]
  0x000001e5491cad60 GCTaskThread "GC Thread#1" [stack: 0x000000c0d6800000,0x000000c0d6900000] [id=2664]
  0x000001e5491c1010 GCTaskThread "GC Thread#2" [stack: 0x000000c0d6900000,0x000000c0d6a00000] [id=14320]
  0x000001e549231350 GCTaskThread "GC Thread#3" [stack: 0x000000c0d6a00000,0x000000c0d6b00000] [id=13380]
  0x000001e549447bc0 GCTaskThread "GC Thread#4" [stack: 0x000000c0d6b00000,0x000000c0d6c00000] [id=4128]
  0x000001e549450f10 GCTaskThread "GC Thread#5" [stack: 0x000000c0d6c00000,0x000000c0d6d00000] [id=6032]
  0x000001e549686850 GCTaskThread "GC Thread#6" [stack: 0x000000c0d7000000,0x000000c0d7100000] [id=14232]
  0x000001e549695b60 GCTaskThread "GC Thread#7" [stack: 0x000000c0d7100000,0x000000c0d7200000] [id=13572]
  0x000001e5393f0a80 ConcurrentGCThread "G1 Main Marker" [stack: 0x000000c0d5700000,0x000000c0d5800000] [id=9380]
  0x000001e5393f13b0 ConcurrentGCThread "G1 Conc#0" [stack: 0x000000c0d5800000,0x000000c0d5900000] [id=14244]
  0x000001e549555610 ConcurrentGCThread "G1 Conc#1" [stack: 0x000000c0d7200000,0x000000c0d7300000] [id=13748]
  0x000001e539444a10 ConcurrentGCThread "G1 Refine#0" [stack: 0x000000c0d5900000,0x000000c0d5a00000] [id=11200]
  0x000001e5440524b0 ConcurrentGCThread "G1 Service" [stack: 0x000000c0d5a00000,0x000000c0d5b00000] [id=8612]

Threads with active compile tasks:

VM state: at safepoint (normal execution)

VM Mutex/Monitor currently owned by a thread:  ([mutex/lock_event])
[0x000001e5371e3fa0] Threads_lock - owner thread: 0x000001e5441df810
[0x000001e5371dfe50] Heap_lock - owner thread: 0x000001e549daa880

Heap address: 0x00000000c0000000, size: 1024 MB, Compressed Oops mode: 32-bit

CDS archive(s) not mapped
Compressed class space mapped at: 0x0000000100000000-0x0000000140000000, reserved size: 1073741824
Narrow klass base: 0x0000000000000000, Narrow klass shift: 3, Narrow klass range: 0x140000000

GC Precious Log:
 CPUs: 8 total, 8 available
 Memory: 7975M
 Large Page Support: Disabled
 NUMA Support: Disabled
 Compressed Oops: Enabled (32-bit)
 Heap Region Size: 1M
 Heap Min Capacity: 8M
 Heap Initial Capacity: 126M
 Heap Max Capacity: 1G
 Pre-touch: Disabled
 Parallel Workers: 8
 Concurrent Workers: 2
 Concurrent Refinement Workers: 8
 Periodic GC: Disabled

Heap:
 garbage-first heap   total 102400K, used 36380K [0x00000000c0000000, 0x0000000100000000)
  region size 1024K, 1 young (1024K), 0 survivors (0K)
 Metaspace       used 59461K, committed 59904K, reserved 1114112K
  class space    used 7416K, committed 7616K, reserved 1048576K

Heap Regions: E=young(eden), S=young(survivor), O=old, HS=humongous(starts), HC=humongous(continues), CS=collection set, F=free, OA=open archive, CA=closed archive, TAMS=top-at-mark-start (previous, next)
|   0|0x00000000c0000000, 0x00000000c0100000, 0x00000000c0100000|100%|HS|  |TAMS 0x00000000c0100000, 0x00000000c0000000| Untracked 
|   1|0x00000000c0100000, 0x00000000c0200000, 0x00000000c0200000|100%|HC|  |TAMS 0x00000000c0200000, 0x00000000c0100000| Untracked 
|   2|0x00000000c0200000, 0x00000000c0300000, 0x00000000c0300000|100%|HC|  |TAMS 0x00000000c0300000, 0x00000000c0200000| Untracked 
|   3|0x00000000c0300000, 0x00000000c0400000, 0x00000000c0400000|100%|HC|  |TAMS 0x00000000c0400000, 0x00000000c0300000| Untracked 
|   4|0x00000000c0400000, 0x00000000c0500000, 0x00000000c0500000|100%|HS|  |TAMS 0x00000000c0500000, 0x00000000c0400000| Untracked 
|   5|0x00000000c0500000, 0x00000000c0600000, 0x00000000c0600000|100%|HC|  |TAMS 0x00000000c0600000, 0x00000000c0500000| Untracked 
|   6|0x00000000c0600000, 0x00000000c06fd368, 0x00000000c0700000| 98%| O|  |TAMS 0x00000000c06fd368, 0x00000000c0600000| Untracked 
|   7|0x00000000c0700000, 0x00000000c0800000, 0x00000000c0800000|100%| O|  |TAMS 0x00000000c0800000, 0x00000000c0700000| Untracked 
|   8|0x00000000c0800000, 0x00000000c0900000, 0x00000000c0900000|100%| O|  |TAMS 0x00000000c0900000, 0x00000000c0800000| Untracked 
|   9|0x00000000c0900000, 0x00000000c09ffff8, 0x00000000c0a00000| 99%| O|  |TAMS 0x00000000c09ffff8, 0x00000000c0900000| Untracked 
|  10|0x00000000c0a00000, 0x00000000c0b00000, 0x00000000c0b00000|100%| O|  |TAMS 0x00000000c0b00000, 0x00000000c0a00000| Untracked 
|  11|0x00000000c0b00000, 0x00000000c0bf69c8, 0x00000000c0c00000| 96%| O|  |TAMS 0x00000000c0bf69c8, 0x00000000c0b00000| Untracked 
|  12|0x00000000c0c00000, 0x00000000c0d00000, 0x00000000c0d00000|100%| O|  |TAMS 0x00000000c0d00000, 0x00000000c0c00000| Untracked 
|  13|0x00000000c0d00000, 0x00000000c0dfe728, 0x00000000c0e00000| 99%| O|  |TAMS 0x00000000c0dfe728, 0x00000000c0d00000| Untracked 
|  14|0x00000000c0e00000, 0x00000000c0f00000, 0x00000000c0f00000|100%| O|  |TAMS 0x00000000c0f00000, 0x00000000c0e00000| Untracked 
|  15|0x00000000c0f00000, 0x00000000c0fffff8, 0x00000000c1000000| 99%| O|  |TAMS 0x00000000c0fffff8, 0x00000000c0f00000| Untracked 
|  16|0x00000000c1000000, 0x00000000c1100000, 0x00000000c1100000|100%| O|  |TAMS 0x00000000c1100000, 0x00000000c1000000| Untracked 
|  17|0x00000000c1100000, 0x00000000c11fffa8, 0x00000000c1200000| 99%| O|  |TAMS 0x00000000c11fffa8, 0x00000000c1100000| Untracked 
|  18|0x00000000c1200000, 0x00000000c12fffc0, 0x00000000c1300000| 99%| O|  |TAMS 0x00000000c12fffc0, 0x00000000c1200000| Untracked 
|  19|0x00000000c1300000, 0x00000000c13fffd0, 0x00000000c1400000| 99%| O|  |TAMS 0x00000000c13fffd0, 0x00000000c1300000| Untracked 
|  20|0x00000000c1400000, 0x00000000c14ffff8, 0x00000000c1500000| 99%| O|  |TAMS 0x00000000c14ffff8, 0x00000000c1400000| Untracked 
|  21|0x00000000c1500000, 0x00000000c15ffff8, 0x00000000c1600000| 99%| O|  |TAMS 0x00000000c15ffff8, 0x00000000c1500000| Untracked 
|  22|0x00000000c1600000, 0x00000000c16ffff0, 0x00000000c1700000| 99%| O|  |TAMS 0x00000000c16ffff0, 0x00000000c1600000| Untracked 
|  23|0x00000000c1700000, 0x00000000c17ffff8, 0x00000000c1800000| 99%| O|  |TAMS 0x00000000c17ffff8, 0x00000000c1700000| Untracked 
|  24|0x00000000c1800000, 0x00000000c18fffe8, 0x00000000c1900000| 99%| O|  |TAMS 0x00000000c18fffe8, 0x00000000c1800000| Untracked 
|  25|0x00000000c1900000, 0x00000000c19ff960, 0x00000000c1a00000| 99%| O|  |TAMS 0x00000000c19ff960, 0x00000000c1900000| Untracked 
|  26|0x00000000c1a00000, 0x00000000c1afffd8, 0x00000000c1b00000| 99%| O|  |TAMS 0x00000000c1afffd8, 0x00000000c1a00000| Untracked 
|  27|0x00000000c1b00000, 0x00000000c1bffff0, 0x00000000c1c00000| 99%| O|  |TAMS 0x00000000c1bffff0, 0x00000000c1b00000| Untracked 
|  28|0x00000000c1c00000, 0x00000000c1cffff8, 0x00000000c1d00000| 99%| O|  |TAMS 0x00000000c1cffff8, 0x00000000c1c00000| Untracked 
|  29|0x00000000c1d00000, 0x00000000c1dfffd8, 0x00000000c1e00000| 99%| O|  |TAMS 0x00000000c1dfffd8, 0x00000000c1d00000| Untracked 
|  30|0x00000000c1e00000, 0x00000000c1efdeb8, 0x00000000c1f00000| 99%| O|  |TAMS 0x00000000c1efdeb8, 0x00000000c1e00000| Untracked 
|  31|0x00000000c1f00000, 0x00000000c1f97698, 0x00000000c2000000| 59%| O|  |TAMS 0x00000000c1f00000, 0x00000000c1f00000| Untracked 
|  32|0x00000000c2000000, 0x00000000c20fffe8, 0x00000000c2100000| 99%| O|  |TAMS 0x00000000c20fffe8, 0x00000000c2000000| Untracked 
|  33|0x00000000c2100000, 0x00000000c2100000, 0x00000000c2200000|  0%| F|  |TAMS 0x00000000c2100000, 0x00000000c2100000| Untracked 
|  34|0x00000000c2200000, 0x00000000c2200000, 0x00000000c2300000|  0%| F|  |TAMS 0x00000000c2200000, 0x00000000c2200000| Untracked 
|  35|0x00000000c2300000, 0x00000000c2300000, 0x00000000c2400000|  0%| F|  |TAMS 0x00000000c2300000, 0x00000000c2300000| Untracked 
|  36|0x00000000c2400000, 0x00000000c2400000, 0x00000000c2500000|  0%| F|  |TAMS 0x00000000c2400000, 0x00000000c2400000| Untracked 
|  37|0x00000000c2500000, 0x00000000c2500000, 0x00000000c2600000|  0%| F|  |TAMS 0x00000000c2500000, 0x00000000c2500000| Untracked 
|  38|0x00000000c2600000, 0x00000000c2600000, 0x00000000c2700000|  0%| F|  |TAMS 0x00000000c2600000, 0x00000000c2600000| Untracked 
|  39|0x00000000c2700000, 0x00000000c2700000, 0x00000000c2800000|  0%| F|  |TAMS 0x00000000c2700000, 0x00000000c2700000| Untracked 
|  40|0x00000000c2800000, 0x00000000c2800000, 0x00000000c2900000|  0%| F|  |TAMS 0x00000000c2800000, 0x00000000c2800000| Untracked 
|  41|0x00000000c2900000, 0x00000000c2900000, 0x00000000c2a00000|  0%| F|  |TAMS 0x00000000c2900000, 0x00000000c2900000| Untracked 
|  42|0x00000000c2a00000, 0x00000000c2a00000, 0x00000000c2b00000|  0%| F|  |TAMS 0x00000000c2a00000, 0x00000000c2a00000| Untracked 
|  43|0x00000000c2b00000, 0x00000000c2b00000, 0x00000000c2c00000|  0%| F|  |TAMS 0x00000000c2b00000, 0x00000000c2b00000| Untracked 
|  44|0x00000000c2c00000, 0x00000000c2c00000, 0x00000000c2d00000|  0%| F|  |TAMS 0x00000000c2c00000, 0x00000000c2c00000| Untracked 
|  45|0x00000000c2d00000, 0x00000000c2d00000, 0x00000000c2e00000|  0%| F|  |TAMS 0x00000000c2d00000, 0x00000000c2d00000| Untracked 
|  46|0x00000000c2e00000, 0x00000000c2e00000, 0x00000000c2f00000|  0%| F|  |TAMS 0x00000000c2e00000, 0x00000000c2e00000| Untracked 
|  47|0x00000000c2f00000, 0x00000000c2f00000, 0x00000000c3000000|  0%| F|  |TAMS 0x00000000c2f00000, 0x00000000c2f00000| Untracked 
|  48|0x00000000c3000000, 0x00000000c3000000, 0x00000000c3100000|  0%| F|  |TAMS 0x00000000c3000000, 0x00000000c3000000| Untracked 
|  49|0x00000000c3100000, 0x00000000c3100000, 0x00000000c3200000|  0%| F|  |TAMS 0x00000000c3100000, 0x00000000c3100000| Untracked 
|  50|0x00000000c3200000, 0x00000000c3200000, 0x00000000c3300000|  0%| F|  |TAMS 0x00000000c3200000, 0x00000000c3200000| Untracked 
|  51|0x00000000c3300000, 0x00000000c3300000, 0x00000000c3400000|  0%| F|  |TAMS 0x00000000c3300000, 0x00000000c3300000| Untracked 
|  52|0x00000000c3400000, 0x00000000c3400000, 0x00000000c3500000|  0%| F|  |TAMS 0x00000000c3400000, 0x00000000c3400000| Untracked 
|  53|0x00000000c3500000, 0x00000000c3500000, 0x00000000c3600000|  0%| F|  |TAMS 0x00000000c3500000, 0x00000000c3500000| Untracked 
|  54|0x00000000c3600000, 0x00000000c3600000, 0x00000000c3700000|  0%| F|  |TAMS 0x00000000c3600000, 0x00000000c3600000| Untracked 
|  55|0x00000000c3700000, 0x00000000c3700000, 0x00000000c3800000|  0%| F|  |TAMS 0x00000000c3700000, 0x00000000c3700000| Untracked 
|  56|0x00000000c3800000, 0x00000000c3800000, 0x00000000c3900000|  0%| F|  |TAMS 0x00000000c3800000, 0x00000000c3800000| Untracked 
|  57|0x00000000c3900000, 0x00000000c3900000, 0x00000000c3a00000|  0%| F|  |TAMS 0x00000000c3900000, 0x00000000c3900000| Untracked 
|  58|0x00000000c3a00000, 0x00000000c3a00000, 0x00000000c3b00000|  0%| F|  |TAMS 0x00000000c3a00000, 0x00000000c3a00000| Untracked 
|  59|0x00000000c3b00000, 0x00000000c3b00000, 0x00000000c3c00000|  0%| F|  |TAMS 0x00000000c3b00000, 0x00000000c3b00000| Untracked 
|  60|0x00000000c3c00000, 0x00000000c3c00000, 0x00000000c3d00000|  0%| F|  |TAMS 0x00000000c3c00000, 0x00000000c3c00000| Untracked 
|  61|0x00000000c3d00000, 0x00000000c3d00000, 0x00000000c3e00000|  0%| F|  |TAMS 0x00000000c3d00000, 0x00000000c3d00000| Untracked 
|  62|0x00000000c3e00000, 0x00000000c3e00000, 0x00000000c3f00000|  0%| F|  |TAMS 0x00000000c3e00000, 0x00000000c3e00000| Untracked 
|  63|0x00000000c3f00000, 0x00000000c3f00000, 0x00000000c4000000|  0%| F|  |TAMS 0x00000000c3f00000, 0x00000000c3f00000| Untracked 
|  64|0x00000000c4000000, 0x00000000c4000000, 0x00000000c4100000|  0%| F|  |TAMS 0x00000000c4000000, 0x00000000c4000000| Untracked 
|  65|0x00000000c4100000, 0x00000000c4100000, 0x00000000c4200000|  0%| F|  |TAMS 0x00000000c4100000, 0x00000000c4100000| Untracked 
|  66|0x00000000c4200000, 0x00000000c4200000, 0x00000000c4300000|  0%| F|  |TAMS 0x00000000c4200000, 0x00000000c4200000| Untracked 
|  67|0x00000000c4300000, 0x00000000c4300000, 0x00000000c4400000|  0%| F|  |TAMS 0x00000000c4300000, 0x00000000c4300000| Untracked 
|  68|0x00000000c4400000, 0x00000000c4400000, 0x00000000c4500000|  0%| F|  |TAMS 0x00000000c4400000, 0x00000000c4400000| Untracked 
|  69|0x00000000c4500000, 0x00000000c4500000, 0x00000000c4600000|  0%| F|  |TAMS 0x00000000c4500000, 0x00000000c4500000| Untracked 
|  70|0x00000000c4600000, 0x00000000c4600000, 0x00000000c4700000|  0%| F|  |TAMS 0x00000000c4600000, 0x00000000c4600000| Untracked 
|  71|0x00000000c4700000, 0x00000000c4700000, 0x00000000c4800000|  0%| F|  |TAMS 0x00000000c4700000, 0x00000000c4700000| Untracked 
|  72|0x00000000c4800000, 0x00000000c4800000, 0x00000000c4900000|  0%| F|  |TAMS 0x00000000c4800000, 0x00000000c4800000| Untracked 
|  73|0x00000000c4900000, 0x00000000c4900000, 0x00000000c4a00000|  0%| F|  |TAMS 0x00000000c4900000, 0x00000000c4900000| Untracked 
|  74|0x00000000c4a00000, 0x00000000c4a00000, 0x00000000c4b00000|  0%| F|  |TAMS 0x00000000c4a00000, 0x00000000c4a00000| Untracked 
|  75|0x00000000c4b00000, 0x00000000c4b00000, 0x00000000c4c00000|  0%| F|  |TAMS 0x00000000c4b00000, 0x00000000c4b00000| Untracked 
|  76|0x00000000c4c00000, 0x00000000c4c00000, 0x00000000c4d00000|  0%| F|  |TAMS 0x00000000c4c00000, 0x00000000c4c00000| Untracked 
|  77|0x00000000c4d00000, 0x00000000c4d00000, 0x00000000c4e00000|  0%| F|  |TAMS 0x00000000c4d00000, 0x00000000c4d00000| Untracked 
|  78|0x00000000c4e00000, 0x00000000c4e00000, 0x00000000c4f00000|  0%| F|  |TAMS 0x00000000c4e00000, 0x00000000c4e00000| Untracked 
|  79|0x00000000c4f00000, 0x00000000c4f00000, 0x00000000c5000000|  0%| F|  |TAMS 0x00000000c4f00000, 0x00000000c4f00000| Untracked 
|  80|0x00000000c5000000, 0x00000000c5000000, 0x00000000c5100000|  0%| F|  |TAMS 0x00000000c5000000, 0x00000000c5000000| Untracked 
|  81|0x00000000c5100000, 0x00000000c5100000, 0x00000000c5200000|  0%| F|  |TAMS 0x00000000c5100000, 0x00000000c5100000| Untracked 
|  82|0x00000000c5200000, 0x00000000c5200000, 0x00000000c5300000|  0%| F|  |TAMS 0x00000000c5200000, 0x00000000c5200000| Untracked 
|  83|0x00000000c5300000, 0x00000000c5300000, 0x00000000c5400000|  0%| F|  |TAMS 0x00000000c5300000, 0x00000000c5300000| Untracked 
|  84|0x00000000c5400000, 0x00000000c5400000, 0x00000000c5500000|  0%| F|  |TAMS 0x00000000c5400000, 0x00000000c5400000| Untracked 
|  85|0x00000000c5500000, 0x00000000c5500000, 0x00000000c5600000|  0%| F|  |TAMS 0x00000000c5500000, 0x00000000c5500000| Untracked 
|  86|0x00000000c5600000, 0x00000000c5600000, 0x00000000c5700000|  0%| F|  |TAMS 0x00000000c5600000, 0x00000000c5600000| Untracked 
|  87|0x00000000c5700000, 0x00000000c5700000, 0x00000000c5800000|  0%| F|  |TAMS 0x00000000c5700000, 0x00000000c5700000| Untracked 
|  88|0x00000000c5800000, 0x00000000c5800000, 0x00000000c5900000|  0%| F|  |TAMS 0x00000000c5800000, 0x00000000c5800000| Untracked 
|  89|0x00000000c5900000, 0x00000000c5900000, 0x00000000c5a00000|  0%| F|  |TAMS 0x00000000c5900000, 0x00000000c5900000| Untracked 
|  90|0x00000000c5a00000, 0x00000000c5a00000, 0x00000000c5b00000|  0%| F|  |TAMS 0x00000000c5a00000, 0x00000000c5a00000| Untracked 
|  91|0x00000000c5b00000, 0x00000000c5b00000, 0x00000000c5c00000|  0%| F|  |TAMS 0x00000000c5b00000, 0x00000000c5b00000| Untracked 
|  92|0x00000000c5c00000, 0x00000000c5c00000, 0x00000000c5d00000|  0%| F|  |TAMS 0x00000000c5c00000, 0x00000000c5c00000| Untracked 
|  93|0x00000000c5d00000, 0x00000000c5d00000, 0x00000000c5e00000|  0%| F|  |TAMS 0x00000000c5d00000, 0x00000000c5d00000| Untracked 
|  94|0x00000000c5e00000, 0x00000000c5e00000, 0x00000000c5f00000|  0%| F|  |TAMS 0x00000000c5e00000, 0x00000000c5e00000| Untracked 
|  95|0x00000000c5f00000, 0x00000000c5f00000, 0x00000000c6000000|  0%| F|  |TAMS 0x00000000c5f00000, 0x00000000c5f00000| Untracked 
|  96|0x00000000c6000000, 0x00000000c6100000, 0x00000000c6100000|100%| O|  |TAMS 0x00000000c6100000, 0x00000000c6000000| Untracked 
|  97|0x00000000c6100000, 0x00000000c6200000, 0x00000000c6200000|100%| O|  |TAMS 0x00000000c6200000, 0x00000000c6100000| Untracked 
|  98|0x00000000c6200000, 0x00000000c6300000, 0x00000000c6300000|100%| O|  |TAMS 0x00000000c6300000, 0x00000000c6200000| Untracked 
|  99|0x00000000c6300000, 0x00000000c63058a8, 0x00000000c6400000|  2%| E|  |TAMS 0x00000000c6300000, 0x00000000c6300000| Complete 

Card table byte_map: [0x000001e53f340000,0x000001e53f540000] _byte_map_base: 0x000001e53ed40000

Marking Bits (Prev, Next): (CMBitMap*) 0x000001e5393e8150, (CMBitMap*) 0x000001e5393e8190
 Prev Bits: [0x000001e53f740000, 0x000001e540740000)
 Next Bits: [0x000001e540740000, 0x000001e541740000)

Polling page: 0x000001e537170000

Metaspace:

Usage:
  Non-class:     50.83 MB used.
      Class:      7.24 MB used.
       Both:     58.07 MB used.

Virtual space:
  Non-class space:       64.00 MB reserved,      51.06 MB ( 80%) committed,  1 nodes.
      Class space:        1.00 GB reserved,       7.44 MB ( <1%) committed,  1 nodes.
             Both:        1.06 GB reserved,      58.50 MB (  5%) committed. 

Chunk freelists:
   Non-Class:  12.18 MB
       Class:  8.56 MB
        Both:  20.74 MB

MaxMetaspaceSize: unlimited
CompressedClassSpaceSize: 1.00 GB
Initial GC threshold: 21.00 MB
Current GC threshold: 97.31 MB
CDS: off
MetaspaceReclaimPolicy: balanced
 - commit_granule_bytes: 65536.
 - commit_granule_words: 8192.
 - virtual_space_node_default_size: 8388608.
 - enlarge_chunks_in_place: 1.
 - new_chunks_are_fully_committed: 0.
 - uncommit_free_chunks: 1.
 - use_allocation_guard: 0.
 - handle_deallocations: 1.


Internal statistics:

num_allocs_failed_limit: 6.
num_arena_births: 816.
num_arena_deaths: 326.
num_vsnodes_births: 2.
num_vsnodes_deaths: 0.
num_space_committed: 936.
num_space_uncommitted: 0.
num_chunks_returned_to_freelist: 412.
num_chunks_taken_from_freelist: 2848.
num_chunk_merges: 114.
num_chunk_splits: 1826.
num_chunks_enlarged: 1338.
num_inconsistent_stats: 0.

CodeCache: size=49152Kb used=17160Kb max_used=17493Kb free=31991Kb
 bounds [0x000001e53c030000, 0x000001e53d1a0000, 0x000001e53f030000]
 total_blobs=9523 nmethods=8848 adapters=600
 compilation: enabled
              stopped_count=0, restarted_count=0
 full_count=0

Compilation events (20 events):
Event: 2554.884 Thread 0x000001e54432c480 8839       1       java.time.Clock$SystemClock::millis (4 bytes)
Event: 2554.884 Thread 0x000001e54432c480 nmethod 8839 0x000001e53d0aa190 code [0x000001e53d0aa320, 0x000001e53d0aa3f8]
Event: 2564.879 Thread 0x000001e54432c480 8840       1       reactor.core.scheduler.BoundedElasticScheduler$$Lambda$675/0x00000001004c6478::run (8 bytes)
Event: 2564.879 Thread 0x000001e54432c480 nmethod 8840 0x000001e53d0a9e90 code [0x000001e53d0aa020, 0x000001e53d0aa108]
Event: 2564.879 Thread 0x000001e54432c480 8843       1       java.util.concurrent.ConcurrentLinkedDeque::toArrayInternal (141 bytes)
Event: 2564.879 Thread 0x000001e54432c480 nmethod 8843 0x000001e53d0a9310 code [0x000001e53d0a9500, 0x000001e53d0a9bd8]
Event: 2564.879 Thread 0x000001e54432c480 8841       1       reactor.core.scheduler.BoundedElasticScheduler$BoundedServices::eviction (90 bytes)
Event: 2564.881 Thread 0x000001e54432c480 nmethod 8841 0x000001e53d0a8b10 code [0x000001e53d0a8d00, 0x000001e53d0a9088]
Event: 2564.881 Thread 0x000001e54432c480 8842       1       java.util.concurrent.ConcurrentLinkedDeque::toArray (6 bytes)
Event: 2564.881 Thread 0x000001e54432c480 nmethod 8842 0x000001e53d0a8810 code [0x000001e53d0a89a0, 0x000001e53d0a8a88]
Event: 2581.093 Thread 0x000001e54432c480 8844       1       org.springframework.ide.vscode.commons.languageserver.util.ParentProcessWatcher::run (36 bytes)
Event: 2581.094 Thread 0x000001e54432c480 nmethod 8844 0x000001e53d0a8090 code [0x000001e53d0a8280, 0x000001e53d0a8598]
Event: 2581.094 Thread 0x000001e54432c480 8845   !   1       org.springframework.ide.vscode.commons.languageserver.util.ParentProcessWatcher::parentProcessStillRunning (413 bytes)
Event: 2581.097 Thread 0x000001e54432c480 nmethod 8845 0x000001e53d0a2690 code [0x000001e53d0a2ec0, 0x000001e53d0a6088]
Event: 2673.026 Thread 0x000001e54432c480 8846       1       org.eclipse.jdt.internal.compiler.lookup.Scope::getStaticFactory (1020 bytes)
Event: 2673.030 Thread 0x000001e54432c480 nmethod 8846 0x000001e53d09c090 code [0x000001e53d09c780, 0x000001e53d09f948]
Event: 2673.033 Thread 0x000001e54432c480 8847       1       org.eclipse.jdt.internal.compiler.lookup.ReferenceBinding::setHierarchyCheckDone (1 bytes)
Event: 2673.033 Thread 0x000001e54432c480 nmethod 8847 0x000001e53d09bd90 code [0x000001e53d09bf20, 0x000001e53d09bfd8]
Event: 2673.044 Thread 0x000001e54432c480 8848       1       org.eclipse.jdt.core.dom.DefaultCommentMapper::initialize (256 bytes)
Event: 2673.044 Thread 0x000001e54432c480 nmethod 8848 0x000001e53d09ad10 code [0x000001e53d09af40, 0x000001e53d09b9f8]

GC Heap History (20 events):
Event: 2611.556 GC heap before
{Heap before GC invocations=180 (full 142):
 garbage-first heap   total 102400K, used 36998K [0x00000000c0000000, 0x0000000100000000)
  region size 1024K, 1 young (1024K), 0 survivors (0K)
 Metaspace       used 59461K, committed 59904K, reserved 1114112K
  class space    used 7416K, committed 7616K, reserved 1048576K
}
Event: 2611.584 GC heap after
{Heap after GC invocations=181 (full 143):
 garbage-first heap   total 102400K, used 36997K [0x00000000c0000000, 0x0000000100000000)
  region size 1024K, 0 young (0K), 0 survivors (0K)
 Metaspace       used 59461K, committed 59904K, reserved 1114112K
  class space    used 7416K, committed 7616K, reserved 1048576K
}
Event: 2621.660 GC heap before
{Heap before GC invocations=181 (full 143):
 garbage-first heap   total 102400K, used 36997K [0x00000000c0000000, 0x0000000100000000)
  region size 1024K, 1 young (1024K), 0 survivors (0K)
 Metaspace       used 59461K, committed 59904K, reserved 1114112K
  class space    used 7416K, committed 7616K, reserved 1048576K
}
Event: 2621.686 GC heap after
{Heap after GC invocations=182 (full 144):
 garbage-first heap   total 102400K, used 36997K [0x00000000c0000000, 0x0000000100000000)
  region size 1024K, 0 young (0K), 0 survivors (0K)
 Metaspace       used 59461K, committed 59904K, reserved 1114112K
  class space    used 7416K, committed 7616K, reserved 1048576K
}
Event: 2631.768 GC heap before
{Heap before GC invocations=182 (full 144):
 garbage-first heap   total 102400K, used 36997K [0x00000000c0000000, 0x0000000100000000)
  region size 1024K, 1 young (1024K), 0 survivors (0K)
 Metaspace       used 59461K, committed 59904K, reserved 1114112K
  class space    used 7416K, committed 7616K, reserved 1048576K
}
Event: 2631.801 GC heap after
{Heap after GC invocations=183 (full 145):
 garbage-first heap   total 102400K, used 36997K [0x00000000c0000000, 0x0000000100000000)
  region size 1024K, 0 young (0K), 0 survivors (0K)
 Metaspace       used 59461K, committed 59904K, reserved 1114112K
  class space    used 7416K, committed 7616K, reserved 1048576K
}
Event: 2641.880 GC heap before
{Heap before GC invocations=183 (full 145):
 garbage-first heap   total 102400K, used 36997K [0x00000000c0000000, 0x0000000100000000)
  region size 1024K, 1 young (1024K), 0 survivors (0K)
 Metaspace       used 59461K, committed 59904K, reserved 1114112K
  class space    used 7416K, committed 7616K, reserved 1048576K
}
Event: 2641.908 GC heap after
{Heap after GC invocations=184 (full 146):
 garbage-first heap   total 102400K, used 36997K [0x00000000c0000000, 0x0000000100000000)
  region size 1024K, 0 young (0K), 0 survivors (0K)
 Metaspace       used 59461K, committed 59904K, reserved 1114112K
  class space    used 7416K, committed 7616K, reserved 1048576K
}
Event: 2651.977 GC heap before
{Heap before GC invocations=184 (full 146):
 garbage-first heap   total 102400K, used 36997K [0x00000000c0000000, 0x0000000100000000)
  region size 1024K, 1 young (1024K), 0 survivors (0K)
 Metaspace       used 59461K, committed 59904K, reserved 1114112K
  class space    used 7416K, committed 7616K, reserved 1048576K
}
Event: 2652.004 GC heap after
{Heap after GC invocations=185 (full 147):
 garbage-first heap   total 102400K, used 36997K [0x00000000c0000000, 0x0000000100000000)
  region size 1024K, 0 young (0K), 0 survivors (0K)
 Metaspace       used 59461K, committed 59904K, reserved 1114112K
  class space    used 7416K, committed 7616K, reserved 1048576K
}
Event: 2662.081 GC heap before
{Heap before GC invocations=185 (full 147):
 garbage-first heap   total 102400K, used 36997K [0x00000000c0000000, 0x0000000100000000)
  region size 1024K, 1 young (1024K), 0 survivors (0K)
 Metaspace       used 59461K, committed 59904K, reserved 1114112K
  class space    used 7416K, committed 7616K, reserved 1048576K
}
Event: 2662.108 GC heap after
{Heap after GC invocations=186 (full 148):
 garbage-first heap   total 102400K, used 36997K [0x00000000c0000000, 0x0000000100000000)
  region size 1024K, 0 young (0K), 0 survivors (0K)
 Metaspace       used 59461K, committed 59904K, reserved 1114112K
  class space    used 7416K, committed 7616K, reserved 1048576K
}
Event: 2672.189 GC heap before
{Heap before GC invocations=186 (full 148):
 garbage-first heap   total 102400K, used 36997K [0x00000000c0000000, 0x0000000100000000)
  region size 1024K, 1 young (1024K), 0 survivors (0K)
 Metaspace       used 59461K, committed 59904K, reserved 1114112K
  class space    used 7416K, committed 7616K, reserved 1048576K
}
Event: 2672.215 GC heap after
{Heap after GC invocations=187 (full 149):
 garbage-first heap   total 102400K, used 36997K [0x00000000c0000000, 0x0000000100000000)
  region size 1024K, 0 young (0K), 0 survivors (0K)
 Metaspace       used 59461K, committed 59904K, reserved 1114112K
  class space    used 7416K, committed 7616K, reserved 1048576K
}
Event: 2722.331 GC heap before
{Heap before GC invocations=187 (full 149):
 garbage-first heap   total 102400K, used 46213K [0x00000000c0000000, 0x0000000100000000)
  region size 1024K, 10 young (10240K), 0 survivors (0K)
 Metaspace       used 59461K, committed 59904K, reserved 1114112K
  class space    used 7416K, committed 7616K, reserved 1048576K
}
Event: 2722.363 GC heap after
{Heap after GC invocations=188 (full 150):
 garbage-first heap   total 102400K, used 36380K [0x00000000c0000000, 0x0000000100000000)
  region size 1024K, 0 young (0K), 0 survivors (0K)
 Metaspace       used 59461K, committed 59904K, reserved 1114112K
  class space    used 7416K, committed 7616K, reserved 1048576K
}
Event: 2732.424 GC heap before
{Heap before GC invocations=188 (full 150):
 garbage-first heap   total 102400K, used 36380K [0x00000000c0000000, 0x0000000100000000)
  region size 1024K, 1 young (1024K), 0 survivors (0K)
 Metaspace       used 59461K, committed 59904K, reserved 1114112K
  class space    used 7416K, committed 7616K, reserved 1048576K
}
Event: 2732.448 GC heap after
{Heap after GC invocations=189 (full 151):
 garbage-first heap   total 102400K, used 36380K [0x00000000c0000000, 0x0000000100000000)
  region size 1024K, 0 young (0K), 0 survivors (0K)
 Metaspace       used 59461K, committed 59904K, reserved 1114112K
  class space    used 7416K, committed 7616K, reserved 1048576K
}
Event: 2742.614 GC heap before
{Heap before GC invocations=189 (full 151):
 garbage-first heap   total 102400K, used 36380K [0x00000000c0000000, 0x0000000100000000)
  region size 1024K, 1 young (1024K), 0 survivors (0K)
 Metaspace       used 59461K, committed 59904K, reserved 1114112K
  class space    used 7416K, committed 7616K, reserved 1048576K
}
Event: 2742.657 GC heap after
{Heap after GC invocations=190 (full 152):
 garbage-first heap   total 102400K, used 36380K [0x00000000c0000000, 0x0000000100000000)
  region size 1024K, 0 young (0K), 0 survivors (0K)
 Metaspace       used 59461K, committed 59904K, reserved 1114112K
  class space    used 7416K, committed 7616K, reserved 1048576K
}

Dll operation events (10 events):
Event: 0.063 Loaded shared library c:\Users\Admin\.vscode\extensions\redhat.java-1.30.0-win32-x64\jre\17.0.10-win32-x86_64\bin\java.dll
Event: 0.947 Loaded shared library C:\Users\Admin\.vscode\extensions\redhat.java-1.30.0-win32-x64\jre\17.0.10-win32-x86_64\bin\net.dll
Event: 0.963 Loaded shared library C:\Users\Admin\.vscode\extensions\redhat.java-1.30.0-win32-x64\jre\17.0.10-win32-x86_64\bin\nio.dll
Event: 0.976 Loaded shared library C:\Users\Admin\.vscode\extensions\redhat.java-1.30.0-win32-x64\jre\17.0.10-win32-x86_64\bin\zip.dll
Event: 1.697 Loaded shared library C:\Users\Admin\.vscode\extensions\redhat.java-1.30.0-win32-x64\jre\17.0.10-win32-x86_64\bin\jimage.dll
Event: 3.597 Loaded shared library c:\Users\Admin\.vscode\extensions\redhat.java-1.30.0-win32-x64\jre\17.0.10-win32-x86_64\bin\verify.dll
Event: 4.928 Loaded shared library C:\Users\Admin\.vscode\extensions\redhat.java-1.30.0-win32-x64\jre\17.0.10-win32-x86_64\bin\management.dll
Event: 4.932 Loaded shared library C:\Users\Admin\.vscode\extensions\redhat.java-1.30.0-win32-x64\jre\17.0.10-win32-x86_64\bin\management_ext.dll
Event: 6.268 Loaded shared library C:\Users\Admin\.vscode\extensions\redhat.java-1.30.0-win32-x64\jre\17.0.10-win32-x86_64\bin\sunmscapi.dll
Event: 6.475 Loaded shared library C:\Users\Admin\.vscode\extensions\redhat.java-1.30.0-win32-x64\jre\17.0.10-win32-x86_64\bin\extnet.dll

Deoptimization events (20 events):
Event: 57.657 Thread 0x000001e549eb4e20 DEOPT PACKING pc=0x000001e53c8ca60c sp=0x000000c0d7cfe070
Event: 57.657 Thread 0x000001e549eb4e20 DEOPT UNPACKING pc=0x000001e53c08ace3 sp=0x000000c0d7cfd5d8 mode 0
Event: 57.657 Thread 0x000001e549eb4e20 DEOPT PACKING pc=0x000001e53cac774c sp=0x000000c0d7cfe1a0
Event: 57.657 Thread 0x000001e549eb4e20 DEOPT UNPACKING pc=0x000001e53c08ace3 sp=0x000000c0d7cfd680 mode 0
Event: 57.657 Thread 0x000001e549eb4e20 DEOPT PACKING pc=0x000001e53c8ca60c sp=0x000000c0d7cfe2d0
Event: 57.657 Thread 0x000001e549eb4e20 DEOPT UNPACKING pc=0x000001e53c08ace3 sp=0x000000c0d7cfd838 mode 0
Event: 57.657 Thread 0x000001e549eb4e20 DEOPT PACKING pc=0x000001e53cac774c sp=0x000000c0d7cfe400
Event: 57.657 Thread 0x000001e549eb4e20 DEOPT UNPACKING pc=0x000001e53c08ace3 sp=0x000000c0d7cfd8f8 mode 0
Event: 57.666 Thread 0x000001e549eb4e20 DEOPT PACKING pc=0x000001e53c8ca60c sp=0x000000c0d7cfe770
Event: 57.667 Thread 0x000001e549eb4e20 DEOPT UNPACKING pc=0x000001e53c08ace3 sp=0x000000c0d7cfdcd8 mode 0
Event: 57.667 Thread 0x000001e549eb4e20 DEOPT PACKING pc=0x000001e53cac774c sp=0x000000c0d7cfe8a0
Event: 57.667 Thread 0x000001e549eb4e20 DEOPT UNPACKING pc=0x000001e53c08ace3 sp=0x000000c0d7cfdd98 mode 0
Event: 102.206 Thread 0x000001e549eb39e0 DEOPT PACKING pc=0x000001e53c1c4b74 sp=0x000000c0d82fe1c0
Event: 102.206 Thread 0x000001e549eb39e0 DEOPT UNPACKING pc=0x000001e53c08ace3 sp=0x000000c0d82fd758 mode 0
Event: 123.424 Thread 0x000001e549eb39e0 DEOPT PACKING pc=0x000001e53c159904 sp=0x000000c0d82fde20
Event: 123.424 Thread 0x000001e549eb39e0 DEOPT UNPACKING pc=0x000001e53c08ace3 sp=0x000000c0d82fd298 mode 0
Event: 314.189 Thread 0x000001e549e5ec00 DEOPT PACKING pc=0x000001e53c6c43d4 sp=0x000000c0d75ff070
Event: 314.190 Thread 0x000001e549e5ec00 DEOPT UNPACKING pc=0x000001e53c08ace3 sp=0x000000c0d75fe4f8 mode 0
Event: 2452.710 Thread 0x000001e544d474e0 DEOPT PACKING pc=0x000001e53cd92334 sp=0x000000c0d53fe4b0
Event: 2452.710 Thread 0x000001e544d474e0 DEOPT UNPACKING pc=0x000001e53c08ace3 sp=0x000000c0d53fda00 mode 0

Classes unloaded (20 events):
Event: 1565.653 Thread 0x000001e5441df810 Unloading class 0x0000000100772400 'jdk/internal/reflect/GeneratedConstructorAccessor56'
Event: 1565.653 Thread 0x000001e5441df810 Unloading class 0x0000000100772000 'jdk/internal/reflect/GeneratedMethodAccessor27'
Event: 1565.653 Thread 0x000001e5441df810 Unloading class 0x0000000100771c00 'jdk/internal/reflect/GeneratedConstructorAccessor55'
Event: 1565.653 Thread 0x000001e5441df810 Unloading class 0x0000000100771800 'jdk/internal/reflect/GeneratedMethodAccessor26'
Event: 1565.653 Thread 0x000001e5441df810 Unloading class 0x0000000100771400 'jdk/internal/reflect/GeneratedMethodAccessor25'
Event: 1565.653 Thread 0x000001e5441df810 Unloading class 0x0000000100771000 'jdk/internal/reflect/GeneratedMethodAccessor24'
Event: 1887.064 Thread 0x000001e5441df810 Unloading class 0x00000001003b0400 'jdk/internal/reflect/GeneratedMethodAccessor33'
Event: 1887.064 Thread 0x000001e5441df810 Unloading class 0x000000010008c000 'jdk/internal/reflect/GeneratedConstructorAccessor58'
Event: 1887.064 Thread 0x000001e5441df810 Unloading class 0x000000010008bc00 'jdk/internal/reflect/GeneratedMethodAccessor32'
Event: 1887.064 Thread 0x000001e5441df810 Unloading class 0x000000010008ac00 'jdk/internal/reflect/GeneratedConstructorAccessor57'
Event: 1887.064 Thread 0x000001e5441df810 Unloading class 0x0000000100089400 'jdk/internal/reflect/GeneratedMethodAccessor31'
Event: 1887.064 Thread 0x000001e5441df810 Unloading class 0x0000000100088c00 'jdk/internal/reflect/GeneratedMethodAccessor30'
Event: 1887.064 Thread 0x000001e5441df810 Unloading class 0x0000000100088400 'jdk/internal/reflect/GeneratedMethodAccessor29'
Event: 2591.365 Thread 0x000001e5441df810 Unloading class 0x00000001003a1400 'jdk/internal/reflect/GeneratedMethodAccessor39'
Event: 2591.365 Thread 0x000001e5441df810 Unloading class 0x00000001003a2000 'jdk/internal/reflect/GeneratedConstructorAccessor61'
Event: 2591.365 Thread 0x000001e5441df810 Unloading class 0x0000000100088400 'jdk/internal/reflect/GeneratedMethodAccessor38'
Event: 2591.365 Thread 0x000001e5441df810 Unloading class 0x0000000100088c00 'jdk/internal/reflect/GeneratedConstructorAccessor60'
Event: 2591.365 Thread 0x000001e5441df810 Unloading class 0x0000000100089400 'jdk/internal/reflect/GeneratedMethodAccessor37'
Event: 2591.365 Thread 0x000001e5441df810 Unloading class 0x000000010008ac00 'jdk/internal/reflect/GeneratedMethodAccessor36'
Event: 2591.365 Thread 0x000001e5441df810 Unloading class 0x000000010008bc00 'jdk/internal/reflect/GeneratedMethodAccessor35'

Classes redefined (0 events):
No events

Internal exceptions (20 events):
Event: 156.910 Thread 0x000001e549eb4e20 Exception <a 'sun/nio/fs/WindowsException'{0x00000000c6b623f8}> (0x00000000c6b623f8) 
thrown [s\src\hotspot\share\prims\jni.cpp, line 516]
Event: 194.933 Thread 0x000001e549daa880 Exception <a 'java/lang/NoSuchMethodError'{0x00000000c6b89e80}: 'void java.lang.invoke.DirectMethodHandle$Holder.invokeStatic(java.lang.Object, long)'> (0x00000000c6b89e80) 
thrown [s\src\hotspot\share\interpreter\linkResolver.cpp, line 759]
Event: 194.933 Thread 0x000001e549daa880 Exception <a 'java/lang/NoSuchMethodError'{0x00000000c6b8f320}: 'java.lang.Object java.lang.invoke.DirectMethodHandle$Holder.newInvokeSpecial(java.lang.Object, long)'> (0x00000000c6b8f320) 
thrown [s\src\hotspot\share\interpreter\linkResolver.cpp, line 759]
Event: 307.973 Thread 0x000001e544d45170 Exception <a 'java/io/IOException'{0x00000000c7d7d0e8}> (0x00000000c7d7d0e8) 
thrown [s\src\hotspot\share\prims\jni.cpp, line 516]
Event: 308.245 Thread 0x000001e544d45680 Exception <a 'java/io/IOException'{0x00000000c7d8a1a0}> (0x00000000c7d8a1a0) 
thrown [s\src\hotspot\share\prims\jni.cpp, line 516]
Event: 309.188 Thread 0x000001e544d42e00 Exception <a 'java/io/IOException'{0x00000000c7d95678}> (0x00000000c7d95678) 
thrown [s\src\hotspot\share\prims\jni.cpp, line 516]
Event: 355.376 Thread 0x000001e549eb4e20 Exception <a 'sun/nio/fs/WindowsException'{0x00000000c5a55708}> (0x00000000c5a55708) 
thrown [s\src\hotspot\share\prims\jni.cpp, line 516]
Event: 355.376 Thread 0x000001e549eb4e20 Exception <a 'sun/nio/fs/WindowsException'{0x00000000c5a56208}> (0x00000000c5a56208) 
thrown [s\src\hotspot\share\prims\jni.cpp, line 516]
Event: 355.376 Thread 0x000001e549eb4e20 Exception <a 'sun/nio/fs/WindowsException'{0x00000000c5a56cc8}> (0x00000000c5a56cc8) 
thrown [s\src\hotspot\share\prims\jni.cpp, line 516]
Event: 355.376 Thread 0x000001e549eb4e20 Exception <a 'sun/nio/fs/WindowsException'{0x00000000c5a577c8}> (0x00000000c5a577c8) 
thrown [s\src\hotspot\share\prims\jni.cpp, line 516]
Event: 355.376 Thread 0x000001e549eb4e20 Exception <a 'sun/nio/fs/WindowsException'{0x00000000c5a58390}> (0x00000000c5a58390) 
thrown [s\src\hotspot\share\prims\jni.cpp, line 516]
Event: 355.376 Thread 0x000001e549eb4e20 Exception <a 'sun/nio/fs/WindowsException'{0x00000000c5a58ff8}> (0x00000000c5a58ff8) 
thrown [s\src\hotspot\share\prims\jni.cpp, line 516]
Event: 357.676 Thread 0x000001e549eb4e20 Exception <a 'sun/nio/fs/WindowsException'{0x00000000c5729078}> (0x00000000c5729078) 
thrown [s\src\hotspot\share\prims\jni.cpp, line 516]
Event: 357.676 Thread 0x000001e549eb4e20 Exception <a 'sun/nio/fs/WindowsException'{0x00000000c5729b78}> (0x00000000c5729b78) 
thrown [s\src\hotspot\share\prims\jni.cpp, line 516]
Event: 357.676 Thread 0x000001e549eb4e20 Exception <a 'sun/nio/fs/WindowsException'{0x00000000c572a638}> (0x00000000c572a638) 
thrown [s\src\hotspot\share\prims\jni.cpp, line 516]
Event: 357.676 Thread 0x000001e549eb4e20 Exception <a 'sun/nio/fs/WindowsException'{0x00000000c572b138}> (0x00000000c572b138) 
thrown [s\src\hotspot\share\prims\jni.cpp, line 516]
Event: 357.676 Thread 0x000001e549eb4e20 Exception <a 'sun/nio/fs/WindowsException'{0x00000000c572bd00}> (0x00000000c572bd00) 
thrown [s\src\hotspot\share\prims\jni.cpp, line 516]
Event: 357.676 Thread 0x000001e549eb4e20 Exception <a 'sun/nio/fs/WindowsException'{0x00000000c572c968}> (0x00000000c572c968) 
thrown [s\src\hotspot\share\prims\jni.cpp, line 516]
Event: 1227.258 Thread 0x000001e544d41ed0 Exception <a 'java/lang/NoSuchMethodError'{0x00000000c4429d00}: 'java.lang.Object java.lang.invoke.DirectMethodHandle$Holder.newInvokeSpecial(java.lang.Object, java.lang.Object, int, java.lang.Object)'> (0x00000000c4429d00) 
thrown [s\src\hotspot\share\interpreter\linkResolver.cpp, line 759]
Event: 1227.258 Thread 0x000001e544d41ed0 Exception <a 'java/lang/NoSuchMethodError'{0x00000000c442d620}: 'java.lang.Object java.lang.invoke.Invokers$Holder.linkToTargetMethod(java.lang.Object, int, java.lang.Object, java.lang.Object)'> (0x00000000c442d620) 
thrown [s\src\hotspot\share\interpreter\linkResolver.cpp, line 759]

VM Operations (20 events):
Event: 2621.686 Executing VM operation: G1CollectFull done
Event: 2631.767 Executing VM operation: G1CollectFull
Event: 2631.801 Executing VM operation: G1CollectFull done
Event: 2641.880 Executing VM operation: G1CollectFull
Event: 2641.908 Executing VM operation: G1CollectFull done
Event: 2651.977 Executing VM operation: G1CollectFull
Event: 2652.004 Executing VM operation: G1CollectFull done
Event: 2662.080 Executing VM operation: G1CollectFull
Event: 2662.108 Executing VM operation: G1CollectFull done
Event: 2672.189 Executing VM operation: G1CollectFull
Event: 2672.215 Executing VM operation: G1CollectFull done
Event: 2673.226 Executing VM operation: Cleanup
Event: 2673.226 Executing VM operation: Cleanup done
Event: 2722.331 Executing VM operation: G1CollectFull
Event: 2722.363 Executing VM operation: G1CollectFull done
Event: 2732.424 Executing VM operation: G1CollectFull
Event: 2732.449 Executing VM operation: G1CollectFull done
Event: 2742.614 Executing VM operation: G1CollectFull
Event: 2742.657 Executing VM operation: G1CollectFull done
Event: 2752.687 Executing VM operation: G1CollectFull

Events (20 events):
Event: 2452.707 loading class java/util/Spliterators$IntArraySpliterator done
Event: 2452.707 loading class java/util/stream/Nodes$IntSpinedNodeBuilder
Event: 2452.707 loading class java/util/stream/SpinedBuffer$OfInt
Event: 2452.707 loading class java/util/stream/SpinedBuffer$OfPrimitive
Event: 2452.708 loading class java/util/stream/SpinedBuffer$OfPrimitive done
Event: 2452.708 loading class java/util/stream/SpinedBuffer$OfInt done
Event: 2452.708 loading class java/util/stream/Nodes$IntSpinedNodeBuilder done
Event: 2456.420 Thread 0x000001e54ad283f0 Thread exited: 0x000001e54ad283f0
Event: 2519.256 Thread 0x000001e544d40070 Thread exited: 0x000001e544d40070
Event: 2519.852 Thread 0x000001e544d474e0 Thread exited: 0x000001e544d474e0
Event: 2524.628 Thread 0x000001e544d414b0 Thread exited: 0x000001e544d414b0
Event: 2528.249 Thread 0x000001e544d43d30 Thread added: 0x000001e544d43d30
Event: 2528.250 Thread 0x000001e544d43820 Thread added: 0x000001e544d43820
Event: 2592.928 Thread 0x000001e544d43820 Thread exited: 0x000001e544d43820
Event: 2593.651 Thread 0x000001e544d43d30 Thread exited: 0x000001e544d43d30
Event: 2610.099 Thread 0x000001e544d45170 Thread exited: 0x000001e544d45170
Event: 2673.011 Thread 0x000001e544d460a0 Thread added: 0x000001e544d460a0
Event: 2673.012 Thread 0x000001e544d43310 Thread added: 0x000001e544d43310
Event: 2733.056 Thread 0x000001e544d43310 Thread exited: 0x000001e544d43310
Event: 2752.093 Thread 0x000001e544d460a0 Thread exited: 0x000001e544d460a0


Dynamic libraries:
0x00007ff6866d0000 - 0x00007ff6866de000 	c:\Users\Admin\.vscode\extensions\redhat.java-1.30.0-win32-x64\jre\17.0.10-win32-x86_64\bin\java.exe
0x00007ffa7b2f0000 - 0x00007ffa7b507000 	C:\WINDOWS\SYSTEM32\ntdll.dll
0x00007ffa7abb0000 - 0x00007ffa7ac74000 	C:\WINDOWS\System32\KERNEL32.DLL
0x00007ffa78800000 - 0x00007ffa78ba7000 	C:\WINDOWS\System32\KERNELBASE.dll
0x00007ffa78610000 - 0x00007ffa78721000 	C:\WINDOWS\System32\ucrtbase.dll
0x00007ffa60ff0000 - 0x00007ffa6100b000 	c:\Users\Admin\.vscode\extensions\redhat.java-1.30.0-win32-x64\jre\17.0.10-win32-x86_64\bin\VCRUNTIME140.dll
0x00007ffa614b0000 - 0x00007ffa614c7000 	c:\Users\Admin\.vscode\extensions\redhat.java-1.30.0-win32-x64\jre\17.0.10-win32-x86_64\bin\jli.dll
0x00007ffa7ae60000 - 0x00007ffa7b00e000 	C:\WINDOWS\System32\USER32.dll
0x00007ffa787d0000 - 0x00007ffa787f6000 	C:\WINDOWS\System32\win32u.dll
0x00007ffa79b50000 - 0x00007ffa79b79000 	C:\WINDOWS\System32\GDI32.dll
0x00007ffa78f00000 - 0x00007ffa79019000 	C:\WINDOWS\System32\gdi32full.dll
0x00007ffa5e090000 - 0x00007ffa5e323000 	C:\WINDOWS\WinSxS\amd64_microsoft.windows.common-controls_6595b64144ccf1df_6.0.22621.3527_none_270e469b73872a76\COMCTL32.dll
0x00007ffa79240000 - 0x00007ffa792e7000 	C:\WINDOWS\System32\msvcrt.dll
0x00007ffa78da0000 - 0x00007ffa78e3a000 	C:\WINDOWS\System32\msvcp_win.dll
0x00007ffa7a170000 - 0x00007ffa7a1a1000 	C:\WINDOWS\System32\IMM32.DLL
0x00007ffa62580000 - 0x00007ffa6258c000 	c:\Users\Admin\.vscode\extensions\redhat.java-1.30.0-win32-x64\jre\17.0.10-win32-x86_64\bin\vcruntime140_1.dll
0x00007ffa461b0000 - 0x00007ffa4623d000 	c:\Users\Admin\.vscode\extensions\redhat.java-1.30.0-win32-x64\jre\17.0.10-win32-x86_64\bin\msvcp140.dll
0x00007ff9ebe80000 - 0x00007ff9ecae2000 	c:\Users\Admin\.vscode\extensions\redhat.java-1.30.0-win32-x64\jre\17.0.10-win32-x86_64\bin\server\jvm.dll
0x00007ffa7b180000 - 0x00007ffa7b232000 	C:\WINDOWS\System32\ADVAPI32.dll
0x00007ffa7a4d0000 - 0x00007ffa7a578000 	C:\WINDOWS\System32\sechost.dll
0x00007ffa78730000 - 0x00007ffa78758000 	C:\WINDOWS\System32\bcrypt.dll
0x00007ffa7a610000 - 0x00007ffa7a725000 	C:\WINDOWS\System32\RPCRT4.dll
0x00007ffa77ea0000 - 0x00007ffa77eed000 	C:\WINDOWS\SYSTEM32\POWRPROF.dll
0x00007ffa5a610000 - 0x00007ffa5a619000 	C:\WINDOWS\SYSTEM32\WSOCK32.dll
0x00007ffa7ac80000 - 0x00007ffa7acf1000 	C:\WINDOWS\System32\WS2_32.dll
0x00007ffa6f9d0000 - 0x00007ffa6fa04000 	C:\WINDOWS\SYSTEM32\WINMM.dll
0x00007ffa6a230000 - 0x00007ffa6a23a000 	C:\WINDOWS\SYSTEM32\VERSION.dll
0x00007ffa77e80000 - 0x00007ffa77e93000 	C:\WINDOWS\SYSTEM32\UMPDC.dll
0x00007ffa77630000 - 0x00007ffa77648000 	C:\WINDOWS\SYSTEM32\kernel.appcore.dll
0x00007ffa60e60000 - 0x00007ffa60e6a000 	c:\Users\Admin\.vscode\extensions\redhat.java-1.30.0-win32-x64\jre\17.0.10-win32-x86_64\bin\jimage.dll
0x00007ffa75f10000 - 0x00007ffa76142000 	C:\WINDOWS\SYSTEM32\DBGHELP.DLL
0x00007ffa79dc0000 - 0x00007ffa7a148000 	C:\WINDOWS\System32\combase.dll
0x00007ffa7b010000 - 0x00007ffa7b0e7000 	C:\WINDOWS\System32\OLEAUT32.dll
0x00007ffa5f750000 - 0x00007ffa5f782000 	C:\WINDOWS\SYSTEM32\dbgcore.DLL
0x00007ffa78d20000 - 0x00007ffa78d99000 	C:\WINDOWS\System32\bcryptPrimitives.dll
0x00007ffa596b0000 - 0x00007ffa596d5000 	c:\Users\Admin\.vscode\extensions\redhat.java-1.30.0-win32-x64\jre\17.0.10-win32-x86_64\bin\java.dll
0x00007ffa5a620000 - 0x00007ffa5a638000 	c:\Users\Admin\.vscode\extensions\redhat.java-1.30.0-win32-x64\jre\17.0.10-win32-x86_64\bin\zip.dll
0x00007ffa792f0000 - 0x00007ffa79b4c000 	C:\WINDOWS\System32\SHELL32.dll
0x00007ffa76550000 - 0x00007ffa76e46000 	C:\WINDOWS\SYSTEM32\windows.storage.dll
0x00007ffa76410000 - 0x00007ffa7654e000 	C:\WINDOWS\SYSTEM32\wintypes.dll
0x00007ffa79ca0000 - 0x00007ffa79d95000 	C:\WINDOWS\System32\SHCORE.dll
0x00007ffa791e0000 - 0x00007ffa7923e000 	C:\WINDOWS\System32\shlwapi.dll
0x00007ffa78540000 - 0x00007ffa78561000 	C:\WINDOWS\SYSTEM32\profapi.dll
0x00007ffa59120000 - 0x00007ffa59139000 	C:\Users\Admin\.vscode\extensions\redhat.java-1.30.0-win32-x64\jre\17.0.10-win32-x86_64\bin\net.dll
0x00007ffa719c0000 - 0x00007ffa71af6000 	C:\WINDOWS\SYSTEM32\WINHTTP.dll
0x00007ffa77aa0000 - 0x00007ffa77b09000 	C:\WINDOWS\system32\mswsock.dll
0x00007ffa59100000 - 0x00007ffa59116000 	C:\Users\Admin\.vscode\extensions\redhat.java-1.30.0-win32-x64\jre\17.0.10-win32-x86_64\bin\nio.dll
0x00007ffa61e30000 - 0x00007ffa61e40000 	c:\Users\Admin\.vscode\extensions\redhat.java-1.30.0-win32-x64\jre\17.0.10-win32-x86_64\bin\verify.dll
0x00007ffa77d00000 - 0x00007ffa77d1b000 	C:\WINDOWS\SYSTEM32\CRYPTSP.dll
0x00007ffa77590000 - 0x00007ffa775c5000 	C:\WINDOWS\system32\rsaenh.dll
0x00007ffa77ba0000 - 0x00007ffa77bc8000 	C:\WINDOWS\SYSTEM32\USERENV.dll
0x00007ffa77d20000 - 0x00007ffa77d2c000 	C:\WINDOWS\SYSTEM32\CRYPTBASE.dll
0x00007ffa770a0000 - 0x00007ffa770cd000 	C:\WINDOWS\SYSTEM32\IPHLPAPI.DLL
0x00007ffa79c90000 - 0x00007ffa79c99000 	C:\WINDOWS\System32\NSI.dll
0x00007ffa6f980000 - 0x00007ffa6f999000 	C:\WINDOWS\SYSTEM32\dhcpcsvc6.DLL
0x00007ffa6f960000 - 0x00007ffa6f97f000 	C:\WINDOWS\SYSTEM32\dhcpcsvc.DLL
0x00007ffa770d0000 - 0x00007ffa771c8000 	C:\WINDOWS\SYSTEM32\DNSAPI.dll
0x00007ffa61e20000 - 0x00007ffa61e29000 	C:\Users\Admin\.vscode\extensions\redhat.java-1.30.0-win32-x64\jre\17.0.10-win32-x86_64\bin\management.dll
0x00007ffa61e10000 - 0x00007ffa61e1b000 	C:\Users\Admin\.vscode\extensions\redhat.java-1.30.0-win32-x64\jre\17.0.10-win32-x86_64\bin\management_ext.dll
0x00007ffa7a1b0000 - 0x00007ffa7a1b8000 	C:\WINDOWS\System32\PSAPI.DLL
0x00007ffa61d80000 - 0x00007ffa61d8e000 	C:\Users\Admin\.vscode\extensions\redhat.java-1.30.0-win32-x64\jre\17.0.10-win32-x86_64\bin\sunmscapi.dll
0x00007ffa78bb0000 - 0x00007ffa78d18000 	C:\WINDOWS\System32\CRYPT32.dll
0x00007ffa77f90000 - 0x00007ffa77fbe000 	C:\WINDOWS\SYSTEM32\ncrypt.dll
0x00007ffa77f50000 - 0x00007ffa77f87000 	C:\WINDOWS\SYSTEM32\NTASN1.dll
0x00007ffa6e490000 - 0x00007ffa6e49a000 	C:\Windows\System32\rasadhlp.dll
0x00007ffa69590000 - 0x00007ffa69613000 	C:\WINDOWS\System32\fwpuclnt.dll
0x00007ffa61e00000 - 0x00007ffa61e09000 	C:\Users\Admin\.vscode\extensions\redhat.java-1.30.0-win32-x64\jre\17.0.10-win32-x86_64\bin\extnet.dll

dbghelp: loaded successfully - version: 4.0.5 - missing functions: none
symbol engine: initialized successfully - sym options: 0x614 - pdb path: .;c:\Users\Admin\.vscode\extensions\redhat.java-1.30.0-win32-x64\jre\17.0.10-win32-x86_64\bin;C:\WINDOWS\SYSTEM32;C:\WINDOWS\WinSxS\amd64_microsoft.windows.common-controls_6595b64144ccf1df_6.0.22621.3527_none_270e469b73872a76;c:\Users\Admin\.vscode\extensions\redhat.java-1.30.0-win32-x64\jre\17.0.10-win32-x86_64\bin\server

VM Arguments:
jvm_args: -Xmx1024m -Dsts.lsp.client=vscode -Dsts.log.file=/dev/null -XX:TieredStopAtLevel=1 -Xlog:jni+resolve=off -Dspring.config.location=file:c:\Users\Admin\.vscode\extensions\vmware.vscode-spring-boot-1.54.0\language-server\BOOT-INF\classes\application.properties 
java_command: org.springframework.ide.vscode.boot.app.BootLanguageServerBootApp
java_class_path (initial): c:\Users\Admin\.vscode\extensions\vmware.vscode-spring-boot-1.54.0\language-server\BOOT-INF\classes;c:\Users\Admin\.vscode\extensions\vmware.vscode-spring-boot-1.54.0\language-server\BOOT-INF\lib\annotations-24.1.0.jar;c:\Users\Admin\.vscode\extensions\vmware.vscode-spring-boot-1.54.0\language-server\BOOT-INF\lib\antlr4-runtime-4.13.1.jar;c:\Users\Admin\.vscode\extensions\vmware.vscode-spring-boot-1.54.0\language-server\BOOT-INF\lib\asm-9.7.jar;c:\Users\Admin\.vscode\extensions\vmware.vscode-spring-boot-1.54.0\language-server\BOOT-INF\lib\asm-analysis-9.7.jar;c:\Users\Admin\.vscode\extensions\vmware.vscode-spring-boot-1.54.0\language-server\BOOT-INF\lib\asm-tree-9.7.jar;c:\Users\Admin\.vscode\extensions\vmware.vscode-spring-boot-1.54.0\language-server\BOOT-INF\lib\asm-util-9.7.jar;c:\Users\Admin\.vscode\extensions\vmware.vscode-spring-boot-1.54.0\language-server\BOOT-INF\lib\caffeine-3.1.8.jar;c:\Users\Admin\.vscode\extensions\vmware.vscode-spring-boot-1.54.0\language-server\BOOT-INF\lib\checker-qual-3.12.0.jar;c:\Users\Admin\.vscode\extensions\vmware.vscode-spring-boot-1.54.0\language-server\BOOT-INF\lib\classgraph-4.8.149.jar;c:\Users\Admin\.vscode\extensions\vmware.vscode-spring-boot-1.54.0\language-server\BOOT-INF\lib\commons-codec-1.16.1.jar;c:\Users\Admin\.vscode\extensions\vmware.vscode-spring-boot-1.54.0\language-server\BOOT-INF\lib\commons-compress-1.26.1.jar;c:\Users\Admin\.vscode\extensions\vmware.vscode-spring-boot-1.54.0\language-server\BOOT-INF\lib\commons-io-2.4.jar;c:\Users\Admin\.vscode\extensions\vmware.vscode-spring-boot-1.54.0\language-server\BOOT-INF\lib\commons-java-1.54.0-SNAPSHOT.jar;c:\Users\Admin\.vscode\extensions\vmware.vscode-spring-boot-1.54.0\language-server\BOOT-INF\lib\commons-lang3-3.13.0.jar;c:\Users\Admin\.vscode\extensions\vmware.vscode-spring-boot-1.54.0\language-server\BOOT-INF\lib\commons-language-server-1.54.0-SNAPSHOT.jar;c:\Users\Admin\.vscode\extensions\vmware.vscode-spring-boot-1.54.0\language
Launcher Type: SUN_STANDARD

[Global flags]
     intx CICompilerCount                          = 4                                         {product} {ergonomic}
     uint ConcGCThreads                            = 2                                         {product} {ergonomic}
     uint G1ConcRefinementThreads                  = 8                                         {product} {ergonomic}
   size_t G1HeapRegionSize                         = 1048576                                   {product} {ergonomic}
    uintx GCDrainStackTargetSize                   = 64                                        {product} {ergonomic}
   size_t InitialHeapSize                          = 132120576                                 {product} {ergonomic}
   size_t MarkStackSize                            = 4194304                                   {product} {ergonomic}
   size_t MaxHeapSize                              = 1073741824                                {product} {command line}
   size_t MaxNewSize                               = 643825664                                 {product} {ergonomic}
   size_t MinHeapDeltaBytes                        = 1048576                                   {product} {ergonomic}
   size_t MinHeapSize                              = 8388608                                   {product} {ergonomic}
    uintx NonProfiledCodeHeapSize                  = 0                                      {pd product} {ergonomic}
     bool ProfileInterpreter                       = false                                  {pd product} {command line}
    uintx ProfiledCodeHeapSize                     = 0                                      {pd product} {ergonomic}
   size_t SoftMaxHeapSize                          = 1073741824                             {manageable} {ergonomic}
     intx TieredStopAtLevel                        = 1                                         {product} {command line}
     bool UseCompressedClassPointers               = true                           {product lp64_product} {ergonomic}
     bool UseCompressedOops                        = true                           {product lp64_product} {ergonomic}
     bool UseG1GC                                  = true                                      {product} {ergonomic}
     bool UseLargePagesIndividualAllocation        = false                                  {pd product} {ergonomic}

Logging:
Log output configuration:
 #0: stdout all=warning,jni+resolve=off uptime,level,tags
 #1: stderr all=off uptime,level,tags

Environment Variables:
JAVA_HOME=C:\Program Files\Java\jdk-17
PATH=C:\Program Files\Common Files\Oracle\Java\javapath;C:\Program Files (x86)\Common Files\Oracle\Java\javapath;C:\Program Files (x86)\VMware\VMware Workstation\bin\;C:\WINDOWS\system32;C:\WINDOWS;C:\WINDOWS\System32\Wbem;C:\WINDOWS\System32\WindowsPowerShell\v1.0\;C:\WINDOWS\System32\OpenSSH\;C:\Program Files (x86)\Microsoft SQL Server\160\Tools\Binn\;C:\Program Files\Microsoft SQL Server\160\Tools\Binn\;C:\Program Files\Microsoft SQL Server\Client SDK\ODBC\170\Tools\Binn\;C:\Program Files\Microsoft SQL Server\160\DTS\Binn\;C:\Program Files\Azure Data Studio\bin;C:\Program Files (x86)\Microsoft SQL Server\160\DTS\Binn\;C:\Program Files\Microsoft SQL Server\130\Tools\Binn\;C:\Program Files\Microsoft SQL Server\150\Tools\Binn\;C:\Program Files\Git\cmd;C:\Program Files\dotnet\;C:\Program Files\nodejs\;D:\download\apache-maven-3.9.6\bin;C:\Program Files\Java\jdk1.8.0_341\;C:\Users\Admin\AppData\Local\Microsoft\WindowsApps;C:\Program Files\Azure Data Studio\bin;C:\Users\Admin\.dotnet\tools;C:\Users\Admin\AppData\Local\gitkraken\bin;C:\Users\Admin\.dotnet\tools;C:\Users\Admin\AppData\Local\Programs\Microsoft VS Code\bin;C:\Users\Admin\AppData\Roaming\npm;C:\Program Files\Java\jdk-17\bin;C:\Users\Admin\Desktop\CNDLL\spark-3.5.0-bin-hadoop3\bin;C:\Users\Admin\Desktop\CNDLL\spark-3.5.0-bin-hadoop3\bin\bin;C:\Users\Admin\AppData\Local\GitHubDesktop\bin
USERNAME=Admin
OS=Windows_NT
PROCESSOR_IDENTIFIER=Intel64 Family 6 Model 140 Stepping 1, GenuineIntel
TMP=C:\Users\Admin\AppData\Local\Temp
TEMP=C:\Users\Admin\AppData\Local\Temp



Periodic native trim disabled


---------------  S Y S T E M  ---------------

OS:
 Windows 11 , 64 bit Build 22621 (10.0.22621.3527)
OS uptime: 0 days 0:52 hours

CPU: total 8 (initial active 8) (4 cores per cpu, 2 threads per core) family 6 model 140 stepping 1 microcode 0x8a, cx8, cmov, fxsr, ht, mmx, 3dnowpref, sse, sse2, sse3, ssse3, sse4.1, sse4.2, popcnt, lzcnt, tsc, tscinvbit, avx, avx2, aes, erms, clmul, bmi1, bmi2, adx, avx512f, avx512dq, avx512cd, avx512bw, avx512vl, sha, fma, vzeroupper, avx512_vpopcntdq, avx512_vpclmulqdq, avx512_vaes, avx512_vnni, clflush, clflushopt, clwb, avx512_vbmi2, avx512_vbmi
Processor Information for all 8 processors :
  Max Mhz: 2419, Current Mhz: 2419, Mhz Limit: 2419

Memory: 4k page, system-wide physical 7975M (382M free)
TotalPageFile size 11975M (AvailPageFile size 4M)
current process WorkingSet (physical memory assigned to process): 213M, peak: 245M
current process commit charge ("private bytes"): 274M, peak: 292M

vm_info: OpenJDK 64-Bit Server VM (17.0.10+7) for windows-amd64 JRE (17.0.10+7), built on Jan 16 2024 23:25:11 by "admin" with MS VC++ 16.10 / 16.11 (VS2019)

END.
