#
# There is insufficient memory for the Java Runtime Environment to continue.
# Native memory allocation (malloc) failed to allocate 1088896 bytes for Chunk::new
# Possible reasons:
#   The system is out of physical RAM or swap space
#   The process is running with CompressedOops enabled, and the Java Heap may be blocking the growth of the native heap
# Possible solutions:
#   Reduce memory load on the system
#   Increase physical memory or swap space
#   Check if swap backing store is full
#   Decrease Java heap size (-Xmx/-Xms)
#   Decrease number of Java threads
#   Decrease Java thread stack sizes (-Xss)
#   Set larger code cache with -XX:ReservedCodeCacheSize=
#   JVM is running with Unscaled Compressed Oops mode in which the Java heap is
#     placed in the first 4GB address space. The Java Heap base address is the
#     maximum limit for the native heap growth. Please use -XX:HeapBaseMinAddress
#     to set the Java Heap base and to place the Java Heap above 4GB virtual address.
# This output file may be truncated or incomplete.
#
#  Out of Memory Error (arena.cpp:191), pid=12836, tid=6900
#
# JRE version: OpenJDK Runtime Environment Temurin-17.0.10+7 (17.0.10+7) (build 17.0.10+7)
# Java VM: OpenJDK 64-Bit Server VM Temurin-17.0.10+7 (17.0.10+7, mixed mode, tiered, compressed oops, compressed class ptrs, parallel gc, windows-amd64)
# No core dump will be written. Minidumps are not enabled by default on client versions of Windows
#

---------------  S U M M A R Y ------------

Command Line: --add-modules=ALL-SYSTEM --add-opens=java.base/java.util=ALL-UNNAMED --add-opens=java.base/java.lang=ALL-UNNAMED --add-opens=java.base/sun.nio.fs=ALL-UNNAMED -Declipse.application=org.eclipse.jdt.ls.core.id1 -Dosgi.bundles.defaultStartLevel=4 -Declipse.product=org.eclipse.jdt.ls.core.product -Djava.import.generatesMetadataFilesAtProjectRoot=false -DDetectVMInstallationsJob.disabled=true -Dfile.encoding=utf8 -XX:+UseParallelGC -XX:GCTimeRatio=4 -XX:AdaptiveSizePolicyWeight=90 -Dsun.zip.disableMemoryMapping=true -Xmx1G -Xms100m -Xlog:disable -javaagent:c:\Users\Admin\.vscode\extensions\redhat.java-1.30.0-win32-x64\lombok\lombok-1.18.32.jar -XX:+HeapDumpOnOutOfMemoryError -XX:HeapDumpPath=c:\Users\Admin\AppData\Roaming\Code\User\workspaceStorage\a739c42527a8ae1ee267ab48659ef6d9\redhat.java -Daether.dependencyCollector.impl=bf c:\Users\Admin\.vscode\extensions\redhat.java-1.30.0-win32-x64\server\plugins\org.eclipse.equinox.launcher_1.6.800.v20240330-1250.jar -configuration c:\Users\Admin\AppData\Roaming\Code\User\globalStorage\redhat.java\1.30.0\config_win -data c:\Users\Admin\AppData\Roaming\Code\User\workspaceStorage\a739c42527a8ae1ee267ab48659ef6d9\redhat.java\jdt_ws --pipe=\\.\pipe\lsp-fa71292c05fc00c44038c429baa81fb6-sock

Host: 11th Gen Intel(R) Core(TM) i5-1135G7 @ 2.40GHz, 8 cores, 7G,  Windows 11 , 64 bit Build 22621 (10.0.22621.3374)
Time: Fri May 17 19:54:05 2024 SE Asia Standard Time elapsed time: 589.369849 seconds (0d 0h 9m 49s)

---------------  T H R E A D  ---------------

Current thread (0x000001f4ffb1dae0):  JavaThread "C2 CompilerThread0" daemon [_thread_in_native, id=6900, stack(0x000000910ac00000,0x000000910ad00000)]


Current CompileTask:
C2: 589369 12032       4       org.eclipse.jdt.internal.compiler.lookup.BinaryTypeBinding::createMethod (1724 bytes)

Stack: [0x000000910ac00000,0x000000910ad00000]
Native frames: (J=compiled Java code, j=interpreted, Vv=VM code, C=native code)
V  [jvm.dll+0x67d2c9]
V  [jvm.dll+0x834afa]
V  [jvm.dll+0x8365be]
V  [jvm.dll+0x836c23]
V  [jvm.dll+0x2477ff]
V  [jvm.dll+0xac514]
V  [jvm.dll+0xacb5c]
V  [jvm.dll+0x2aed1f]
V  [jvm.dll+0x584b67]
V  [jvm.dll+0x2228a2]
V  [jvm.dll+0x21ba9e]
V  [jvm.dll+0x219201]
V  [jvm.dll+0x1a502d]
V  [jvm.dll+0x2290de]
V  [jvm.dll+0x2272ac]
V  [jvm.dll+0x7e9bb7]
V  [jvm.dll+0x7e3fba]
V  [jvm.dll+0x67c1b5]
C  [ucrtbase.dll+0x29333]
C  [KERNEL32.DLL+0x1257d]
C  [ntdll.dll+0x5aa48]


---------------  P R O C E S S  ---------------

Threads class SMR info:
_java_thread_list=0x000001f493bb7fd0, length=46, elements={
0x000001f4f5c18950, 0x000001f4faa96030, 0x000001f4faa98ca0, 0x000001f4faa9bfa0,
0x000001f4faa9e880, 0x000001f4ffb1a300, 0x000001f4ffb1add0, 0x000001f4ffb1dae0,
0x000001f4ffb73e60, 0x000001f4ffb90b10, 0x000001f4ffbf77e0, 0x000001f4ffe7eff0,
0x000001f49030ba50, 0x000001f4903096e0, 0x000001f49030b540, 0x000001f49030ce90,
0x000001f490309bf0, 0x000001f49030bf60, 0x000001f49030ab20, 0x000001f49030b030,
0x000001f49313bbb0, 0x000001f49313e430, 0x000001f49313da10, 0x000001f49313df20,
0x000001f49313e940, 0x000001f49313ee50, 0x000001f49313f360, 0x000001f49313f870,
0x000001f49313fd80, 0x000001f49313ac80, 0x000001f493138910, 0x000001f49313cff0,
0x000001f49313b190, 0x000001f49313c5d0, 0x000001f493140290, 0x000001f493139d50,
0x000001f49313a260, 0x000001f493139330, 0x000001f49313b6a0, 0x000001f49313c0c0,
0x000001f49313cae0, 0x000001f49030c470, 0x000001f49030a100, 0x000001f49030a610,
0x000001f493139840, 0x000001f49367e5a0
}

Java Threads: ( => current thread )
  0x000001f4f5c18950 JavaThread "main" [_thread_blocked, id=4188, stack(0x000000910a300000,0x000000910a400000)]
  0x000001f4faa96030 JavaThread "Reference Handler" daemon [_thread_blocked, id=15108, stack(0x000000910a600000,0x000000910a700000)]
  0x000001f4faa98ca0 JavaThread "Finalizer" daemon [_thread_blocked, id=1732, stack(0x000000910a700000,0x000000910a800000)]
  0x000001f4faa9bfa0 JavaThread "Signal Dispatcher" daemon [_thread_blocked, id=14768, stack(0x000000910a800000,0x000000910a900000)]
  0x000001f4faa9e880 JavaThread "Attach Listener" daemon [_thread_blocked, id=8044, stack(0x000000910a900000,0x000000910aa00000)]
  0x000001f4ffb1a300 JavaThread "Service Thread" daemon [_thread_blocked, id=5140, stack(0x000000910aa00000,0x000000910ab00000)]
  0x000001f4ffb1add0 JavaThread "Monitor Deflation Thread" daemon [_thread_blocked, id=2204, stack(0x000000910ab00000,0x000000910ac00000)]
=>0x000001f4ffb1dae0 JavaThread "C2 CompilerThread0" daemon [_thread_in_native, id=6900, stack(0x000000910ac00000,0x000000910ad00000)]
  0x000001f4ffb73e60 JavaThread "C1 CompilerThread0" daemon [_thread_blocked, id=14428, stack(0x000000910ad00000,0x000000910ae00000)]
  0x000001f4ffb90b10 JavaThread "Sweeper thread" daemon [_thread_blocked, id=8196, stack(0x000000910ae00000,0x000000910af00000)]
  0x000001f4ffbf77e0 JavaThread "Common-Cleaner" daemon [_thread_blocked, id=4700, stack(0x000000910af00000,0x000000910b000000)]
  0x000001f4ffe7eff0 JavaThread "Notification Thread" daemon [_thread_blocked, id=9820, stack(0x000000910b000000,0x000000910b100000)]
  0x000001f49030ba50 JavaThread "Active Thread: Equinox Container: 51529a33-da63-499c-ae1e-a6b2bc40bda4" [_thread_blocked, id=10384, stack(0x000000910b900000,0x000000910ba00000)]
  0x000001f4903096e0 JavaThread "Framework Event Dispatcher: Equinox Container: 51529a33-da63-499c-ae1e-a6b2bc40bda4" daemon [_thread_blocked, id=10980, stack(0x000000910bb00000,0x000000910bc00000)]
  0x000001f49030b540 JavaThread "Start Level: Equinox Container: 51529a33-da63-499c-ae1e-a6b2bc40bda4" daemon [_thread_blocked, id=1952, stack(0x000000910bc00000,0x000000910bd00000)]
  0x000001f49030ce90 JavaThread "Bundle File Closer" daemon [_thread_blocked, id=6308, stack(0x000000910be00000,0x000000910bf00000)]
  0x000001f490309bf0 JavaThread "SCR Component Actor" daemon [_thread_blocked, id=13884, stack(0x000000910b200000,0x000000910b300000)]
  0x000001f49030bf60 JavaThread "Worker-JM" [_thread_blocked, id=7980, stack(0x000000910c000000,0x000000910c100000)]
  0x000001f49030ab20 JavaThread "Java indexing" daemon [_thread_blocked, id=12564, stack(0x000000910c300000,0x000000910c400000)]
  0x000001f49030b030 JavaThread "Worker-2" [_thread_blocked, id=10356, stack(0x000000910c400000,0x000000910c500000)]
  0x000001f49313bbb0 JavaThread "JNA Cleaner" daemon [_thread_blocked, id=13504, stack(0x000000910c500000,0x000000910c600000)]
  0x000001f49313e430 JavaThread "Thread-2" daemon [_thread_in_native, id=5500, stack(0x000000910c600000,0x000000910c700000)]
  0x000001f49313da10 JavaThread "Thread-3" daemon [_thread_in_native, id=11160, stack(0x000000910c700000,0x000000910c800000)]
  0x000001f49313df20 JavaThread "Thread-4" daemon [_thread_in_native, id=2356, stack(0x000000910c800000,0x000000910c900000)]
  0x000001f49313e940 JavaThread "Thread-5" daemon [_thread_in_native, id=4672, stack(0x000000910c900000,0x000000910ca00000)]
  0x000001f49313ee50 JavaThread "Thread-6" daemon [_thread_in_native, id=2728, stack(0x000000910ca00000,0x000000910cb00000)]
  0x000001f49313f360 JavaThread "Thread-7" daemon [_thread_in_native, id=13064, stack(0x000000910cb00000,0x000000910cc00000)]
  0x000001f49313f870 JavaThread "Thread-8" daemon [_thread_in_native, id=3788, stack(0x000000910cc00000,0x000000910cd00000)]
  0x000001f49313fd80 JavaThread "Thread-9" daemon [_thread_in_native, id=6284, stack(0x000000910cd00000,0x000000910ce00000)]
  0x000001f49313ac80 JavaThread "Thread-10" daemon [_thread_in_native, id=9660, stack(0x000000910ce00000,0x000000910cf00000)]
  0x000001f493138910 JavaThread "pool-2-thread-1" [_thread_blocked, id=12728, stack(0x000000910cf00000,0x000000910d000000)]
  0x000001f49313cff0 JavaThread "WorkspaceEventsHandler" [_thread_blocked, id=5884, stack(0x000000910d000000,0x000000910d100000)]
  0x000001f49313b190 JavaThread "pool-1-thread-1" [_thread_blocked, id=7404, stack(0x000000910d100000,0x000000910d200000)]
  0x000001f49313c5d0 JavaThread "Worker-5" [_thread_blocked, id=1944, stack(0x000000910d400000,0x000000910d500000)]
  0x000001f493140290 JavaThread "Worker-7" [_thread_blocked, id=14952, stack(0x000000910a100000,0x000000910a200000)]
  0x000001f493139d50 JavaThread "ForkJoinPool.commonPool-worker-8" daemon [_thread_blocked, id=7288, stack(0x000000910a200000,0x000000910a300000)]
  0x000001f49313a260 JavaThread "ForkJoinPool.commonPool-worker-9" daemon [_thread_blocked, id=1948, stack(0x000000910ba00000,0x000000910bb00000)]
  0x000001f493139330 JavaThread "ForkJoinPool.commonPool-worker-10" daemon [_thread_blocked, id=14128, stack(0x000000910bf00000,0x000000910c000000)]
  0x000001f49313b6a0 JavaThread "ForkJoinPool.commonPool-worker-11" daemon [_thread_blocked, id=2484, stack(0x000000910d300000,0x000000910d400000)]
  0x000001f49313c0c0 JavaThread "ForkJoinPool.commonPool-worker-12" daemon [_thread_blocked, id=10220, stack(0x000000910d500000,0x000000910d600000)]
  0x000001f49313cae0 JavaThread "ForkJoinPool.commonPool-worker-13" daemon [_thread_blocked, id=7676, stack(0x000000910d600000,0x000000910d700000)]
  0x000001f49030c470 JavaThread "ForkJoinPool.commonPool-worker-14" daemon [_thread_blocked, id=17188, stack(0x000000910d700000,0x000000910d800000)]
  0x000001f49030a100 JavaThread "Cleaner-0" daemon [_thread_blocked, id=13952, stack(0x000000910d800000,0x000000910d900000)]
  0x000001f49030a610 JavaThread "Worker-8" [_thread_blocked, id=15988, stack(0x000000910d900000,0x000000910da00000)]
  0x000001f493139840 JavaThread "Worker-9" [_thread_blocked, id=13320, stack(0x000000910da00000,0x000000910db00000)]
  0x000001f49367e5a0 JavaThread "C2 CompilerThread1" daemon [_thread_blocked, id=15628, stack(0x000000910c100000,0x000000910c200000)]

Other Threads:
  0x000001f4ffaf14b0 VMThread "VM Thread" [stack: 0x000000910a500000,0x000000910a600000] [id=15028]
  0x000001f4ffe7b0c0 WatcherThread [stack: 0x000000910b100000,0x000000910b200000] [id=10432]
  0x000001f4f5c28b50 GCTaskThread "GC Thread#0" [stack: 0x000000910a400000,0x000000910a500000] [id=7416]
  0x000001f4904b08d0 GCTaskThread "GC Thread#1" [stack: 0x000000910b300000,0x000000910b400000] [id=7996]
  0x000001f4904b0b90 GCTaskThread "GC Thread#2" [stack: 0x000000910b400000,0x000000910b500000] [id=13980]
  0x000001f4904b0e50 GCTaskThread "GC Thread#3" [stack: 0x000000910b500000,0x000000910b600000] [id=13388]
  0x000001f490465930 GCTaskThread "GC Thread#4" [stack: 0x000000910b600000,0x000000910b700000] [id=13632]
  0x000001f490465bf0 GCTaskThread "GC Thread#5" [stack: 0x000000910b700000,0x000000910b800000] [id=2072]
  0x000001f490465eb0 GCTaskThread "GC Thread#6" [stack: 0x000000910b800000,0x000000910b900000] [id=5968]
  0x000001f4905a3980 GCTaskThread "GC Thread#7" [stack: 0x000000910bd00000,0x000000910be00000] [id=5208]

Threads with active compile tasks:
C2 CompilerThread0   589395 12032       4       org.eclipse.jdt.internal.compiler.lookup.BinaryTypeBinding::createMethod (1724 bytes)

VM state: not at safepoint (normal execution)

VM Mutex/Monitor currently owned by a thread: None

Heap address: 0x00000000c0000000, size: 1024 MB, Compressed Oops mode: 32-bit

CDS archive(s) not mapped
Compressed class space mapped at: 0x0000000100000000-0x0000000140000000, reserved size: 1073741824
Narrow klass base: 0x0000000000000000, Narrow klass shift: 3, Narrow klass range: 0x140000000

GC Precious Log:
 CPUs: 8 total, 8 available
 Memory: 7975M
 Large Page Support: Disabled
 NUMA Support: Disabled
 Compressed Oops: Enabled (32-bit)
 Alignments: Space 512K, Generation 512K, Heap 2M
 Heap Min Capacity: 100M
 Heap Initial Capacity: 100M
 Heap Max Capacity: 1G
 Pre-touch: Disabled
 Parallel Workers: 8

Heap:
 PSYoungGen      total 6656K, used 1565K [0x00000000eab00000, 0x00000000eb300000, 0x0000000100000000)
  eden space 5120K, 8% used [0x00000000eab00000,0x00000000eab6fe00,0x00000000eb000000)
  from space 1536K, 72% used [0x00000000eb180000,0x00000000eb297988,0x00000000eb300000)
  to   space 1536K, 0% used [0x00000000eb000000,0x00000000eb000000,0x00000000eb180000)
 ParOldGen       total 149504K, used 143341K [0x00000000c0000000, 0x00000000c9200000, 0x00000000eab00000)
  object space 149504K, 95% used [0x00000000c0000000,0x00000000c8bfb698,0x00000000c9200000)
 Metaspace       used 78526K, committed 80000K, reserved 1179648K
  class space    used 8325K, committed 8960K, reserved 1048576K

Card table byte_map: [0x000001f4f55c0000,0x000001f4f57d0000] _byte_map_base: 0x000001f4f4fc0000

Marking Bits: (ParMarkBitMap*) 0x00007ffcc399d7d0
 Begin Bits: [0x000001f4f88a0000, 0x000001f4f98a0000)
 End Bits:   [0x000001f4f98a0000, 0x000001f4fa8a0000)

Polling page: 0x000001f4f3bc0000

Metaspace:

Usage:
  Non-class:     68.56 MB used.
      Class:      8.13 MB used.
       Both:     76.69 MB used.

Virtual space:
  Non-class space:      128.00 MB reserved,      69.38 MB ( 54%) committed,  2 nodes.
      Class space:        1.00 GB reserved,       8.75 MB ( <1%) committed,  1 nodes.
             Both:        1.12 GB reserved,      78.12 MB (  7%) committed. 

Chunk freelists:
   Non-Class:  10.45 MB
       Class:  7.28 MB
        Both:  17.73 MB

MaxMetaspaceSize: unlimited
CompressedClassSpaceSize: 1.00 GB
Initial GC threshold: 21.00 MB
Current GC threshold: 124.62 MB
CDS: off
MetaspaceReclaimPolicy: balanced
 - commit_granule_bytes: 65536.
 - commit_granule_words: 8192.
 - virtual_space_node_default_size: 8388608.
 - enlarge_chunks_in_place: 1.
 - new_chunks_are_fully_committed: 0.
 - uncommit_free_chunks: 1.
 - use_allocation_guard: 0.
 - handle_deallocations: 1.


Internal statistics:

num_allocs_failed_limit: 9.
num_arena_births: 1086.
num_arena_deaths: 30.
num_vsnodes_births: 3.
num_vsnodes_deaths: 0.
num_space_committed: 1250.
num_space_uncommitted: 0.
num_chunks_returned_to_freelist: 46.
num_chunks_taken_from_freelist: 4481.
num_chunk_merges: 12.
num_chunk_splits: 2714.
num_chunks_enlarged: 1532.
num_inconsistent_stats: 0.

CodeHeap 'non-profiled nmethods': size=120000Kb used=6775Kb max_used=6775Kb free=113224Kb
 bounds [0x000001f487ad0000, 0x000001f488170000, 0x000001f48f000000]
CodeHeap 'profiled nmethods': size=120000Kb used=20957Kb max_used=21180Kb free=99042Kb
 bounds [0x000001f480000000, 0x000001f4814c0000, 0x000001f487530000]
CodeHeap 'non-nmethods': size=5760Kb used=1418Kb max_used=1491Kb free=4341Kb
 bounds [0x000001f487530000, 0x000001f4877a0000, 0x000001f487ad0000]
 total_blobs=10771 nmethods=10007 adapters=676
 compilation: enabled
              stopped_count=0, restarted_count=0
 full_count=0

Compilation events (20 events):
Event: 589.240 Thread 0x000001f4ffb73e60 nmethod 12049 0x000001f48113e390 code [0x000001f48113e560, 0x000001f48113e968]
Event: 589.240 Thread 0x000001f4ffb73e60 12047       3       org.eclipse.jdt.internal.core.JavaProject::getPackageFragmentRoot (98 bytes)
Event: 589.241 Thread 0x000001f4ffb73e60 nmethod 12047 0x000001f48113cc10 code [0x000001f48113cea0, 0x000001f48113de18]
Event: 589.241 Thread 0x000001f4ffb73e60 12048       3       org.eclipse.jdt.internal.core.CompilationUnit::getPerWorkingCopyInfo (11 bytes)
Event: 589.241 Thread 0x000001f4ffb73e60 nmethod 12048 0x000001f48113c790 code [0x000001f48113c940, 0x000001f48113cb08]
Event: 589.242 Thread 0x000001f49367e5a0 nmethod 12025% 0x000001f488167810 code [0x000001f488167a80, 0x000001f488168e88]
Event: 589.242 Thread 0x000001f49367e5a0 12029       4       java.util.AbstractCollection::addAll (42 bytes)
Event: 589.245 Thread 0x000001f49367e5a0 nmethod 12029 0x000001f488169d90 code [0x000001f488169f20, 0x000001f48816a058]
Event: 589.245 Thread 0x000001f49367e5a0 12036       4       java.util.stream.ReferencePipeline$3$1::accept (23 bytes)
Event: 589.246 Thread 0x000001f49367e5a0 nmethod 12036 0x000001f48816a210 code [0x000001f48816a3a0, 0x000001f48816a478]
Event: 589.246 Thread 0x000001f49367e5a0 12034       4       java.util.Spliterators::spliterator (25 bytes)
Event: 589.247 Thread 0x000001f49367e5a0 nmethod 12034 0x000001f48816a590 code [0x000001f48816a720, 0x000001f48816a898]
Event: 589.248 Thread 0x000001f49367e5a0 12035       4       java.util.Spliterators::checkFromToBounds (74 bytes)
Event: 589.248 Thread 0x000001f49367e5a0 nmethod 12035 0x000001f48816aa10 code [0x000001f48816ab80, 0x000001f48816ac38]
Event: 589.248 Thread 0x000001f49367e5a0 12027       4       org.eclipse.jdt.internal.compiler.util.CharArrayHashMap::put (17 bytes)
Event: 589.263 Thread 0x000001f49367e5a0 nmethod 12027 0x000001f48816ad10 code [0x000001f48816af00, 0x000001f48816b8c8]
Event: 589.263 Thread 0x000001f49367e5a0 12050       4       java.util.IdentityHashMap::init (11 bytes)
Event: 589.264 Thread 0x000001f49367e5a0 nmethod 12050 0x000001f48816bf90 code [0x000001f48816c120, 0x000001f48816c2d8]
Event: 589.264 Thread 0x000001f49367e5a0 12016       4       org.eclipse.jdt.internal.core.JavaModel::isExternalFile (70 bytes)
Event: 589.285 Thread 0x000001f49367e5a0 nmethod 12016 0x000001f48816c390 code [0x000001f48816c600, 0x000001f48816d1d0]

GC Heap History (20 events):
Event: 572.533 GC heap before
{Heap before GC invocations=127 (full 7):
 PSYoungGen      total 5632K, used 5581K [0x00000000eab00000, 0x00000000eb180000, 0x0000000100000000)
  eden space 5120K, 99% used [0x00000000eab00000,0x00000000eaffb740,0x00000000eb000000)
  from space 512K, 93% used [0x00000000eb100000,0x00000000eb178020,0x00000000eb180000)
  to   space 512K, 0% used [0x00000000eb080000,0x00000000eb080000,0x00000000eb100000)
 ParOldGen       total 149504K, used 110028K [0x00000000c0000000, 0x00000000c9200000, 0x00000000eab00000)
  object space 149504K, 73% used [0x00000000c0000000,0x00000000c6b73050,0x00000000c9200000)
 Metaspace       used 76231K, committed 77568K, reserved 1179648K
  class space    used 8061K, committed 8640K, reserved 1048576K
}
Event: 572.535 GC heap after
{Heap after GC invocations=127 (full 7):
 PSYoungGen      total 6144K, used 502K [0x00000000eab00000, 0x00000000eb480000, 0x0000000100000000)
  eden space 5632K, 0% used [0x00000000eab00000,0x00000000eab00000,0x00000000eb080000)
  from space 512K, 98% used [0x00000000eb080000,0x00000000eb0fd930,0x00000000eb100000)
  to   space 2048K, 0% used [0x00000000eb280000,0x00000000eb280000,0x00000000eb480000)
 ParOldGen       total 149504K, used 111165K [0x00000000c0000000, 0x00000000c9200000, 0x00000000eab00000)
  object space 149504K, 74% used [0x00000000c0000000,0x00000000c6c8f538,0x00000000c9200000)
 Metaspace       used 76231K, committed 77568K, reserved 1179648K
  class space    used 8061K, committed 8640K, reserved 1048576K
}
Event: 572.602 GC heap before
{Heap before GC invocations=128 (full 7):
 PSYoungGen      total 6144K, used 6134K [0x00000000eab00000, 0x00000000eb480000, 0x0000000100000000)
  eden space 5632K, 100% used [0x00000000eab00000,0x00000000eb080000,0x00000000eb080000)
  from space 512K, 98% used [0x00000000eb080000,0x00000000eb0fd930,0x00000000eb100000)
  to   space 2048K, 0% used [0x00000000eb280000,0x00000000eb280000,0x00000000eb480000)
 ParOldGen       total 149504K, used 111165K [0x00000000c0000000, 0x00000000c9200000, 0x00000000eab00000)
  object space 149504K, 74% used [0x00000000c0000000,0x00000000c6c8f538,0x00000000c9200000)
 Metaspace       used 76416K, committed 77760K, reserved 1179648K
  class space    used 8080K, committed 8640K, reserved 1048576K
}
Event: 572.605 GC heap after
{Heap after GC invocations=128 (full 7):
 PSYoungGen      total 6656K, used 2022K [0x00000000eab00000, 0x00000000eb700000, 0x0000000100000000)
  eden space 4608K, 0% used [0x00000000eab00000,0x00000000eab00000,0x00000000eaf80000)
  from space 2048K, 98% used [0x00000000eb280000,0x00000000eb4799b8,0x00000000eb480000)
  to   space 3072K, 0% used [0x00000000eaf80000,0x00000000eaf80000,0x00000000eb280000)
 ParOldGen       total 149504K, used 111805K [0x00000000c0000000, 0x00000000c9200000, 0x00000000eab00000)
  object space 149504K, 74% used [0x00000000c0000000,0x00000000c6d2f668,0x00000000c9200000)
 Metaspace       used 76416K, committed 77760K, reserved 1179648K
  class space    used 8080K, committed 8640K, reserved 1048576K
}
Event: 572.684 GC heap before
{Heap before GC invocations=129 (full 7):
 PSYoungGen      total 6656K, used 6630K [0x00000000eab00000, 0x00000000eb700000, 0x0000000100000000)
  eden space 4608K, 100% used [0x00000000eab00000,0x00000000eaf80000,0x00000000eaf80000)
  from space 2048K, 98% used [0x00000000eb280000,0x00000000eb4799b8,0x00000000eb480000)
  to   space 3072K, 0% used [0x00000000eaf80000,0x00000000eaf80000,0x00000000eb280000)
 ParOldGen       total 149504K, used 111805K [0x00000000c0000000, 0x00000000c9200000, 0x00000000eab00000)
  object space 149504K, 74% used [0x00000000c0000000,0x00000000c6d2f668,0x00000000c9200000)
 Metaspace       used 76622K, committed 77952K, reserved 1179648K
  class space    used 8106K, committed 8640K, reserved 1048576K
}
Event: 572.686 GC heap after
{Heap after GC invocations=129 (full 7):
 PSYoungGen      total 5632K, used 704K [0x00000000eab00000, 0x00000000eb300000, 0x0000000100000000)
  eden space 4608K, 0% used [0x00000000eab00000,0x00000000eab00000,0x00000000eaf80000)
  from space 1024K, 68% used [0x00000000eaf80000,0x00000000eb030000,0x00000000eb080000)
  to   space 1536K, 0% used [0x00000000eb180000,0x00000000eb180000,0x00000000eb300000)
 ParOldGen       total 149504K, used 112429K [0x00000000c0000000, 0x00000000c9200000, 0x00000000eab00000)
  object space 149504K, 75% used [0x00000000c0000000,0x00000000c6dcb668,0x00000000c9200000)
 Metaspace       used 76622K, committed 77952K, reserved 1179648K
  class space    used 8106K, committed 8640K, reserved 1048576K
}
Event: 572.708 GC heap before
{Heap before GC invocations=130 (full 7):
 PSYoungGen      total 5632K, used 5312K [0x00000000eab00000, 0x00000000eb300000, 0x0000000100000000)
  eden space 4608K, 100% used [0x00000000eab00000,0x00000000eaf80000,0x00000000eaf80000)
  from space 1024K, 68% used [0x00000000eaf80000,0x00000000eb030000,0x00000000eb080000)
  to   space 1536K, 0% used [0x00000000eb180000,0x00000000eb180000,0x00000000eb300000)
 ParOldGen       total 149504K, used 112429K [0x00000000c0000000, 0x00000000c9200000, 0x00000000eab00000)
  object space 149504K, 75% used [0x00000000c0000000,0x00000000c6dcb668,0x00000000c9200000)
 Metaspace       used 76661K, committed 78080K, reserved 1179648K
  class space    used 8107K, committed 8640K, reserved 1048576K
}
Event: 572.710 GC heap after
{Heap after GC invocations=130 (full 7):
 PSYoungGen      total 6656K, used 1280K [0x00000000eab00000, 0x00000000eb300000, 0x0000000100000000)
  eden space 5120K, 0% used [0x00000000eab00000,0x00000000eab00000,0x00000000eb000000)
  from space 1536K, 83% used [0x00000000eb180000,0x00000000eb2c0000,0x00000000eb300000)
  to   space 1536K, 0% used [0x00000000eb000000,0x00000000eb000000,0x00000000eb180000)
 ParOldGen       total 149504K, used 112437K [0x00000000c0000000, 0x00000000c9200000, 0x00000000eab00000)
  object space 149504K, 75% used [0x00000000c0000000,0x00000000c6dcd668,0x00000000c9200000)
 Metaspace       used 76661K, committed 78080K, reserved 1179648K
  class space    used 8107K, committed 8640K, reserved 1048576K
}
Event: 572.769 GC heap before
{Heap before GC invocations=131 (full 7):
 PSYoungGen      total 6656K, used 6400K [0x00000000eab00000, 0x00000000eb300000, 0x0000000100000000)
  eden space 5120K, 100% used [0x00000000eab00000,0x00000000eb000000,0x00000000eb000000)
  from space 1536K, 83% used [0x00000000eb180000,0x00000000eb2c0000,0x00000000eb300000)
  to   space 1536K, 0% used [0x00000000eb000000,0x00000000eb000000,0x00000000eb180000)
 ParOldGen       total 149504K, used 112437K [0x00000000c0000000, 0x00000000c9200000, 0x00000000eab00000)
  object space 149504K, 75% used [0x00000000c0000000,0x00000000c6dcd668,0x00000000c9200000)
 Metaspace       used 76784K, committed 78208K, reserved 1179648K
  class space    used 8125K, committed 8704K, reserved 1048576K
}
Event: 572.771 GC heap after
{Heap after GC invocations=131 (full 7):
 PSYoungGen      total 6656K, used 992K [0x00000000eab00000, 0x00000000eb380000, 0x0000000100000000)
  eden space 5120K, 0% used [0x00000000eab00000,0x00000000eab00000,0x00000000eb000000)
  from space 1536K, 64% used [0x00000000eb000000,0x00000000eb0f8000,0x00000000eb180000)
  to   space 1536K, 0% used [0x00000000eb200000,0x00000000eb200000,0x00000000eb380000)
 ParOldGen       total 149504K, used 112437K [0x00000000c0000000, 0x00000000c9200000, 0x00000000eab00000)
  object space 149504K, 75% used [0x00000000c0000000,0x00000000c6dcd668,0x00000000c9200000)
 Metaspace       used 76784K, committed 78208K, reserved 1179648K
  class space    used 8125K, committed 8704K, reserved 1048576K
}
Event: 572.874 GC heap before
{Heap before GC invocations=132 (full 7):
 PSYoungGen      total 6656K, used 6111K [0x00000000eab00000, 0x00000000eb380000, 0x0000000100000000)
  eden space 5120K, 99% used [0x00000000eab00000,0x00000000eaffffd8,0x00000000eb000000)
  from space 1536K, 64% used [0x00000000eb000000,0x00000000eb0f8000,0x00000000eb180000)
  to   space 1536K, 0% used [0x00000000eb200000,0x00000000eb200000,0x00000000eb380000)
 ParOldGen       total 149504K, used 143157K [0x00000000c0000000, 0x00000000c9200000, 0x00000000eab00000)
  object space 149504K, 95% used [0x00000000c0000000,0x00000000c8bcd698,0x00000000c9200000)
 Metaspace       used 77286K, committed 78656K, reserved 1179648K
  class space    used 8178K, committed 8704K, reserved 1048576K
}
Event: 572.876 GC heap after
{Heap after GC invocations=132 (full 7):
 PSYoungGen      total 6656K, used 1157K [0x00000000eab00000, 0x00000000eb380000, 0x0000000100000000)
  eden space 5120K, 0% used [0x00000000eab00000,0x00000000eab00000,0x00000000eb000000)
  from space 1536K, 75% used [0x00000000eb200000,0x00000000eb321420,0x00000000eb380000)
  to   space 1536K, 0% used [0x00000000eb000000,0x00000000eb000000,0x00000000eb180000)
 ParOldGen       total 149504K, used 143165K [0x00000000c0000000, 0x00000000c9200000, 0x00000000eab00000)
  object space 149504K, 95% used [0x00000000c0000000,0x00000000c8bcf698,0x00000000c9200000)
 Metaspace       used 77286K, committed 78656K, reserved 1179648K
  class space    used 8178K, committed 8704K, reserved 1048576K
}
Event: 588.846 GC heap before
{Heap before GC invocations=133 (full 7):
 PSYoungGen      total 6656K, used 6277K [0x00000000eab00000, 0x00000000eb380000, 0x0000000100000000)
  eden space 5120K, 100% used [0x00000000eab00000,0x00000000eb000000,0x00000000eb000000)
  from space 1536K, 75% used [0x00000000eb200000,0x00000000eb321420,0x00000000eb380000)
  to   space 1536K, 0% used [0x00000000eb000000,0x00000000eb000000,0x00000000eb180000)
 ParOldGen       total 149504K, used 143165K [0x00000000c0000000, 0x00000000c9200000, 0x00000000eab00000)
  object space 149504K, 95% used [0x00000000c0000000,0x00000000c8bcf698,0x00000000c9200000)
 Metaspace       used 77393K, committed 78848K, reserved 1179648K
  class space    used 8192K, committed 8768K, reserved 1048576K
}
Event: 588.848 GC heap after
{Heap after GC invocations=133 (full 7):
 PSYoungGen      total 6656K, used 857K [0x00000000eab00000, 0x00000000eb280000, 0x0000000100000000)
  eden space 5120K, 0% used [0x00000000eab00000,0x00000000eab00000,0x00000000eb000000)
  from space 1536K, 55% used [0x00000000eb000000,0x00000000eb0d6640,0x00000000eb180000)
  to   space 1024K, 0% used [0x00000000eb180000,0x00000000eb180000,0x00000000eb280000)
 ParOldGen       total 149504K, used 143173K [0x00000000c0000000, 0x00000000c9200000, 0x00000000eab00000)
  object space 149504K, 95% used [0x00000000c0000000,0x00000000c8bd1698,0x00000000c9200000)
 Metaspace       used 77393K, committed 78848K, reserved 1179648K
  class space    used 8192K, committed 8768K, reserved 1048576K
}
Event: 589.032 GC heap before
{Heap before GC invocations=134 (full 7):
 PSYoungGen      total 6656K, used 5974K [0x00000000eab00000, 0x00000000eb280000, 0x0000000100000000)
  eden space 5120K, 99% used [0x00000000eab00000,0x00000000eafff1c8,0x00000000eb000000)
  from space 1536K, 55% used [0x00000000eb000000,0x00000000eb0d6640,0x00000000eb180000)
  to   space 1024K, 0% used [0x00000000eb180000,0x00000000eb180000,0x00000000eb280000)
 ParOldGen       total 149504K, used 143173K [0x00000000c0000000, 0x00000000c9200000, 0x00000000eab00000)
  object space 149504K, 95% used [0x00000000c0000000,0x00000000c8bd1698,0x00000000c9200000)
 Metaspace       used 77676K, committed 79104K, reserved 1179648K
  class space    used 8214K, committed 8768K, reserved 1048576K
}
Event: 589.033 GC heap after
{Heap after GC invocations=134 (full 7):
 PSYoungGen      total 6144K, used 709K [0x00000000eab00000, 0x00000000eb280000, 0x0000000100000000)
  eden space 5120K, 0% used [0x00000000eab00000,0x00000000eab00000,0x00000000eb000000)
  from space 1024K, 69% used [0x00000000eb180000,0x00000000eb231440,0x00000000eb280000)
  to   space 1024K, 0% used [0x00000000eb080000,0x00000000eb080000,0x00000000eb180000)
 ParOldGen       total 149504K, used 143173K [0x00000000c0000000, 0x00000000c9200000, 0x00000000eab00000)
  object space 149504K, 95% used [0x00000000c0000000,0x00000000c8bd1698,0x00000000c9200000)
 Metaspace       used 77676K, committed 79104K, reserved 1179648K
  class space    used 8214K, committed 8768K, reserved 1048576K
}
Event: 589.164 GC heap before
{Heap before GC invocations=135 (full 7):
 PSYoungGen      total 6144K, used 5829K [0x00000000eab00000, 0x00000000eb280000, 0x0000000100000000)
  eden space 5120K, 100% used [0x00000000eab00000,0x00000000eb000000,0x00000000eb000000)
  from space 1024K, 69% used [0x00000000eb180000,0x00000000eb231440,0x00000000eb280000)
  to   space 1024K, 0% used [0x00000000eb080000,0x00000000eb080000,0x00000000eb180000)
 ParOldGen       total 149504K, used 143173K [0x00000000c0000000, 0x00000000c9200000, 0x00000000eab00000)
  object space 149504K, 95% used [0x00000000c0000000,0x00000000c8bd1698,0x00000000c9200000)
 Metaspace       used 78314K, committed 79808K, reserved 1179648K
  class space    used 8315K, committed 8960K, reserved 1048576K
}
Event: 589.166 GC heap after
{Heap after GC invocations=135 (full 7):
 PSYoungGen      total 6144K, used 996K [0x00000000eab00000, 0x00000000eb300000, 0x0000000100000000)
  eden space 5120K, 0% used [0x00000000eab00000,0x00000000eab00000,0x00000000eb000000)
  from space 1024K, 97% used [0x00000000eb080000,0x00000000eb179088,0x00000000eb180000)
  to   space 1536K, 0% used [0x00000000eb180000,0x00000000eb180000,0x00000000eb300000)
 ParOldGen       total 149504K, used 143205K [0x00000000c0000000, 0x00000000c9200000, 0x00000000eab00000)
  object space 149504K, 95% used [0x00000000c0000000,0x00000000c8bd9698,0x00000000c9200000)
 Metaspace       used 78314K, committed 79808K, reserved 1179648K
  class space    used 8315K, committed 8960K, reserved 1048576K
}
Event: 589.236 GC heap before
{Heap before GC invocations=136 (full 7):
 PSYoungGen      total 6144K, used 6116K [0x00000000eab00000, 0x00000000eb300000, 0x0000000100000000)
  eden space 5120K, 100% used [0x00000000eab00000,0x00000000eb000000,0x00000000eb000000)
  from space 1024K, 97% used [0x00000000eb080000,0x00000000eb179088,0x00000000eb180000)
  to   space 1536K, 0% used [0x00000000eb180000,0x00000000eb180000,0x00000000eb300000)
 ParOldGen       total 149504K, used 143205K [0x00000000c0000000, 0x00000000c9200000, 0x00000000eab00000)
  object space 149504K, 95% used [0x00000000c0000000,0x00000000c8bd9698,0x00000000c9200000)
 Metaspace       used 78526K, committed 80000K, reserved 1179648K
  class space    used 8325K, committed 8960K, reserved 1048576K
}
Event: 589.238 GC heap after
{Heap after GC invocations=136 (full 7):
 PSYoungGen      total 6656K, used 1118K [0x00000000eab00000, 0x00000000eb300000, 0x0000000100000000)
  eden space 5120K, 0% used [0x00000000eab00000,0x00000000eab00000,0x00000000eb000000)
  from space 1536K, 72% used [0x00000000eb180000,0x00000000eb297988,0x00000000eb300000)
  to   space 1536K, 0% used [0x00000000eb000000,0x00000000eb000000,0x00000000eb180000)
 ParOldGen       total 149504K, used 143341K [0x00000000c0000000, 0x00000000c9200000, 0x00000000eab00000)
  object space 149504K, 95% used [0x00000000c0000000,0x00000000c8bfb698,0x00000000c9200000)
 Metaspace       used 78526K, committed 80000K, reserved 1179648K
  class space    used 8325K, committed 8960K, reserved 1048576K
}

Dll operation events (11 events):
Event: 0.038 Loaded shared library c:\Users\Admin\.vscode\extensions\redhat.java-1.30.0-win32-x64\jre\17.0.10-win32-x86_64\bin\java.dll
Event: 0.231 Loaded shared library c:\Users\Admin\.vscode\extensions\redhat.java-1.30.0-win32-x64\jre\17.0.10-win32-x86_64\bin\zip.dll
Event: 0.234 Loaded shared library C:\Users\Admin\.vscode\extensions\redhat.java-1.30.0-win32-x64\jre\17.0.10-win32-x86_64\bin\instrument.dll
Event: 0.247 Loaded shared library C:\Users\Admin\.vscode\extensions\redhat.java-1.30.0-win32-x64\jre\17.0.10-win32-x86_64\bin\net.dll
Event: 0.249 Loaded shared library C:\Users\Admin\.vscode\extensions\redhat.java-1.30.0-win32-x64\jre\17.0.10-win32-x86_64\bin\nio.dll
Event: 0.256 Loaded shared library C:\Users\Admin\.vscode\extensions\redhat.java-1.30.0-win32-x64\jre\17.0.10-win32-x86_64\bin\zip.dll
Event: 0.303 Loaded shared library C:\Users\Admin\.vscode\extensions\redhat.java-1.30.0-win32-x64\jre\17.0.10-win32-x86_64\bin\jimage.dll
Event: 0.403 Loaded shared library c:\Users\Admin\.vscode\extensions\redhat.java-1.30.0-win32-x64\jre\17.0.10-win32-x86_64\bin\verify.dll
Event: 1.942 Loaded shared library C:\Users\Admin\AppData\Roaming\Code\User\globalStorage\redhat.java\1.30.0\config_win\org.eclipse.equinox.launcher\org.eclipse.equinox.launcher.win32.win32.x86_64_1.2.900.v20240213-1244\eclipse_11900.dll
Event: 6.877 Loaded shared library C:\Users\Admin\AppData\Local\Temp\jna-63116079\jna9426839268658412650.dll
Event: 551.823 Loaded shared library C:\Users\Admin\.vscode\extensions\redhat.java-1.30.0-win32-x64\jre\17.0.10-win32-x86_64\bin\sunmscapi.dll

Deoptimization events (20 events):
Event: 589.139 Thread 0x000001f49313c0c0 Uncommon trap: trap_request=0xffffff6e fr.pc=0x000001f48815cc8c relative=0x0000000000000b8c
Event: 589.139 Thread 0x000001f49313c0c0 Uncommon trap: reason=loop_limit_check action=maybe_recompile pc=0x000001f48815cc8c method=org.jsoup.parser.CharacterReader.rangeEquals([CIILjava/lang/String;)Z @ 18 c2
Event: 589.139 Thread 0x000001f49313c0c0 DEOPT PACKING pc=0x000001f48815cc8c sp=0x000000910d5fe210
Event: 589.139 Thread 0x000001f49313c0c0 DEOPT UNPACKING pc=0x000001f487589ea3 sp=0x000000910d5fe190 mode 2
Event: 589.146 Thread 0x000001f49313c0c0 Uncommon trap: trap_request=0xffffff45 fr.pc=0x000001f487f71bc8 relative=0x00000000000001a8
Event: 589.146 Thread 0x000001f49313c0c0 Uncommon trap: reason=unstable_if action=reinterpret pc=0x000001f487f71bc8 method=java.util.regex.Matcher.search(I)Z @ 76 c2
Event: 589.146 Thread 0x000001f49313c0c0 DEOPT PACKING pc=0x000001f487f71bc8 sp=0x000000910d5fe140
Event: 589.146 Thread 0x000001f49313c0c0 DEOPT UNPACKING pc=0x000001f487589ea3 sp=0x000000910d5fe0c0 mode 2
Event: 589.146 Thread 0x000001f49313c0c0 Uncommon trap: trap_request=0xffffff45 fr.pc=0x000001f487feeb7c relative=0x000000000000015c
Event: 589.146 Thread 0x000001f49313c0c0 Uncommon trap: reason=unstable_if action=reinterpret pc=0x000001f487feeb7c method=java.util.regex.Pattern$GroupTail.match(Ljava/util/regex/Matcher;ILjava/lang/CharSequence;)Z @ 73 c2
Event: 589.146 Thread 0x000001f49313c0c0 DEOPT PACKING pc=0x000001f487feeb7c sp=0x000000910d5fdf50
Event: 589.146 Thread 0x000001f49313c0c0 DEOPT UNPACKING pc=0x000001f487589ea3 sp=0x000000910d5fdef8 mode 2
Event: 589.163 Thread 0x000001f49313c0c0 DEOPT PACKING pc=0x000001f481229c29 sp=0x000000910d5fb1d0
Event: 589.163 Thread 0x000001f49313c0c0 DEOPT UNPACKING pc=0x000001f48758a9e3 sp=0x000000910d5fa698 mode 0
Event: 589.179 Thread 0x000001f49313c0c0 Uncommon trap: trap_request=0xffffff45 fr.pc=0x000001f487ad96d4 relative=0x0000000000000154
Event: 589.179 Thread 0x000001f49313c0c0 Uncommon trap: reason=unstable_if action=reinterpret pc=0x000001f487ad96d4 method=java.lang.String.isLatin1()Z @ 10 c2
Event: 589.179 Thread 0x000001f49313c0c0 DEOPT PACKING pc=0x000001f487ad96d4 sp=0x000000910d5fd580
Event: 589.179 Thread 0x000001f49313c0c0 DEOPT UNPACKING pc=0x000001f487589ea3 sp=0x000000910d5fd4b0 mode 2
Event: 589.239 Thread 0x000001f49313c0c0 DEOPT PACKING pc=0x000001f48124df00 sp=0x000000910d5fe110
Event: 589.239 Thread 0x000001f49313c0c0 DEOPT UNPACKING pc=0x000001f48758a9e3 sp=0x000000910d5fd598 mode 0

Classes unloaded (15 events):
Event: 6.416 Thread 0x000001f4ffaf14b0 Unloading class 0x0000000100253800 'java/lang/invoke/LambdaForm$MH+0x0000000100253800'
Event: 6.416 Thread 0x000001f4ffaf14b0 Unloading class 0x0000000100253400 'java/lang/invoke/LambdaForm$MH+0x0000000100253400'
Event: 6.416 Thread 0x000001f4ffaf14b0 Unloading class 0x0000000100253000 'java/lang/invoke/LambdaForm$MH+0x0000000100253000'
Event: 6.416 Thread 0x000001f4ffaf14b0 Unloading class 0x0000000100252c00 'java/lang/invoke/LambdaForm$MH+0x0000000100252c00'
Event: 6.416 Thread 0x000001f4ffaf14b0 Unloading class 0x0000000100252800 'java/lang/invoke/LambdaForm$BMH+0x0000000100252800'
Event: 6.416 Thread 0x000001f4ffaf14b0 Unloading class 0x0000000100252400 'java/lang/invoke/LambdaForm$DMH+0x0000000100252400'
Event: 6.416 Thread 0x000001f4ffaf14b0 Unloading class 0x0000000100241800 'java/lang/invoke/LambdaForm$DMH+0x0000000100241800'
Event: 12.777 Thread 0x000001f4ffaf14b0 Unloading class 0x00000001005db800 'java/lang/invoke/LambdaForm$MH+0x00000001005db800'
Event: 12.777 Thread 0x000001f4ffaf14b0 Unloading class 0x00000001005db000 'java/lang/invoke/LambdaForm$MH+0x00000001005db000'
Event: 12.777 Thread 0x000001f4ffaf14b0 Unloading class 0x00000001005da400 'java/lang/invoke/LambdaForm$MH+0x00000001005da400'
Event: 12.777 Thread 0x000001f4ffaf14b0 Unloading class 0x00000001005d9c00 'java/lang/invoke/LambdaForm$MH+0x00000001005d9c00'
Event: 12.777 Thread 0x000001f4ffaf14b0 Unloading class 0x00000001005d9400 'java/lang/invoke/LambdaForm$MH+0x00000001005d9400'
Event: 12.777 Thread 0x000001f4ffaf14b0 Unloading class 0x00000001005d9000 'java/lang/invoke/LambdaForm$DMH+0x00000001005d9000'
Event: 552.319 Thread 0x000001f4ffaf14b0 Unloading class 0x00000001006d1400 'java/lang/invoke/LambdaForm$MH+0x00000001006d1400'
Event: 552.319 Thread 0x000001f4ffaf14b0 Unloading class 0x00000001006d1000 'java/lang/invoke/LambdaForm$DMH+0x00000001006d1000'

Classes redefined (0 events):
No events

Internal exceptions (20 events):
Event: 16.688 Thread 0x000001f493138e20 Exception <a 'java/lang/NoSuchMethodError'{0x00000000eae838f8}: 'int java.lang.invoke.DirectMethodHandle$Holder.invokeSpecialIFC(java.lang.Object, java.lang.Object, java.lang.Object)'> (0x00000000eae838f8) 
thrown [s\src\hotspot\share\interpreter\linkResolver.cpp, line 759]
Event: 312.705 Thread 0x000001f49313c5d0 Exception <a 'java/lang/NoSuchMethodError'{0x00000000ead98178}: static [J.<clinit>()V> (0x00000000ead98178) 
thrown [s\src\hotspot\share\prims\jni.cpp, line 1107]
Event: 312.710 Thread 0x000001f49313c5d0 Exception <a 'java/lang/NoSuchMethodError'{0x00000000eadc96f8}: 'java.lang.Object java.lang.invoke.DirectMethodHandle$Holder.newInvokeSpecial(java.lang.Object, java.lang.Object, java.lang.Object, java.lang.Object, java.lang.Object, java.lang.Object, java.lang.Object, java.lang.Object)'> (0x00000000eadc96f8) 
thrown [s\src\hotspot\share\interpreter\linkResolver.cpp, line 759]
Event: 312.710 Thread 0x000001f49313c5d0 Exception <a 'java/lang/NoSuchMethodError'{0x00000000eadce608}: 'java.lang.Object java.lang.invoke.Invokers$Holder.linkToTargetMethod(java.lang.Object, java.lang.Object, java.lang.Object, java.lang.Object, java.lang.Object, java.lang.Object, java.lang.Object, java.lang.Object)'> (0x00000000eadce608) 
thrown [s\src\hotspot\share\interpreter\linkResolver.cpp, line 759]
Event: 551.970 Thread 0x000001f493139840 Exception <a 'sun/nio/fs/WindowsException'{0x00000000ebcb7e58}> (0x00000000ebcb7e58) 
thrown [s\src\hotspot\share\prims\jni.cpp, line 516]
Event: 552.505 Thread 0x000001f49030b030 Exception <a 'java/lang/NoSuchMethodError'{0x00000000eb2dc030}: 'java.lang.Object java.lang.invoke.DirectMethodHandle$Holder.invokeSpecial(java.lang.Object, java.lang.Object, int, long)'> (0x00000000eb2dc030) 
thrown [s\src\hotspot\share\interpreter\linkResolver.cpp, line 759]
Event: 552.555 Thread 0x000001f49030c470 Exception <a 'java/lang/ArrayIndexOutOfBoundsException'{0x00000000eb5ac288}: Index 1087 out of bounds for length 1086> (0x00000000eb5ac288) 
thrown [s\src\hotspot\share\interpreter\interpreterRuntime.cpp, line 428]
Event: 552.687 Thread 0x000001f49313b6a0 Exception <a 'java/lang/NoSuchMethodError'{0x00000000eb8cb608}: 'int java.lang.invoke.DirectMethodHandle$Holder.invokeStatic(java.lang.Object, java.lang.Object, java.lang.Object, int)'> (0x00000000eb8cb608) 
thrown [s\src\hotspot\share\interpreter\linkResolver.cpp, line 759]
Event: 553.112 Thread 0x000001f49313b6a0 Exception <a 'java/lang/NoSuchMethodError'{0x00000000eab59c18}: 'int java.lang.invoke.DirectMethodHandle$Holder.invokeStatic(java.lang.Object, int, java.lang.Object)'> (0x00000000eab59c18) 
thrown [s\src\hotspot\share\interpreter\linkResolver.cpp, line 759]
Event: 553.505 Thread 0x000001f49313a260 Implicit null exception at 0x000001f487b525ac to 0x000001f487b5260c
Event: 554.469 Thread 0x000001f49313c0c0 Implicit null exception at 0x000001f487e88c21 to 0x000001f487e88e9e
Event: 554.805 Thread 0x000001f49313c0c0 Exception <a 'java/lang/NoSuchMethodError'{0x00000000eab184b0}: 'java.lang.Object java.lang.invoke.DirectMethodHandle$Holder.newInvokeSpecial(java.lang.Object, java.lang.Object, int, java.lang.Object, java.lang.Object, java.lang.Object, java.lang.Object)'> (0x00000000eab184b0) 
thrown [s\src\hotspot\share\interpreter\linkResolver.cpp, line 759]
Event: 555.884 Thread 0x000001f49313c0c0 Exception <a 'java/lang/NoSuchMethodError'{0x00000000eabec650}: 'java.lang.Object java.lang.invoke.DirectMethodHandle$Holder.invokeStatic(java.lang.Object, int, java.lang.Object)'> (0x00000000eabec650) 
thrown [s\src\hotspot\share\interpreter\linkResolver.cpp, line 759]
Event: 555.886 Thread 0x000001f49313c0c0 Implicit null exception at 0x000001f4880e5737 to 0x000001f4880e5b6c
Event: 572.295 Thread 0x000001f49313c0c0 Exception <a 'java/lang/NoSuchMethodError'{0x00000000eac7df40}: 'void java.lang.invoke.DirectMethodHandle$Holder.invokeSpecial(java.lang.Object, java.lang.Object, int)'> (0x00000000eac7df40) 
thrown [s\src\hotspot\share\interpreter\linkResolver.cpp, line 759]
Event: 572.320 Thread 0x000001f49313c0c0 Exception <a 'java/lang/NoSuchMethodError'{0x00000000eaec7368}: 'java.lang.Object java.lang.invoke.DirectMethodHandle$Holder.invokeSpecial(java.lang.Object, java.lang.Object, long, java.lang.Object, java.lang.Object, java.lang.Object, java.lang.Object, java.lang.Object, java.lang.Object, java.lang.Object, java.lang.Object, java.lang.Object)'> (0x00000000eaec7368) 
thrown [s\src\hotspot\share\interpreter\linkResolver.cpp, line 759]
Event: 572.320 Thread 0x000001f49313c0c0 Exception <a 'java/lang/NoSuchMethodError'{0x00000000eaecb8b0}: 'java.lang.Object java.lang.invoke.DelegatingMethodHandle$Holder.reinvoke_L(java.lang.Object, long, java.lang.Object, java.lang.Object, java.lang.Object, java.lang.Object, java.lang.Object, java.lang.Object, java.lang.Object, java.lang.Object, java.lang.Object)'> (0x00000000eaecb8b0) 
thrown [s\src\hotspot\share\interpreter\linkResolver.cpp, line 759]
Event: 572.322 Thread 0x000001f49313c0c0 Exception <a 'java/lang/NoSuchMethodError'{0x00000000eaef9ab8}: 'java.lang.Object java.lang.invoke.Invokers$Holder.linkToTargetMethod(java.lang.Object, java.lang.Object, java.lang.Object, java.lang.Object, java.lang.Object, java.lang.Object, java.lang.Object, java.lang.Object, java.lang.Object, java.lang.Object)'> (0x00000000eaef9ab8) 
thrown [s\src\hotspot\share\interpreter\linkResolver.cpp, line 759]
Event: 572.379 Thread 0x000001f49030ab20 Implicit null exception at 0x000001f48804dfb4 to 0x000001f48804e3cc
Event: 572.801 Thread 0x000001f493140290 Implicit null exception at 0x000001f487f4b217 to 0x000001f487f4c9c0

VM Operations (20 events):
Event: 572.769 Executing VM operation: ParallelGCFailedAllocation
Event: 572.771 Executing VM operation: ParallelGCFailedAllocation done
Event: 572.874 Executing VM operation: ParallelGCFailedAllocation
Event: 572.876 Executing VM operation: ParallelGCFailedAllocation done
Event: 573.888 Executing VM operation: Cleanup
Event: 573.888 Executing VM operation: Cleanup done
Event: 577.929 Executing VM operation: Cleanup
Event: 577.929 Executing VM operation: Cleanup done
Event: 588.846 Executing VM operation: ParallelGCFailedAllocation
Event: 588.848 Executing VM operation: ParallelGCFailedAllocation done
Event: 589.031 Executing VM operation: ParallelGCFailedAllocation
Event: 589.033 Executing VM operation: ParallelGCFailedAllocation done
Event: 589.066 Executing VM operation: HandshakeAllThreads
Event: 589.066 Executing VM operation: HandshakeAllThreads done
Event: 589.137 Executing VM operation: HandshakeAllThreads
Event: 589.137 Executing VM operation: HandshakeAllThreads done
Event: 589.164 Executing VM operation: ParallelGCFailedAllocation
Event: 589.166 Executing VM operation: ParallelGCFailedAllocation done
Event: 589.236 Executing VM operation: ParallelGCFailedAllocation
Event: 589.238 Executing VM operation: ParallelGCFailedAllocation done

Events (20 events):
Event: 572.689 Thread 0x000001f490e1fb10 Thread added: 0x000001f490e1fb10
Event: 572.689 Thread 0x000001f490e20020 Thread added: 0x000001f490e20020
Event: 572.722 Thread 0x000001f490e1fb10 Thread exited: 0x000001f490e1fb10
Event: 572.722 Thread 0x000001f490e1cd80 Thread exited: 0x000001f490e1cd80
Event: 572.722 Thread 0x000001f490e1d7a0 Thread exited: 0x000001f490e1d7a0
Event: 572.722 Thread 0x000001f490e20020 Thread exited: 0x000001f490e20020
Event: 572.722 Thread 0x000001f493139840 Thread exited: 0x000001f493139840
Event: 572.866 loading class java/nio/BufferMismatch
Event: 572.867 loading class java/nio/BufferMismatch done
Event: 572.867 loading class java/nio/file/attribute/PosixFileAttributes
Event: 572.867 loading class java/nio/file/attribute/PosixFileAttributes done
Event: 572.960 Thread 0x000001f493139840 Thread added: 0x000001f493139840
Event: 577.103 Thread 0x000001f49367e5a0 Thread exited: 0x000001f49367e5a0
Event: 577.111 Thread 0x000001f49367e5a0 Thread added: 0x000001f49367e5a0
Event: 582.124 Thread 0x000001f49367e5a0 Thread exited: 0x000001f49367e5a0
Event: 588.865 Thread 0x000001f49367e5a0 Thread added: 0x000001f49367e5a0
Event: 589.066 loading class java/io/CharArrayReader
Event: 589.066 loading class java/io/CharArrayReader done
Event: 589.067 loading class java/util/regex/Pattern$Bound
Event: 589.067 loading class java/util/regex/Pattern$Bound done


Dynamic libraries:
0x00007ff689250000 - 0x00007ff68925e000 	c:\Users\Admin\.vscode\extensions\redhat.java-1.30.0-win32-x64\jre\17.0.10-win32-x86_64\bin\java.exe
0x00007ffd65f70000 - 0x00007ffd66186000 	C:\WINDOWS\SYSTEM32\ntdll.dll
0x00007ffd640d0000 - 0x00007ffd64194000 	C:\WINDOWS\System32\KERNEL32.DLL
0x00007ffd634d0000 - 0x00007ffd63877000 	C:\WINDOWS\System32\KERNELBASE.dll
0x00007ffd63a90000 - 0x00007ffd63ba1000 	C:\WINDOWS\System32\ucrtbase.dll
0x00007ffd46320000 - 0x00007ffd46337000 	c:\Users\Admin\.vscode\extensions\redhat.java-1.30.0-win32-x64\jre\17.0.10-win32-x86_64\bin\jli.dll
0x00007ffd642b0000 - 0x00007ffd6445e000 	C:\WINDOWS\System32\USER32.dll
0x00007ffd63290000 - 0x00007ffd632b6000 	C:\WINDOWS\System32\win32u.dll
0x00007ffd645d0000 - 0x00007ffd645f9000 	C:\WINDOWS\System32\GDI32.dll
0x00007ffd63970000 - 0x00007ffd63a89000 	C:\WINDOWS\System32\gdi32full.dll
0x00007ffd63430000 - 0x00007ffd634ca000 	C:\WINDOWS\System32\msvcp_win.dll
0x00007ffd3bc80000 - 0x00007ffd3bc9b000 	c:\Users\Admin\.vscode\extensions\redhat.java-1.30.0-win32-x64\jre\17.0.10-win32-x86_64\bin\VCRUNTIME140.dll
0x00007ffd46600000 - 0x00007ffd46893000 	C:\WINDOWS\WinSxS\amd64_microsoft.windows.common-controls_6595b64144ccf1df_6.0.22621.3235_none_270f74e173860f98\COMCTL32.dll
0x00007ffd64460000 - 0x00007ffd64507000 	C:\WINDOWS\System32\msvcrt.dll
0x00007ffd65870000 - 0x00007ffd658a1000 	C:\WINDOWS\System32\IMM32.DLL
0x00007ffd46a20000 - 0x00007ffd46a2c000 	c:\Users\Admin\.vscode\extensions\redhat.java-1.30.0-win32-x64\jre\17.0.10-win32-x86_64\bin\vcruntime140_1.dll
0x00007ffd3bbf0000 - 0x00007ffd3bc7d000 	c:\Users\Admin\.vscode\extensions\redhat.java-1.30.0-win32-x64\jre\17.0.10-win32-x86_64\bin\msvcp140.dll
0x00007ffcc2e00000 - 0x00007ffcc3a62000 	c:\Users\Admin\.vscode\extensions\redhat.java-1.30.0-win32-x64\jre\17.0.10-win32-x86_64\bin\server\jvm.dll
0x00007ffd64510000 - 0x00007ffd645c2000 	C:\WINDOWS\System32\ADVAPI32.dll
0x00007ffd64200000 - 0x00007ffd642a8000 	C:\WINDOWS\System32\sechost.dll
0x00007ffd63c70000 - 0x00007ffd63c98000 	C:\WINDOWS\System32\bcrypt.dll
0x00007ffd63fb0000 - 0x00007ffd640c5000 	C:\WINDOWS\System32\RPCRT4.dll
0x00007ffd62b40000 - 0x00007ffd62b8d000 	C:\WINDOWS\SYSTEM32\POWRPROF.dll
0x00007ffd46310000 - 0x00007ffd46319000 	C:\WINDOWS\SYSTEM32\WSOCK32.dll
0x00007ffd64690000 - 0x00007ffd64701000 	C:\WINDOWS\System32\WS2_32.dll
0x00007ffd5bb40000 - 0x00007ffd5bb74000 	C:\WINDOWS\SYSTEM32\WINMM.dll
0x00007ffd58b90000 - 0x00007ffd58b9a000 	C:\WINDOWS\SYSTEM32\VERSION.dll
0x00007ffd62ad0000 - 0x00007ffd62ae3000 	C:\WINDOWS\SYSTEM32\UMPDC.dll
0x00007ffd622d0000 - 0x00007ffd622e8000 	C:\WINDOWS\SYSTEM32\kernel.appcore.dll
0x00007ffd46970000 - 0x00007ffd4697a000 	c:\Users\Admin\.vscode\extensions\redhat.java-1.30.0-win32-x64\jre\17.0.10-win32-x86_64\bin\jimage.dll
0x00007ffd60bb0000 - 0x00007ffd60de3000 	C:\WINDOWS\SYSTEM32\DBGHELP.DLL
0x00007ffd64710000 - 0x00007ffd64a98000 	C:\WINDOWS\System32\combase.dll
0x00007ffd658d0000 - 0x00007ffd659a7000 	C:\WINDOWS\System32\OLEAUT32.dll
0x00007ffd54250000 - 0x00007ffd54282000 	C:\WINDOWS\SYSTEM32\dbgcore.DLL
0x00007ffd63880000 - 0x00007ffd638f9000 	C:\WINDOWS\System32\bcryptPrimitives.dll
0x00007ffd3fb80000 - 0x00007ffd3fb8e000 	c:\Users\Admin\.vscode\extensions\redhat.java-1.30.0-win32-x64\jre\17.0.10-win32-x86_64\bin\instrument.dll
0x00007ffd385c0000 - 0x00007ffd385e5000 	c:\Users\Admin\.vscode\extensions\redhat.java-1.30.0-win32-x64\jre\17.0.10-win32-x86_64\bin\java.dll
0x00007ffd3ba40000 - 0x00007ffd3ba58000 	c:\Users\Admin\.vscode\extensions\redhat.java-1.30.0-win32-x64\jre\17.0.10-win32-x86_64\bin\zip.dll
0x00007ffd65010000 - 0x00007ffd6586c000 	C:\WINDOWS\System32\SHELL32.dll
0x00007ffd611f0000 - 0x00007ffd61ae9000 	C:\WINDOWS\SYSTEM32\windows.storage.dll
0x00007ffd610b0000 - 0x00007ffd611ee000 	C:\WINDOWS\SYSTEM32\wintypes.dll
0x00007ffd64c50000 - 0x00007ffd64d43000 	C:\WINDOWS\System32\SHCORE.dll
0x00007ffd64f00000 - 0x00007ffd64f5e000 	C:\WINDOWS\System32\shlwapi.dll
0x00007ffd631c0000 - 0x00007ffd631e1000 	C:\WINDOWS\SYSTEM32\profapi.dll
0x00007ffd37e80000 - 0x00007ffd37e99000 	C:\Users\Admin\.vscode\extensions\redhat.java-1.30.0-win32-x64\jre\17.0.10-win32-x86_64\bin\net.dll
0x00007ffd5ddb0000 - 0x00007ffd5dee6000 	C:\WINDOWS\SYSTEM32\WINHTTP.dll
0x00007ffd62740000 - 0x00007ffd627a9000 	C:\WINDOWS\system32\mswsock.dll
0x00007ffd37a00000 - 0x00007ffd37a16000 	C:\Users\Admin\.vscode\extensions\redhat.java-1.30.0-win32-x64\jre\17.0.10-win32-x86_64\bin\nio.dll
0x00007ffd3bbe0000 - 0x00007ffd3bbf0000 	c:\Users\Admin\.vscode\extensions\redhat.java-1.30.0-win32-x64\jre\17.0.10-win32-x86_64\bin\verify.dll
0x00007ffd356d0000 - 0x00007ffd3570e000 	C:\Users\Admin\AppData\Roaming\Code\User\globalStorage\redhat.java\1.30.0\config_win\org.eclipse.equinox.launcher\org.eclipse.equinox.launcher.win32.win32.x86_64_1.2.900.v20240213-1244\eclipse_11900.dll
0x00007ffd64d50000 - 0x00007ffd64ef5000 	C:\WINDOWS\System32\ole32.dll
0x00007ffd629a0000 - 0x00007ffd629bb000 	C:\WINDOWS\SYSTEM32\CRYPTSP.dll
0x00007ffd62230000 - 0x00007ffd62265000 	C:\WINDOWS\system32\rsaenh.dll
0x00007ffd62840000 - 0x00007ffd62868000 	C:\WINDOWS\SYSTEM32\USERENV.dll
0x00007ffd629c0000 - 0x00007ffd629cc000 	C:\WINDOWS\SYSTEM32\CRYPTBASE.dll
0x00007ffd61d40000 - 0x00007ffd61d6d000 	C:\WINDOWS\SYSTEM32\IPHLPAPI.DLL
0x00007ffd64c20000 - 0x00007ffd64c29000 	C:\WINDOWS\System32\NSI.dll
0x00007ffd5bf50000 - 0x00007ffd5bf69000 	C:\WINDOWS\SYSTEM32\dhcpcsvc6.DLL
0x00007ffd5bec0000 - 0x00007ffd5bedf000 	C:\WINDOWS\SYSTEM32\dhcpcsvc.DLL
0x00007ffd61d70000 - 0x00007ffd61e69000 	C:\WINDOWS\SYSTEM32\DNSAPI.dll
0x00007ffd34ec0000 - 0x00007ffd34f05000 	C:\Users\Admin\AppData\Local\Temp\jna-63116079\jna9426839268658412650.dll
0x00007ffd64c30000 - 0x00007ffd64c38000 	C:\WINDOWS\System32\PSAPI.DLL
0x00007ffd379f0000 - 0x00007ffd379fe000 	C:\Users\Admin\.vscode\extensions\redhat.java-1.30.0-win32-x64\jre\17.0.10-win32-x86_64\bin\sunmscapi.dll
0x00007ffd632c0000 - 0x00007ffd63427000 	C:\WINDOWS\System32\CRYPT32.dll
0x00007ffd62c30000 - 0x00007ffd62c5e000 	C:\WINDOWS\SYSTEM32\ncrypt.dll
0x00007ffd62bf0000 - 0x00007ffd62c27000 	C:\WINDOWS\SYSTEM32\NTASN1.dll

dbghelp: loaded successfully - version: 4.0.5 - missing functions: none
symbol engine: initialized successfully - sym options: 0x614 - pdb path: .;c:\Users\Admin\.vscode\extensions\redhat.java-1.30.0-win32-x64\jre\17.0.10-win32-x86_64\bin;C:\WINDOWS\SYSTEM32;C:\WINDOWS\WinSxS\amd64_microsoft.windows.common-controls_6595b64144ccf1df_6.0.22621.3235_none_270f74e173860f98;c:\Users\Admin\.vscode\extensions\redhat.java-1.30.0-win32-x64\jre\17.0.10-win32-x86_64\bin\server;C:\Users\Admin\AppData\Roaming\Code\User\globalStorage\redhat.java\1.30.0\config_win\org.eclipse.equinox.launcher\org.eclipse.equinox.launcher.win32.win32.x86_64_1.2.900.v20240213-1244;C:\Users\Admin\AppData\Local\Temp\jna-63116079

VM Arguments:
jvm_args: --add-modules=ALL-SYSTEM --add-opens=java.base/java.util=ALL-UNNAMED --add-opens=java.base/java.lang=ALL-UNNAMED --add-opens=java.base/sun.nio.fs=ALL-UNNAMED -Declipse.application=org.eclipse.jdt.ls.core.id1 -Dosgi.bundles.defaultStartLevel=4 -Declipse.product=org.eclipse.jdt.ls.core.product -Djava.import.generatesMetadataFilesAtProjectRoot=false -DDetectVMInstallationsJob.disabled=true -Dfile.encoding=utf8 -XX:+UseParallelGC -XX:GCTimeRatio=4 -XX:AdaptiveSizePolicyWeight=90 -Dsun.zip.disableMemoryMapping=true -Xmx1G -Xms100m -Xlog:disable -javaagent:c:\Users\Admin\.vscode\extensions\redhat.java-1.30.0-win32-x64\lombok\lombok-1.18.32.jar -XX:+HeapDumpOnOutOfMemoryError -XX:HeapDumpPath=c:\Users\Admin\AppData\Roaming\Code\User\workspaceStorage\a739c42527a8ae1ee267ab48659ef6d9\redhat.java -Daether.dependencyCollector.impl=bf 
java_command: c:\Users\Admin\.vscode\extensions\redhat.java-1.30.0-win32-x64\server\plugins\org.eclipse.equinox.launcher_1.6.800.v20240330-1250.jar -configuration c:\Users\Admin\AppData\Roaming\Code\User\globalStorage\redhat.java\1.30.0\config_win -data c:\Users\Admin\AppData\Roaming\Code\User\workspaceStorage\a739c42527a8ae1ee267ab48659ef6d9\redhat.java\jdt_ws --pipe=\\.\pipe\lsp-fa71292c05fc00c44038c429baa81fb6-sock
java_class_path (initial): c:\Users\Admin\.vscode\extensions\redhat.java-1.30.0-win32-x64\server\plugins\org.eclipse.equinox.launcher_1.6.800.v20240330-1250.jar
Launcher Type: SUN_STANDARD

[Global flags]
    uintx AdaptiveSizePolicyWeight                 = 90                                        {product} {command line}
     intx CICompilerCount                          = 4                                         {product} {ergonomic}
    uintx GCTimeRatio                              = 4                                         {product} {command line}
     bool HeapDumpOnOutOfMemoryError               = true                                   {manageable} {command line}
    ccstr HeapDumpPath                             = c:\Users\Admin\AppData\Roaming\Code\User\workspaceStorage\a739c42527a8ae1ee267ab48659ef6d9\redhat.java         {manageable} {command line}
   size_t InitialHeapSize                          = 104857600                                 {product} {command line}
   size_t MaxHeapSize                              = 1073741824                                {product} {command line}
   size_t MaxNewSize                               = 357564416                                 {product} {ergonomic}
   size_t MinHeapDeltaBytes                        = 524288                                    {product} {ergonomic}
   size_t MinHeapSize                              = 104857600                                 {product} {command line}
   size_t NewSize                                  = 34603008                                  {product} {ergonomic}
    uintx NonNMethodCodeHeapSize                   = 5839372                                {pd product} {ergonomic}
    uintx NonProfiledCodeHeapSize                  = 122909434                              {pd product} {ergonomic}
   size_t OldSize                                  = 70254592                                  {product} {ergonomic}
    uintx ProfiledCodeHeapSize                     = 122909434                              {pd product} {ergonomic}
    uintx ReservedCodeCacheSize                    = 251658240                              {pd product} {ergonomic}
     bool SegmentedCodeCache                       = true                                      {product} {ergonomic}
   size_t SoftMaxHeapSize                          = 1073741824                             {manageable} {ergonomic}
     bool UseCompressedClassPointers               = true                           {product lp64_product} {ergonomic}
     bool UseCompressedOops                        = true                           {product lp64_product} {ergonomic}
     bool UseLargePagesIndividualAllocation        = false                                  {pd product} {ergonomic}
     bool UseParallelGC                            = true                                      {product} {command line}

Logging:
Log output configuration:
 #0: stdout all=off uptime,level,tags
 #1: stderr all=off uptime,level,tags

Environment Variables:
JAVA_HOME=C:\Program Files\Java\jdk-17
PATH=C:\Program Files\Common Files\Oracle\Java\javapath;C:\Program Files (x86)\Common Files\Oracle\Java\javapath;C:\Program Files (x86)\VMware\VMware Workstation\bin\;C:\WINDOWS\system32;C:\WINDOWS;C:\WINDOWS\System32\Wbem;C:\WINDOWS\System32\WindowsPowerShell\v1.0\;C:\WINDOWS\System32\OpenSSH\;C:\Program Files (x86)\Microsoft SQL Server\160\Tools\Binn\;C:\Program Files\Microsoft SQL Server\160\Tools\Binn\;C:\Program Files\Microsoft SQL Server\Client SDK\ODBC\170\Tools\Binn\;C:\Program Files\Microsoft SQL Server\160\DTS\Binn\;C:\Program Files\Azure Data Studio\bin;C:\Program Files (x86)\Microsoft SQL Server\160\DTS\Binn\;C:\Program Files\Microsoft SQL Server\130\Tools\Binn\;C:\Program Files\Microsoft SQL Server\150\Tools\Binn\;C:\Program Files\Git\cmd;C:\Program Files\dotnet\;C:\Program Files\nodejs\;D:\download\apache-maven-3.9.6\bin;C:\Program Files\Java\jdk1.8.0_341\;C:\Users\Admin\AppData\Local\Microsoft\WindowsApps;C:\Program Files\Azure Data Studio\bin;C:\Users\Admin\.dotnet\tools;C:\Users\Admin\AppData\Local\gitkraken\bin;C:\Users\Admin\.dotnet\tools;C:\Users\Admin\AppData\Local\Programs\Microsoft VS Code\bin;C:\Users\Admin\AppData\Roaming\npm;C:\Program Files\Java\jdk-17\bin;C:\Users\Admin\Desktop\CNDLL\spark-3.5.0-bin-hadoop3\bin;C:\Users\Admin\Desktop\CNDLL\spark-3.5.0-bin-hadoop3\bin\bin;C:\Users\Admin\AppData\Local\GitHubDesktop\bin
USERNAME=Admin
OS=Windows_NT
PROCESSOR_IDENTIFIER=Intel64 Family 6 Model 140 Stepping 1, GenuineIntel
TMP=C:\Users\Admin\AppData\Local\Temp
TEMP=C:\Users\Admin\AppData\Local\Temp



Periodic native trim disabled


---------------  S Y S T E M  ---------------

OS:
 Windows 11 , 64 bit Build 22621 (10.0.22621.3374)
OS uptime: 0 days 0:42 hours

CPU: total 8 (initial active 8) (4 cores per cpu, 2 threads per core) family 6 model 140 stepping 1 microcode 0x8a, cx8, cmov, fxsr, ht, mmx, 3dnowpref, sse, sse2, sse3, ssse3, sse4.1, sse4.2, popcnt, lzcnt, tsc, tscinvbit, avx, avx2, aes, erms, clmul, bmi1, bmi2, adx, avx512f, avx512dq, avx512cd, avx512bw, avx512vl, sha, fma, vzeroupper, avx512_vpopcntdq, avx512_vpclmulqdq, avx512_vaes, avx512_vnni, clflush, clflushopt, clwb, avx512_vbmi2, avx512_vbmi
Processor Information for all 8 processors :
  Max Mhz: 2419, Current Mhz: 2419, Mhz Limit: 2419

Memory: 4k page, system-wide physical 7975M (344M free)
TotalPageFile size 11975M (AvailPageFile size 4M)
current process WorkingSet (physical memory assigned to process): 339M, peak: 354M
current process commit charge ("private bytes"): 397M, peak: 414M

vm_info: OpenJDK 64-Bit Server VM (17.0.10+7) for windows-amd64 JRE (17.0.10+7), built on Jan 16 2024 23:25:11 by "admin" with MS VC++ 16.10 / 16.11 (VS2019)

END.
