#
# There is insufficient memory for the Java Runtime Environment to continue.
# Native memory allocation (malloc) failed to allocate 2097152 bytes for AllocateHeap
# Possible reasons:
#   The system is out of physical RAM or swap space
#   The process is running with CompressedOops enabled, and the Java Heap may be blocking the growth of the native heap
# Possible solutions:
#   Reduce memory load on the system
#   Increase physical memory or swap space
#   Check if swap backing store is full
#   Decrease Java heap size (-Xmx/-Xms)
#   Decrease number of Java threads
#   Decrease Java thread stack sizes (-Xss)
#   Set larger code cache with -XX:ReservedCodeCacheSize=
#   JVM is running with Unscaled Compressed Oops mode in which the Java heap is
#     placed in the first 4GB address space. The Java Heap base address is the
#     maximum limit for the native heap growth. Please use -XX:HeapBaseMinAddress
#     to set the Java Heap base and to place the Java Heap above 4GB virtual address.
# This output file may be truncated or incomplete.
#
#  Out of Memory Error (allocation.cpp:44), pid=11276, tid=12776
#
# JRE version: OpenJDK Runtime Environment Temurin-17.0.10+7 (17.0.10+7) (build 17.0.10+7)
# Java VM: OpenJDK 64-Bit Server VM Temurin-17.0.10+7 (17.0.10+7, mixed mode, emulated-client, tiered, compressed oops, compressed class ptrs, g1 gc, windows-amd64)
# No core dump will be written. Minidumps are not enabled by default on client versions of Windows
#

---------------  S U M M A R Y ------------

Command Line: -Xmx1024m -Dsts.lsp.client=vscode -Dsts.log.file=/dev/null -XX:TieredStopAtLevel=1 -Xlog:jni+resolve=off -Dspring.config.location=file:c:\Users\Admin\.vscode\extensions\vmware.vscode-spring-boot-1.54.0\language-server\BOOT-INF\classes\application.properties org.springframework.ide.vscode.boot.app.BootLanguageServerBootApp

Host: 11th Gen Intel(R) Core(TM) i5-1135G7 @ 2.40GHz, 8 cores, 7G,  Windows 11 , 64 bit Build 22621 (10.0.22621.3374)
Time: Sat May 18 15:38:09 2024 SE Asia Standard Time elapsed time: 3399.203718 seconds (0d 0h 56m 39s)

---------------  T H R E A D  ---------------

Current thread (0x00000194bba40140):  VMThread "VM Thread" [stack: 0x0000008fe1900000,0x0000008fe1a00000] [id=12776]

Stack: [0x0000008fe1900000,0x0000008fe1a00000]
Native frames: (J=compiled Java code, j=interpreted, Vv=VM code, C=native code)
V  [jvm.dll+0x67d2c9]
V  [jvm.dll+0x834afa]
V  [jvm.dll+0x8365be]
V  [jvm.dll+0x836c23]
V  [jvm.dll+0x2477ff]
V  [jvm.dll+0xa6c93]
V  [jvm.dll+0x2f86f1]
V  [jvm.dll+0x2f42e0]
V  [jvm.dll+0x2dc8c7]
V  [jvm.dll+0x31fb87]
V  [jvm.dll+0x83b11b]
V  [jvm.dll+0x83be61]
V  [jvm.dll+0x83c37d]
V  [jvm.dll+0x83c754]
V  [jvm.dll+0x83c820]
V  [jvm.dll+0x7e3fba]
V  [jvm.dll+0x67c1b5]
C  [ucrtbase.dll+0x29333]
C  [KERNEL32.DLL+0x1257d]
C  [ntdll.dll+0x5aa48]

VM_Operation (0x0000008fe32fe920): G1CollectFull, mode: safepoint, requested by thread 0x00000194c165dce0


---------------  P R O C E S S  ---------------

Threads class SMR info:
_java_thread_list=0x00000194c97e8890, length=28, elements={
0x00000194bba57370, 0x00000194bba57e40, 0x00000194bba78e40, 0x00000194bba79910,
0x00000194bba7c1f0, 0x00000194bba7ead0, 0x00000194bbb8a520, 0x00000194bbb8ae30,
0x00000194bbda6ac0, 0x00000194bbda73f0, 0x00000194c1608c30, 0x00000194c165dce0,
0x00000194c1666490, 0x00000194aea5d5d0, 0x00000194c16b5bf0, 0x00000194c1709c80,
0x00000194c1726190, 0x00000194c1725770, 0x00000194c17266a0, 0x00000194c1726bb0,
0x00000194c1725c80, 0x00000194c1159740, 0x00000194c1159230, 0x00000194c1155a80,
0x00000194c1155570, 0x00000194c11573d0, 0x00000194c11578e0, 0x00000194c115b5a0
}

Java Threads: ( => current thread )
  0x00000194bba57370 JavaThread "Reference Handler" daemon [_thread_blocked, id=8272, stack(0x0000008fe1a00000,0x0000008fe1b00000)]
  0x00000194bba57e40 JavaThread "Finalizer" daemon [_thread_blocked, id=10728, stack(0x0000008fe1b00000,0x0000008fe1c00000)]
  0x00000194bba78e40 JavaThread "Signal Dispatcher" daemon [_thread_blocked, id=2900, stack(0x0000008fe1d00000,0x0000008fe1e00000)]
  0x00000194bba79910 JavaThread "Attach Listener" daemon [_thread_blocked, id=14036, stack(0x0000008fe1e00000,0x0000008fe1f00000)]
  0x00000194bba7c1f0 JavaThread "Service Thread" daemon [_thread_blocked, id=12416, stack(0x0000008fe1f00000,0x0000008fe2000000)]
  0x00000194bba7ead0 JavaThread "Monitor Deflation Thread" daemon [_thread_blocked, id=7372, stack(0x0000008fe2000000,0x0000008fe2100000)]
  0x00000194bbb8a520 JavaThread "C1 CompilerThread0" daemon [_thread_blocked, id=13564, stack(0x0000008fe2100000,0x0000008fe2200000)]
  0x00000194bbb8ae30 JavaThread "Sweeper thread" daemon [_thread_blocked, id=9928, stack(0x0000008fe2200000,0x0000008fe2300000)]
  0x00000194bbda6ac0 JavaThread "Notification Thread" daemon [_thread_blocked, id=7108, stack(0x0000008fe2600000,0x0000008fe2700000)]
  0x00000194bbda73f0 JavaThread "Common-Cleaner" daemon [_thread_blocked, id=3712, stack(0x0000008fe2800000,0x0000008fe2900000)]
  0x00000194c1608c30 JavaThread "boundedElastic-evictor-1" daemon [_thread_blocked, id=6664, stack(0x0000008fe2e00000,0x0000008fe2f00000)]
  0x00000194c165dce0 JavaThread "pool-13-thread-1" [_thread_blocked, id=7116, stack(0x0000008fe3200000,0x0000008fe3300000)]
  0x00000194c1666490 JavaThread "LanguageServerApp-lifecycle" [_thread_blocked, id=11332, stack(0x0000008fe3300000,0x0000008fe3400000)]
  0x00000194aea5d5d0 JavaThread "DestroyJavaVM" [_thread_blocked, id=12316, stack(0x0000008fe1300000,0x0000008fe1400000)]
  0x00000194c16b5bf0 JavaThread "pool-14-thread-1" [_thread_in_native, id=1712, stack(0x0000008fe3400000,0x0000008fe3500000)]
  0x00000194c1709c80 JavaThread "Simple-Language-Server main thread" daemon [_thread_blocked, id=6688, stack(0x0000008fe3500000,0x0000008fe3600000)]
  0x00000194c1726190 JavaThread "pool-8-thread-1" [_thread_blocked, id=7552, stack(0x0000008fe3900000,0x0000008fe3a00000)]
  0x00000194c1725770 JavaThread "parallel-1" daemon [_thread_blocked, id=6268, stack(0x0000008fe3a00000,0x0000008fe3b00000)]
  0x00000194c17266a0 JavaThread "pool-6-thread-1" [_thread_blocked, id=13632, stack(0x0000008fe3b00000,0x0000008fe3c00000)]
  0x00000194c1726bb0 JavaThread "parallel-2" daemon [_thread_blocked, id=9556, stack(0x0000008fe3c00000,0x0000008fe3d00000)]
  0x00000194c1725c80 JavaThread "parallel-3" daemon [_thread_blocked, id=9036, stack(0x0000008fe3d00000,0x0000008fe3e00000)]
  0x00000194c1159740 JavaThread "parallel-4" daemon [_thread_blocked, id=7532, stack(0x0000008fe4400000,0x0000008fe4500000)]
  0x00000194c1159230 JavaThread "parallel-5" daemon [_thread_blocked, id=4396, stack(0x0000008fe4500000,0x0000008fe4600000)]
  0x00000194c1155a80 JavaThread "Reconciler-1" daemon [_thread_blocked, id=10456, stack(0x0000008fe4600000,0x0000008fe4700000)]
  0x00000194c1155570 JavaThread "parallel-6" daemon [_thread_blocked, id=14412, stack(0x0000008fe2400000,0x0000008fe2500000)]
  0x00000194c11573d0 JavaThread "parallel-7" daemon [_thread_blocked, id=6772, stack(0x0000008fe4700000,0x0000008fe4800000)]
  0x00000194c11578e0 JavaThread "parallel-8" daemon [_thread_blocked, id=13196, stack(0x0000008fe5100000,0x0000008fe5200000)]
  0x00000194c115b5a0 JavaThread "CompletableFutureDelayScheduler" daemon [_thread_blocked, id=13812, stack(0x0000008fe3800000,0x0000008fe3900000)]

Other Threads:
=>0x00000194bba40140 VMThread "VM Thread" [stack: 0x0000008fe1900000,0x0000008fe1a00000] [id=12776]
  0x00000194bbda6fa0 WatcherThread [stack: 0x0000008fe2700000,0x0000008fe2800000] [id=11424]
  0x00000194b0ca7440 GCTaskThread "GC Thread#0" [stack: 0x0000008fe1400000,0x0000008fe1500000] [id=11168]
  0x00000194c0a669d0 GCTaskThread "GC Thread#1" [stack: 0x0000008fe2900000,0x0000008fe2a00000] [id=5784]
  0x00000194c0a66c90 GCTaskThread "GC Thread#2" [stack: 0x0000008fe2a00000,0x0000008fe2b00000] [id=6668]
  0x00000194c0a8bff0 GCTaskThread "GC Thread#3" [stack: 0x0000008fe2b00000,0x0000008fe2c00000] [id=1320]
  0x00000194c0ce4e20 GCTaskThread "GC Thread#4" [stack: 0x0000008fe2c00000,0x0000008fe2d00000] [id=8508]
  0x00000194c0ce50e0 GCTaskThread "GC Thread#5" [stack: 0x0000008fe2d00000,0x0000008fe2e00000] [id=4304]
  0x00000194c0df4060 GCTaskThread "GC Thread#6" [stack: 0x0000008fe2f00000,0x0000008fe3000000] [id=12272]
  0x00000194c0e40e20 GCTaskThread "GC Thread#7" [stack: 0x0000008fe3000000,0x0000008fe3100000] [id=8504]
  0x00000194b0cb02a0 ConcurrentGCThread "G1 Main Marker" [stack: 0x0000008fe1500000,0x0000008fe1600000] [id=644]
  0x00000194b0cb0bd0 ConcurrentGCThread "G1 Conc#0" [stack: 0x0000008fe1600000,0x0000008fe1700000] [id=924]
  0x00000194c0f41430 ConcurrentGCThread "G1 Conc#1" [stack: 0x0000008fe3100000,0x0000008fe3200000] [id=13668]
  0x00000194b0d05c10 ConcurrentGCThread "G1 Refine#0" [stack: 0x0000008fe1700000,0x0000008fe1800000] [id=3504]
  0x00000194bb8b2710 ConcurrentGCThread "G1 Service" [stack: 0x0000008fe1800000,0x0000008fe1900000] [id=10412]

Threads with active compile tasks:

VM state: at safepoint (normal execution)

VM Mutex/Monitor currently owned by a thread:  ([mutex/lock_event])
[0x00000194ae9a4250] Threads_lock - owner thread: 0x00000194bba40140
[0x00000194ae99f250] Heap_lock - owner thread: 0x00000194c165dce0

Heap address: 0x00000000c0000000, size: 1024 MB, Compressed Oops mode: 32-bit

CDS archive(s) not mapped
Compressed class space mapped at: 0x0000000100000000-0x0000000140000000, reserved size: 1073741824
Narrow klass base: 0x0000000000000000, Narrow klass shift: 3, Narrow klass range: 0x140000000

GC Precious Log:
 CPUs: 8 total, 8 available
 Memory: 7975M
 Large Page Support: Disabled
 NUMA Support: Disabled
 Compressed Oops: Enabled (32-bit)
 Heap Region Size: 1M
 Heap Min Capacity: 8M
 Heap Initial Capacity: 126M
 Heap Max Capacity: 1G
 Pre-touch: Disabled
 Parallel Workers: 8
 Concurrent Workers: 2
 Concurrent Refinement Workers: 8
 Periodic GC: Disabled

Heap:
 garbage-first heap   total 91136K, used 34638K [0x00000000c0000000, 0x0000000100000000)
  region size 1024K, 1 young (1024K), 0 survivors (0K)
 Metaspace       used 58999K, committed 59456K, reserved 1114112K
  class space    used 7340K, committed 7552K, reserved 1048576K

Heap Regions: E=young(eden), S=young(survivor), O=old, HS=humongous(starts), HC=humongous(continues), CS=collection set, F=free, OA=open archive, CA=closed archive, TAMS=top-at-mark-start (previous, next)
|   0|0x00000000c0000000, 0x00000000c0100000, 0x00000000c0100000|100%|HS|  |TAMS 0x00000000c0100000, 0x00000000c0000000| Untracked 
|   1|0x00000000c0100000, 0x00000000c0200000, 0x00000000c0200000|100%|HC|  |TAMS 0x00000000c0200000, 0x00000000c0100000| Untracked 
|   2|0x00000000c0200000, 0x00000000c0300000, 0x00000000c0300000|100%|HC|  |TAMS 0x00000000c0300000, 0x00000000c0200000| Untracked 
|   3|0x00000000c0300000, 0x00000000c0400000, 0x00000000c0400000|100%|HC|  |TAMS 0x00000000c0400000, 0x00000000c0300000| Untracked 
|   4|0x00000000c0400000, 0x00000000c0500000, 0x00000000c0500000|100%|HS|  |TAMS 0x00000000c0500000, 0x00000000c0400000| Untracked 
|   5|0x00000000c0500000, 0x00000000c0600000, 0x00000000c0600000|100%|HC|  |TAMS 0x00000000c0600000, 0x00000000c0500000| Untracked 
|   6|0x00000000c0600000, 0x00000000c0700000, 0x00000000c0700000|100%| O|  |TAMS 0x00000000c0700000, 0x00000000c0600000| Untracked 
|   7|0x00000000c0700000, 0x00000000c0800000, 0x00000000c0800000|100%| O|  |TAMS 0x00000000c0800000, 0x00000000c0700000| Untracked 
|   8|0x00000000c0800000, 0x00000000c08fff98, 0x00000000c0900000| 99%| O|  |TAMS 0x00000000c08fff98, 0x00000000c0800000| Untracked 
|   9|0x00000000c0900000, 0x00000000c0a00000, 0x00000000c0a00000|100%| O|  |TAMS 0x00000000c0a00000, 0x00000000c0900000| Untracked 
|  10|0x00000000c0a00000, 0x00000000c0b00000, 0x00000000c0b00000|100%| O|  |TAMS 0x00000000c0b00000, 0x00000000c0a00000| Untracked 
|  11|0x00000000c0b00000, 0x00000000c0c00000, 0x00000000c0c00000|100%| O|  |TAMS 0x00000000c0c00000, 0x00000000c0b00000| Untracked 
|  12|0x00000000c0c00000, 0x00000000c0cfffd0, 0x00000000c0d00000| 99%| O|  |TAMS 0x00000000c0cfffd0, 0x00000000c0c00000| Untracked 
|  13|0x00000000c0d00000, 0x00000000c0e00000, 0x00000000c0e00000|100%| O|  |TAMS 0x00000000c0e00000, 0x00000000c0d00000| Untracked 
|  14|0x00000000c0e00000, 0x00000000c0efffe8, 0x00000000c0f00000| 99%| O|  |TAMS 0x00000000c0efffe8, 0x00000000c0e00000| Untracked 
|  15|0x00000000c0f00000, 0x00000000c0fffcd0, 0x00000000c1000000| 99%| O|  |TAMS 0x00000000c0fffcd0, 0x00000000c0f00000| Untracked 
|  16|0x00000000c1000000, 0x00000000c10ffff0, 0x00000000c1100000| 99%| O|  |TAMS 0x00000000c10ffff0, 0x00000000c1000000| Untracked 
|  17|0x00000000c1100000, 0x00000000c11fff58, 0x00000000c1200000| 99%| O|  |TAMS 0x00000000c11fff58, 0x00000000c1100000| Untracked 
|  18|0x00000000c1200000, 0x00000000c1300000, 0x00000000c1300000|100%| O|  |TAMS 0x00000000c1300000, 0x00000000c1200000| Untracked 
|  19|0x00000000c1300000, 0x00000000c1400000, 0x00000000c1400000|100%| O|  |TAMS 0x00000000c1400000, 0x00000000c1300000| Untracked 
|  20|0x00000000c1400000, 0x00000000c14ffff8, 0x00000000c1500000| 99%| O|  |TAMS 0x00000000c14ffff8, 0x00000000c1400000| Untracked 
|  21|0x00000000c1500000, 0x00000000c15ffff0, 0x00000000c1600000| 99%| O|  |TAMS 0x00000000c15ffff0, 0x00000000c1500000| Untracked 
|  22|0x00000000c1600000, 0x00000000c16fffe8, 0x00000000c1700000| 99%| O|  |TAMS 0x00000000c16fffe8, 0x00000000c1600000| Untracked 
|  23|0x00000000c1700000, 0x00000000c17ffff8, 0x00000000c1800000| 99%| O|  |TAMS 0x00000000c17ffff8, 0x00000000c1700000| Untracked 
|  24|0x00000000c1800000, 0x00000000c18ff2a0, 0x00000000c1900000| 99%| O|  |TAMS 0x00000000c18ff2a0, 0x00000000c1800000| Untracked 
|  25|0x00000000c1900000, 0x00000000c19ffdf8, 0x00000000c1a00000| 99%| O|  |TAMS 0x00000000c19ffdf8, 0x00000000c1900000| Untracked 
|  26|0x00000000c1a00000, 0x00000000c1afc100, 0x00000000c1b00000| 98%| O|  |TAMS 0x00000000c1afc100, 0x00000000c1a00000| Untracked 
|  27|0x00000000c1b00000, 0x00000000c1bfea60, 0x00000000c1c00000| 99%| O|  |TAMS 0x00000000c1bfea60, 0x00000000c1b00000| Untracked 
|  28|0x00000000c1c00000, 0x00000000c1d00000, 0x00000000c1d00000|100%| O|  |TAMS 0x00000000c1d00000, 0x00000000c1c00000| Untracked 
|  29|0x00000000c1d00000, 0x00000000c1dfe8d8, 0x00000000c1e00000| 99%| O|  |TAMS 0x00000000c1dfe8d8, 0x00000000c1d00000| Untracked 
|  30|0x00000000c1e00000, 0x00000000c1efffc8, 0x00000000c1f00000| 99%| O|  |TAMS 0x00000000c1efffc8, 0x00000000c1e00000| Untracked 
|  31|0x00000000c1f00000, 0x00000000c1fc0c88, 0x00000000c2000000| 75%| O|  |TAMS 0x00000000c1f00000, 0x00000000c1f00000| Untracked 
|  32|0x00000000c2000000, 0x00000000c20fffc0, 0x00000000c2100000| 99%| O|  |TAMS 0x00000000c20fffc0, 0x00000000c2000000| Untracked 
|  33|0x00000000c2100000, 0x00000000c211afc8, 0x00000000c2200000| 10%| O|  |TAMS 0x00000000c2100000, 0x00000000c2100000| Untracked 
|  34|0x00000000c2200000, 0x00000000c2200000, 0x00000000c2300000|  0%| F|  |TAMS 0x00000000c2200000, 0x00000000c2200000| Untracked 
|  35|0x00000000c2300000, 0x00000000c2300000, 0x00000000c2400000|  0%| F|  |TAMS 0x00000000c2300000, 0x00000000c2300000| Untracked 
|  36|0x00000000c2400000, 0x00000000c2400000, 0x00000000c2500000|  0%| F|  |TAMS 0x00000000c2400000, 0x00000000c2400000| Untracked 
|  37|0x00000000c2500000, 0x00000000c2500000, 0x00000000c2600000|  0%| F|  |TAMS 0x00000000c2500000, 0x00000000c2500000| Untracked 
|  38|0x00000000c2600000, 0x00000000c2600000, 0x00000000c2700000|  0%| F|  |TAMS 0x00000000c2600000, 0x00000000c2600000| Untracked 
|  39|0x00000000c2700000, 0x00000000c2700000, 0x00000000c2800000|  0%| F|  |TAMS 0x00000000c2700000, 0x00000000c2700000| Untracked 
|  40|0x00000000c2800000, 0x00000000c2800000, 0x00000000c2900000|  0%| F|  |TAMS 0x00000000c2800000, 0x00000000c2800000| Untracked 
|  41|0x00000000c2900000, 0x00000000c2900000, 0x00000000c2a00000|  0%| F|  |TAMS 0x00000000c2900000, 0x00000000c2900000| Untracked 
|  42|0x00000000c2a00000, 0x00000000c2a00000, 0x00000000c2b00000|  0%| F|  |TAMS 0x00000000c2a00000, 0x00000000c2a00000| Untracked 
|  43|0x00000000c2b00000, 0x00000000c2b00000, 0x00000000c2c00000|  0%| F|  |TAMS 0x00000000c2b00000, 0x00000000c2b00000| Untracked 
|  44|0x00000000c2c00000, 0x00000000c2c00000, 0x00000000c2d00000|  0%| F|  |TAMS 0x00000000c2c00000, 0x00000000c2c00000| Untracked 
|  45|0x00000000c2d00000, 0x00000000c2d00000, 0x00000000c2e00000|  0%| F|  |TAMS 0x00000000c2d00000, 0x00000000c2d00000| Untracked 
|  46|0x00000000c2e00000, 0x00000000c2e00000, 0x00000000c2f00000|  0%| F|  |TAMS 0x00000000c2e00000, 0x00000000c2e00000| Untracked 
|  47|0x00000000c2f00000, 0x00000000c2f00000, 0x00000000c3000000|  0%| F|  |TAMS 0x00000000c2f00000, 0x00000000c2f00000| Untracked 
|  48|0x00000000c3000000, 0x00000000c3000000, 0x00000000c3100000|  0%| F|  |TAMS 0x00000000c3000000, 0x00000000c3000000| Untracked 
|  49|0x00000000c3100000, 0x00000000c3100000, 0x00000000c3200000|  0%| F|  |TAMS 0x00000000c3100000, 0x00000000c3100000| Untracked 
|  50|0x00000000c3200000, 0x00000000c3200000, 0x00000000c3300000|  0%| F|  |TAMS 0x00000000c3200000, 0x00000000c3200000| Untracked 
|  51|0x00000000c3300000, 0x00000000c3300000, 0x00000000c3400000|  0%| F|  |TAMS 0x00000000c3300000, 0x00000000c3300000| Untracked 
|  52|0x00000000c3400000, 0x00000000c3400000, 0x00000000c3500000|  0%| F|  |TAMS 0x00000000c3400000, 0x00000000c3400000| Untracked 
|  53|0x00000000c3500000, 0x00000000c3500000, 0x00000000c3600000|  0%| F|  |TAMS 0x00000000c3500000, 0x00000000c3500000| Untracked 
|  54|0x00000000c3600000, 0x00000000c3600000, 0x00000000c3700000|  0%| F|  |TAMS 0x00000000c3600000, 0x00000000c3600000| Untracked 
|  55|0x00000000c3700000, 0x00000000c3800000, 0x00000000c3800000|100%| O|  |TAMS 0x00000000c3800000, 0x00000000c3700000| Untracked 
|  56|0x00000000c3800000, 0x00000000c3800000, 0x00000000c3900000|  0%| F|  |TAMS 0x00000000c3800000, 0x00000000c3800000| Untracked 
|  57|0x00000000c3900000, 0x00000000c3900000, 0x00000000c3a00000|  0%| F|  |TAMS 0x00000000c3900000, 0x00000000c3900000| Untracked 
|  58|0x00000000c3a00000, 0x00000000c3a00000, 0x00000000c3b00000|  0%| F|  |TAMS 0x00000000c3a00000, 0x00000000c3a00000| Untracked 
|  59|0x00000000c3b00000, 0x00000000c3b00000, 0x00000000c3c00000|  0%| F|  |TAMS 0x00000000c3b00000, 0x00000000c3b00000| Untracked 
|  60|0x00000000c3c00000, 0x00000000c3c00000, 0x00000000c3d00000|  0%| F|  |TAMS 0x00000000c3c00000, 0x00000000c3c00000| Untracked 
|  61|0x00000000c3d00000, 0x00000000c3d00000, 0x00000000c3e00000|  0%| F|  |TAMS 0x00000000c3d00000, 0x00000000c3d00000| Untracked 
|  62|0x00000000c3e00000, 0x00000000c3e00000, 0x00000000c3f00000|  0%| F|  |TAMS 0x00000000c3e00000, 0x00000000c3e00000| Untracked 
|  63|0x00000000c3f00000, 0x00000000c3f00000, 0x00000000c4000000|  0%| F|  |TAMS 0x00000000c3f00000, 0x00000000c3f00000| Untracked 
|  64|0x00000000c4000000, 0x00000000c4000000, 0x00000000c4100000|  0%| F|  |TAMS 0x00000000c4000000, 0x00000000c4000000| Untracked 
|  65|0x00000000c4100000, 0x00000000c4100000, 0x00000000c4200000|  0%| F|  |TAMS 0x00000000c4100000, 0x00000000c4100000| Untracked 
|  66|0x00000000c4200000, 0x00000000c4200000, 0x00000000c4300000|  0%| F|  |TAMS 0x00000000c4200000, 0x00000000c4200000| Untracked 
|  67|0x00000000c4300000, 0x00000000c4300000, 0x00000000c4400000|  0%| F|  |TAMS 0x00000000c4300000, 0x00000000c4300000| Untracked 
|  68|0x00000000c4400000, 0x00000000c4400000, 0x00000000c4500000|  0%| F|  |TAMS 0x00000000c4400000, 0x00000000c4400000| Untracked 
|  69|0x00000000c4500000, 0x00000000c4500000, 0x00000000c4600000|  0%| F|  |TAMS 0x00000000c4500000, 0x00000000c4500000| Untracked 
|  70|0x00000000c4600000, 0x00000000c4600000, 0x00000000c4700000|  0%| F|  |TAMS 0x00000000c4600000, 0x00000000c4600000| Untracked 
|  71|0x00000000c4700000, 0x00000000c4700000, 0x00000000c4800000|  0%| F|  |TAMS 0x00000000c4700000, 0x00000000c4700000| Untracked 
|  72|0x00000000c4800000, 0x00000000c4800000, 0x00000000c4900000|  0%| F|  |TAMS 0x00000000c4800000, 0x00000000c4800000| Untracked 
|  73|0x00000000c4900000, 0x00000000c4900000, 0x00000000c4a00000|  0%| F|  |TAMS 0x00000000c4900000, 0x00000000c4900000| Untracked 
|  74|0x00000000c4a00000, 0x00000000c4a00000, 0x00000000c4b00000|  0%| F|  |TAMS 0x00000000c4a00000, 0x00000000c4a00000| Untracked 
|  75|0x00000000c4b00000, 0x00000000c4b00000, 0x00000000c4c00000|  0%| F|  |TAMS 0x00000000c4b00000, 0x00000000c4b00000| Untracked 
|  76|0x00000000c4c00000, 0x00000000c4c00000, 0x00000000c4d00000|  0%| F|  |TAMS 0x00000000c4c00000, 0x00000000c4c00000| Untracked 
|  77|0x00000000c4d00000, 0x00000000c4d00000, 0x00000000c4e00000|  0%| F|  |TAMS 0x00000000c4d00000, 0x00000000c4d00000| Untracked 
|  78|0x00000000c4e00000, 0x00000000c4e00000, 0x00000000c4f00000|  0%| F|  |TAMS 0x00000000c4e00000, 0x00000000c4e00000| Untracked 
|  79|0x00000000c4f00000, 0x00000000c4f00000, 0x00000000c5000000|  0%| F|  |TAMS 0x00000000c4f00000, 0x00000000c4f00000| Untracked 
|  80|0x00000000c5000000, 0x00000000c5000000, 0x00000000c5100000|  0%| F|  |TAMS 0x00000000c5000000, 0x00000000c5000000| Untracked 
|  81|0x00000000c5100000, 0x00000000c5100000, 0x00000000c5200000|  0%| F|  |TAMS 0x00000000c5100000, 0x00000000c5100000| Untracked 
|  82|0x00000000c5200000, 0x00000000c5200000, 0x00000000c5300000|  0%| F|  |TAMS 0x00000000c5200000, 0x00000000c5200000| Untracked 
|  86|0x00000000c5600000, 0x00000000c5600000, 0x00000000c5700000|  0%| F|  |TAMS 0x00000000c5600000, 0x00000000c5600000| Untracked 
|  87|0x00000000c5700000, 0x00000000c5700000, 0x00000000c5800000|  0%| F|  |TAMS 0x00000000c5700000, 0x00000000c5700000| Untracked 
|  88|0x00000000c5800000, 0x00000000c5800000, 0x00000000c5900000|  0%| F|  |TAMS 0x00000000c5800000, 0x00000000c5800000| Untracked 
|  89|0x00000000c5900000, 0x00000000c5900000, 0x00000000c5a00000|  0%| F|  |TAMS 0x00000000c5900000, 0x00000000c5900000| Untracked 
|  90|0x00000000c5a00000, 0x00000000c5a00000, 0x00000000c5b00000|  0%| F|  |TAMS 0x00000000c5a00000, 0x00000000c5a00000| Untracked 
| 125|0x00000000c7d00000, 0x00000000c7d058a8, 0x00000000c7e00000|  2%| E|  |TAMS 0x00000000c7d00000, 0x00000000c7d00000| Complete 

Card table byte_map: [0x00000194b6c00000,0x00000194b6e00000] _byte_map_base: 0x00000194b6600000

Marking Bits (Prev, Next): (CMBitMap*) 0x00000194b0ca79b0, (CMBitMap*) 0x00000194b0ca7970
 Prev Bits: [0x00000194b8000000, 0x00000194b9000000)
 Next Bits: [0x00000194b7000000, 0x00000194b8000000)

Polling page: 0x00000194aeb80000

Metaspace:

Usage:
  Non-class:     50.45 MB used.
      Class:      7.17 MB used.
       Both:     57.62 MB used.

Virtual space:
  Non-class space:       64.00 MB reserved,      50.69 MB ( 79%) committed,  1 nodes.
      Class space:        1.00 GB reserved,       7.38 MB ( <1%) committed,  1 nodes.
             Both:        1.06 GB reserved,      58.06 MB (  5%) committed. 

Chunk freelists:
   Non-Class:  12.55 MB
       Class:  8.62 MB
        Both:  21.17 MB

MaxMetaspaceSize: unlimited
CompressedClassSpaceSize: 1.00 GB
Initial GC threshold: 21.00 MB
Current GC threshold: 96.69 MB
CDS: off
MetaspaceReclaimPolicy: balanced
 - commit_granule_bytes: 65536.
 - commit_granule_words: 8192.
 - virtual_space_node_default_size: 8388608.
 - enlarge_chunks_in_place: 1.
 - new_chunks_are_fully_committed: 0.
 - uncommit_free_chunks: 1.
 - use_allocation_guard: 0.
 - handle_deallocations: 1.


Internal statistics:

num_allocs_failed_limit: 6.
num_arena_births: 790.
num_arena_deaths: 310.
num_vsnodes_births: 2.
num_vsnodes_deaths: 0.
num_space_committed: 929.
num_space_uncommitted: 0.
num_chunks_returned_to_freelist: 384.
num_chunks_taken_from_freelist: 2763.
num_chunk_merges: 114.
num_chunk_splits: 1807.
num_chunks_enlarged: 1336.
num_inconsistent_stats: 0.

CodeCache: size=49152Kb used=16158Kb max_used=17814Kb free=32993Kb
 bounds [0x00000194b38f0000, 0x00000194b4ab0000, 0x00000194b68f0000]
 total_blobs=9056 nmethods=8378 adapters=600
 compilation: enabled
              stopped_count=0, restarted_count=0
 full_count=0

Compilation events (20 events):
Event: 2934.472 Thread 0x00000194bbb8a520 8368       1       org.eclipse.jdt.internal.compiler.lookup.ConstraintTypeFormula::create (24 bytes)
Event: 2934.472 Thread 0x00000194bbb8a520 nmethod 8368 0x00000194b489f910 code [0x00000194b489faa0, 0x00000194b489fcb8]
Event: 2934.472 Thread 0x00000194bbb8a520 8369       1       org.eclipse.jdt.internal.compiler.lookup.InferenceContext18::reduceAndIncorporate (10 bytes)
Event: 2934.472 Thread 0x00000194bbb8a520 nmethod 8369 0x00000194b489f590 code [0x00000194b489f720, 0x00000194b489f808]
Event: 2934.473 Thread 0x00000194bbb8a520 8371       1       org.eclipse.jdt.core.dom.ASTConverter::convert (95 bytes)
Event: 2934.474 Thread 0x00000194bbb8a520 nmethod 8371 0x00000194b489ed10 code [0x00000194b489ef20, 0x00000194b489f368]
Event: 2934.474 Thread 0x00000194bbb8a520 8372       1       org.eclipse.jdt.core.dom.IfStatement::<init> (21 bytes)
Event: 2934.474 Thread 0x00000194bbb8a520 nmethod 8372 0x00000194b489e910 code [0x00000194b489eaa0, 0x00000194b489ec28]
Event: 2934.474 Thread 0x00000194bbb8a520 8373       1       org.eclipse.jdt.core.dom.IfStatement::setExpression (41 bytes)
Event: 2934.474 Thread 0x00000194bbb8a520 nmethod 8373 0x00000194b489e410 code [0x00000194b489e5c0, 0x00000194b489e7e8]
Event: 2934.474 Thread 0x00000194bbb8a520 8374       1       org.eclipse.jdt.core.dom.IfStatement::setThenStatement (41 bytes)
Event: 2934.474 Thread 0x00000194bbb8a520 nmethod 8374 0x00000194b489df10 code [0x00000194b489e0c0, 0x00000194b489e2e8]
Event: 2994.475 Thread 0x00000194bbb8a520 8375       1       java.util.concurrent.SynchronousQueue$TransferStack::casHead (26 bytes)
Event: 2994.476 Thread 0x00000194bbb8a520 nmethod 8375 0x00000194b489d690 code [0x00000194b489d880, 0x00000194b489dd18]
Event: 3055.843 Thread 0x00000194bbb8a520 8376       1       java.util.Properties::getProperty (16 bytes)
Event: 3055.843 Thread 0x00000194bbb8a520 nmethod 8376 0x00000194b489d390 code [0x00000194b489d520, 0x00000194b489d628]
Event: 3106.308 Thread 0x00000194bbb8a520 8377       1       java.lang.invoke.Invokers$Holder::linkToTargetMethod (9 bytes)
Event: 3106.308 Thread 0x00000194bbb8a520 nmethod 8377 0x00000194b489d010 code [0x00000194b489d1c0, 0x00000194b489d2d8]
Event: 3328.447 Thread 0x00000194bbb8a520 8378       1       java.lang.System::getProperty (26 bytes)
Event: 3328.447 Thread 0x00000194bbb8a520 nmethod 8378 0x00000194b489c790 code [0x00000194b489c9a0, 0x00000194b489cd88]

GC Heap History (20 events):
Event: 3298.215 GC heap before
{Heap before GC invocations=212 (full 189):
 garbage-first heap   total 91136K, used 34638K [0x00000000c0000000, 0x0000000100000000)
  region size 1024K, 1 young (1024K), 0 survivors (0K)
 Metaspace       used 58999K, committed 59456K, reserved 1114112K
  class space    used 7340K, committed 7552K, reserved 1048576K
}
Event: 3298.243 GC heap after
{Heap after GC invocations=213 (full 190):
 garbage-first heap   total 91136K, used 34638K [0x00000000c0000000, 0x0000000100000000)
  region size 1024K, 0 young (0K), 0 survivors (0K)
 Metaspace       used 58999K, committed 59456K, reserved 1114112K
  class space    used 7340K, committed 7552K, reserved 1048576K
}
Event: 3308.320 GC heap before
{Heap before GC invocations=213 (full 190):
 garbage-first heap   total 91136K, used 34638K [0x00000000c0000000, 0x0000000100000000)
  region size 1024K, 1 young (1024K), 0 survivors (0K)
 Metaspace       used 58999K, committed 59456K, reserved 1114112K
  class space    used 7340K, committed 7552K, reserved 1048576K
}
Event: 3308.346 GC heap after
{Heap after GC invocations=214 (full 191):
 garbage-first heap   total 91136K, used 34638K [0x00000000c0000000, 0x0000000100000000)
  region size 1024K, 0 young (0K), 0 survivors (0K)
 Metaspace       used 58999K, committed 59456K, reserved 1114112K
  class space    used 7340K, committed 7552K, reserved 1048576K
}
Event: 3318.413 GC heap before
{Heap before GC invocations=214 (full 191):
 garbage-first heap   total 91136K, used 34638K [0x00000000c0000000, 0x0000000100000000)
  region size 1024K, 1 young (1024K), 0 survivors (0K)
 Metaspace       used 58999K, committed 59456K, reserved 1114112K
  class space    used 7340K, committed 7552K, reserved 1048576K
}
Event: 3318.443 GC heap after
{Heap after GC invocations=215 (full 192):
 garbage-first heap   total 91136K, used 34638K [0x00000000c0000000, 0x0000000100000000)
  region size 1024K, 0 young (0K), 0 survivors (0K)
 Metaspace       used 58999K, committed 59456K, reserved 1114112K
  class space    used 7340K, committed 7552K, reserved 1048576K
}
Event: 3328.510 GC heap before
{Heap before GC invocations=215 (full 192):
 garbage-first heap   total 91136K, used 34638K [0x00000000c0000000, 0x0000000100000000)
  region size 1024K, 1 young (1024K), 0 survivors (0K)
 Metaspace       used 58999K, committed 59456K, reserved 1114112K
  class space    used 7340K, committed 7552K, reserved 1048576K
}
Event: 3328.533 GC heap after
{Heap after GC invocations=216 (full 193):
 garbage-first heap   total 91136K, used 34638K [0x00000000c0000000, 0x0000000100000000)
  region size 1024K, 0 young (0K), 0 survivors (0K)
 Metaspace       used 58999K, committed 59456K, reserved 1114112K
  class space    used 7340K, committed 7552K, reserved 1048576K
}
Event: 3338.602 GC heap before
{Heap before GC invocations=216 (full 193):
 garbage-first heap   total 91136K, used 34638K [0x00000000c0000000, 0x0000000100000000)
  region size 1024K, 1 young (1024K), 0 survivors (0K)
 Metaspace       used 58999K, committed 59456K, reserved 1114112K
  class space    used 7340K, committed 7552K, reserved 1048576K
}
Event: 3338.628 GC heap after
{Heap after GC invocations=217 (full 194):
 garbage-first heap   total 91136K, used 34638K [0x00000000c0000000, 0x0000000100000000)
  region size 1024K, 0 young (0K), 0 survivors (0K)
 Metaspace       used 58999K, committed 59456K, reserved 1114112K
  class space    used 7340K, committed 7552K, reserved 1048576K
}
Event: 3348.704 GC heap before
{Heap before GC invocations=217 (full 194):
 garbage-first heap   total 91136K, used 34638K [0x00000000c0000000, 0x0000000100000000)
  region size 1024K, 1 young (1024K), 0 survivors (0K)
 Metaspace       used 58999K, committed 59456K, reserved 1114112K
  class space    used 7340K, committed 7552K, reserved 1048576K
}
Event: 3348.730 GC heap after
{Heap after GC invocations=218 (full 195):
 garbage-first heap   total 91136K, used 34638K [0x00000000c0000000, 0x0000000100000000)
  region size 1024K, 0 young (0K), 0 survivors (0K)
 Metaspace       used 58999K, committed 59456K, reserved 1114112K
  class space    used 7340K, committed 7552K, reserved 1048576K
}
Event: 3358.798 GC heap before
{Heap before GC invocations=218 (full 195):
 garbage-first heap   total 91136K, used 34638K [0x00000000c0000000, 0x0000000100000000)
  region size 1024K, 1 young (1024K), 0 survivors (0K)
 Metaspace       used 58999K, committed 59456K, reserved 1114112K
  class space    used 7340K, committed 7552K, reserved 1048576K
}
Event: 3358.822 GC heap after
{Heap after GC invocations=219 (full 196):
 garbage-first heap   total 91136K, used 34638K [0x00000000c0000000, 0x0000000100000000)
  region size 1024K, 0 young (0K), 0 survivors (0K)
 Metaspace       used 58999K, committed 59456K, reserved 1114112K
  class space    used 7340K, committed 7552K, reserved 1048576K
}
Event: 3368.885 GC heap before
{Heap before GC invocations=219 (full 196):
 garbage-first heap   total 91136K, used 34638K [0x00000000c0000000, 0x0000000100000000)
  region size 1024K, 1 young (1024K), 0 survivors (0K)
 Metaspace       used 58999K, committed 59456K, reserved 1114112K
  class space    used 7340K, committed 7552K, reserved 1048576K
}
Event: 3368.912 GC heap after
{Heap after GC invocations=220 (full 197):
 garbage-first heap   total 91136K, used 34638K [0x00000000c0000000, 0x0000000100000000)
  region size 1024K, 0 young (0K), 0 survivors (0K)
 Metaspace       used 58999K, committed 59456K, reserved 1114112K
  class space    used 7340K, committed 7552K, reserved 1048576K
}
Event: 3379.014 GC heap before
{Heap before GC invocations=220 (full 197):
 garbage-first heap   total 91136K, used 34638K [0x00000000c0000000, 0x0000000100000000)
  region size 1024K, 1 young (1024K), 0 survivors (0K)
 Metaspace       used 58999K, committed 59456K, reserved 1114112K
  class space    used 7340K, committed 7552K, reserved 1048576K
}
Event: 3379.054 GC heap after
{Heap after GC invocations=221 (full 198):
 garbage-first heap   total 91136K, used 34638K [0x00000000c0000000, 0x0000000100000000)
  region size 1024K, 0 young (0K), 0 survivors (0K)
 Metaspace       used 58999K, committed 59456K, reserved 1114112K
  class space    used 7340K, committed 7552K, reserved 1048576K
}
Event: 3389.148 GC heap before
{Heap before GC invocations=221 (full 198):
 garbage-first heap   total 91136K, used 34638K [0x00000000c0000000, 0x0000000100000000)
  region size 1024K, 1 young (1024K), 0 survivors (0K)
 Metaspace       used 58999K, committed 59456K, reserved 1114112K
  class space    used 7340K, committed 7552K, reserved 1048576K
}
Event: 3389.179 GC heap after
{Heap after GC invocations=222 (full 199):
 garbage-first heap   total 91136K, used 34638K [0x00000000c0000000, 0x0000000100000000)
  region size 1024K, 0 young (0K), 0 survivors (0K)
 Metaspace       used 58999K, committed 59456K, reserved 1114112K
  class space    used 7340K, committed 7552K, reserved 1048576K
}

Dll operation events (10 events):
Event: 0.028 Loaded shared library c:\Users\Admin\.vscode\extensions\redhat.java-1.30.0-win32-x64\jre\17.0.10-win32-x86_64\bin\java.dll
Event: 0.568 Loaded shared library C:\Users\Admin\.vscode\extensions\redhat.java-1.30.0-win32-x64\jre\17.0.10-win32-x86_64\bin\net.dll
Event: 0.570 Loaded shared library C:\Users\Admin\.vscode\extensions\redhat.java-1.30.0-win32-x64\jre\17.0.10-win32-x86_64\bin\nio.dll
Event: 0.604 Loaded shared library C:\Users\Admin\.vscode\extensions\redhat.java-1.30.0-win32-x64\jre\17.0.10-win32-x86_64\bin\zip.dll
Event: 1.784 Loaded shared library C:\Users\Admin\.vscode\extensions\redhat.java-1.30.0-win32-x64\jre\17.0.10-win32-x86_64\bin\jimage.dll
Event: 3.512 Loaded shared library c:\Users\Admin\.vscode\extensions\redhat.java-1.30.0-win32-x64\jre\17.0.10-win32-x86_64\bin\verify.dll
Event: 5.026 Loaded shared library C:\Users\Admin\.vscode\extensions\redhat.java-1.30.0-win32-x64\jre\17.0.10-win32-x86_64\bin\management.dll
Event: 5.031 Loaded shared library C:\Users\Admin\.vscode\extensions\redhat.java-1.30.0-win32-x64\jre\17.0.10-win32-x86_64\bin\management_ext.dll
Event: 6.141 Loaded shared library C:\Users\Admin\.vscode\extensions\redhat.java-1.30.0-win32-x64\jre\17.0.10-win32-x86_64\bin\sunmscapi.dll
Event: 6.511 Loaded shared library C:\Users\Admin\.vscode\extensions\redhat.java-1.30.0-win32-x64\jre\17.0.10-win32-x86_64\bin\extnet.dll

Deoptimization events (20 events):
Event: 5.272 Thread 0x00000194c1709c80 DEOPT PACKING pc=0x00000194b3e99997 sp=0x0000008fe35ff110
Event: 5.272 Thread 0x00000194c1709c80 DEOPT UNPACKING pc=0x00000194b394ace3 sp=0x0000008fe35fe568 mode 3
Event: 6.224 Thread 0x00000194c11573d0 DEOPT PACKING pc=0x00000194b3bfa28c sp=0x0000008fe47facf0
Event: 6.224 Thread 0x00000194c11573d0 DEOPT UNPACKING pc=0x00000194b394ace3 sp=0x0000008fe47fa1b8 mode 0
Event: 6.731 Thread 0x00000194c1725260 DEOPT PACKING pc=0x00000194b4062b24 sp=0x0000008fe3efef50
Event: 6.731 Thread 0x00000194c1725260 DEOPT UNPACKING pc=0x00000194b394ace3 sp=0x0000008fe3efe438 mode 0
Event: 209.800 Thread 0x00000194c16b5bf0 DEOPT PACKING pc=0x00000194b3f90b54 sp=0x0000008fe34fed40
Event: 209.800 Thread 0x00000194c16b5bf0 DEOPT UNPACKING pc=0x00000194b394ace3 sp=0x0000008fe34fe1e8 mode 0
Event: 366.303 Thread 0x00000194c17266a0 DEOPT PACKING pc=0x00000194b418418c sp=0x0000008fe3bfe4b0
Event: 366.303 Thread 0x00000194c17266a0 DEOPT UNPACKING pc=0x00000194b394ace3 sp=0x0000008fe3bfda18 mode 0
Event: 366.303 Thread 0x00000194c17266a0 DEOPT PACKING pc=0x00000194b429564c sp=0x0000008fe3bfe5e0
Event: 366.303 Thread 0x00000194c17266a0 DEOPT UNPACKING pc=0x00000194b394ace3 sp=0x0000008fe3bfdac0 mode 0
Event: 366.303 Thread 0x00000194c17266a0 DEOPT PACKING pc=0x00000194b418418c sp=0x0000008fe3bfe710
Event: 366.303 Thread 0x00000194c17266a0 DEOPT UNPACKING pc=0x00000194b394ace3 sp=0x0000008fe3bfdc78 mode 0
Event: 366.303 Thread 0x00000194c17266a0 DEOPT PACKING pc=0x00000194b429564c sp=0x0000008fe3bfe840
Event: 366.303 Thread 0x00000194c17266a0 DEOPT UNPACKING pc=0x00000194b394ace3 sp=0x0000008fe3bfdd38 mode 0
Event: 366.305 Thread 0x00000194c17266a0 DEOPT PACKING pc=0x00000194b418418c sp=0x0000008fe3bfebb0
Event: 366.305 Thread 0x00000194c17266a0 DEOPT UNPACKING pc=0x00000194b394ace3 sp=0x0000008fe3bfe118 mode 0
Event: 366.305 Thread 0x00000194c17266a0 DEOPT PACKING pc=0x00000194b429564c sp=0x0000008fe3bfece0
Event: 366.305 Thread 0x00000194c17266a0 DEOPT UNPACKING pc=0x00000194b394ace3 sp=0x0000008fe3bfe1d8 mode 0

Classes unloaded (20 events):
Event: 516.831 Thread 0x00000194bba40140 Unloading class 0x0000000100408000 'java/lang/invoke/LambdaForm$MH+0x0000000100408000'
Event: 516.831 Thread 0x00000194bba40140 Unloading class 0x0000000100408800 'java/lang/invoke/LambdaForm$MH+0x0000000100408800'
Event: 516.831 Thread 0x00000194bba40140 Unloading class 0x000000010042e000 'java/lang/invoke/LambdaForm$MH+0x000000010042e000'
Event: 516.831 Thread 0x00000194bba40140 Unloading class 0x0000000100484400 'java/lang/invoke/LambdaForm$MH+0x0000000100484400'
Event: 516.831 Thread 0x00000194bba40140 Unloading class 0x0000000100515800 'java/lang/invoke/LambdaForm$MH+0x0000000100515800'
Event: 516.831 Thread 0x00000194bba40140 Unloading class 0x000000010054c000 'java/lang/invoke/LambdaForm$MH+0x000000010054c000'
Event: 607.468 Thread 0x00000194bba40140 Unloading class 0x000000010075d400 'jdk/internal/reflect/GeneratedMethodAccessor20'
Event: 607.468 Thread 0x00000194bba40140 Unloading class 0x000000010075d000 'jdk/internal/reflect/GeneratedConstructorAccessor47'
Event: 607.468 Thread 0x00000194bba40140 Unloading class 0x000000010008c000 'jdk/internal/reflect/GeneratedMethodAccessor19'
Event: 607.468 Thread 0x00000194bba40140 Unloading class 0x0000000100094400 'jdk/internal/reflect/GeneratedConstructorAccessor46'
Event: 607.468 Thread 0x00000194bba40140 Unloading class 0x0000000100096000 'jdk/internal/reflect/GeneratedMethodAccessor18'
Event: 607.468 Thread 0x00000194bba40140 Unloading class 0x0000000100251000 'jdk/internal/reflect/GeneratedMethodAccessor17'
Event: 607.468 Thread 0x00000194bba40140 Unloading class 0x0000000100265c00 'jdk/internal/reflect/GeneratedMethodAccessor16'
Event: 1735.135 Thread 0x00000194bba40140 Unloading class 0x00000001003b4800 'jdk/internal/reflect/GeneratedMethodAccessor27'
Event: 1735.135 Thread 0x00000194bba40140 Unloading class 0x00000001003b1800 'jdk/internal/reflect/GeneratedConstructorAccessor52'
Event: 1735.135 Thread 0x00000194bba40140 Unloading class 0x00000001003b0800 'jdk/internal/reflect/GeneratedMethodAccessor26'
Event: 1735.135 Thread 0x00000194bba40140 Unloading class 0x00000001003b0400 'jdk/internal/reflect/GeneratedConstructorAccessor51'
Event: 1735.135 Thread 0x00000194bba40140 Unloading class 0x000000010075c800 'jdk/internal/reflect/GeneratedMethodAccessor25'
Event: 1735.135 Thread 0x00000194bba40140 Unloading class 0x000000010075f400 'jdk/internal/reflect/GeneratedMethodAccessor24'
Event: 1735.135 Thread 0x00000194bba40140 Unloading class 0x0000000100761000 'jdk/internal/reflect/GeneratedMethodAccessor23'

Classes redefined (0 events):
No events

Internal exceptions (20 events):
Event: 5.538 Thread 0x00000194c17266a0 Exception <a 'sun/nio/fs/WindowsException'{0x00000000c56412e8}> (0x00000000c56412e8) 
thrown [s\src\hotspot\share\prims\jni.cpp, line 516]
Event: 5.538 Thread 0x00000194c17266a0 Exception <a 'sun/nio/fs/WindowsException'{0x00000000c5641de8}> (0x00000000c5641de8) 
thrown [s\src\hotspot\share\prims\jni.cpp, line 516]
Event: 5.538 Thread 0x00000194c17266a0 Exception <a 'sun/nio/fs/WindowsException'{0x00000000c56429b0}> (0x00000000c56429b0) 
thrown [s\src\hotspot\share\prims\jni.cpp, line 516]
Event: 5.538 Thread 0x00000194c17266a0 Exception <a 'sun/nio/fs/WindowsException'{0x00000000c5643618}> (0x00000000c5643618) 
thrown [s\src\hotspot\share\prims\jni.cpp, line 516]
Event: 5.811 Thread 0x00000194c1155060 Exception <a 'java/lang/NoSuchMethodError'{0x00000000c3713830}: 'java.lang.Object java.lang.invoke.Invokers$Holder.invoke_MT(java.lang.Object, java.lang.Object, java.lang.Object)'> (0x00000000c3713830) 
thrown [s\src\hotspot\share\interpreter\linkResolver.cpp, line 759]
Event: 5.938 Thread 0x00000194c1155a80 Exception <a 'java/lang/NoSuchMethodError'{0x00000000c57ba5a0}: 'java.lang.Object java.lang.invoke.DirectMethodHandle$Holder.newInvokeSpecial(java.lang.Object, java.lang.Object, java.lang.Object, java.lang.Object, java.lang.Object, long)'> (0x00000000c57ba5a0) 
thrown [s\src\hotspot\share\interpreter\linkResolver.cpp, line 759]
Event: 5.938 Thread 0x00000194c1155a80 Exception <a 'java/lang/NoSuchMethodError'{0x00000000c57bec10}: 'java.lang.Object java.lang.invoke.DirectMethodHandle$Holder.invokeSpecial(java.lang.Object, java.lang.Object, java.lang.Object, java.lang.Object, java.lang.Object, java.lang.Object, long)'> (0x00000000c57bec10) 
thrown [s\src\hotspot\share\interpreter\linkResolver.cpp, line 759]
Event: 5.953 Thread 0x00000194c11573d0 Exception <a 'java/lang/NoSuchMethodError'{0x00000000c5294300}: 'void java.lang.invoke.DirectMethodHandle$Holder.invokeVirtual(java.lang.Object, java.lang.Object, java.lang.Object, java.lang.Object)'> (0x00000000c5294300) 
thrown [s\src\hotspot\share\interpreter\linkResolver.cpp, line 759]
Event: 6.085 Thread 0x00000194c11573d0 Exception <a 'java/lang/NoSuchMethodError'{0x00000000c498a888}: 'java.lang.Object java.lang.invoke.DirectMethodHandle$Holder.invokeStatic(java.lang.Object, java.lang.Object, int, java.lang.Object)'> (0x00000000c498a888) 
thrown [s\src\hotspot\share\interpreter\linkResolver.cpp, line 759]
Event: 6.086 Thread 0x00000194c11573d0 Exception <a 'java/lang/NoSuchMethodError'{0x00000000c49c04b0}: 'java.lang.Object java.lang.invoke.DirectMethodHandle$Holder.newInvokeSpecial(java.lang.Object, java.lang.Object, int)'> (0x00000000c49c04b0) 
thrown [s\src\hotspot\share\interpreter\linkResolver.cpp, line 759]
Event: 6.218 Thread 0x00000194c11573d0 Exception <a 'sun/nio/fs/WindowsException'{0x00000000c3cf97a0}> (0x00000000c3cf97a0) 
thrown [s\src\hotspot\share\prims\jni.cpp, line 516]
Event: 6.319 Thread 0x00000194c1155060 Exception <a 'java/lang/IncompatibleClassChangeError'{0x00000000c58dd950}: Found class java.lang.Object, but interface was expected> (0x00000000c58dd950) 
thrown [s\src\hotspot\share\interpreter\linkResolver.cpp, line 826]
Event: 6.389 Thread 0x00000194c1155060 Exception <a 'java/lang/NoSuchMethodError'{0x00000000c49ef4b8}: 'int java.lang.invoke.DirectMethodHandle$Holder.invokeSpecialIFC(java.lang.Object, java.lang.Object, java.lang.Object)'> (0x00000000c49ef4b8) 
thrown [s\src\hotspot\share\interpreter\linkResolver.cpp, line 759]
Event: 6.503 Thread 0x00000194c1155060 Exception <a 'java/lang/NoSuchMethodError'{0x00000000c44c2840}: 'int java.lang.invoke.DirectMethodHandle$Holder.invokeStatic(java.lang.Object, int, java.lang.Object)'> (0x00000000c44c2840) 
thrown [s\src\hotspot\share\interpreter\linkResolver.cpp, line 759]
Event: 95.098 Thread 0x00000194c165dce0 Exception <a 'java/lang/NoSuchMethodError'{0x00000000c523c770}: 'void java.lang.invoke.DirectMethodHandle$Holder.invokeStatic(java.lang.Object, long)'> (0x00000000c523c770) 
thrown [s\src\hotspot\share\interpreter\linkResolver.cpp, line 759]
Event: 95.098 Thread 0x00000194c165dce0 Exception <a 'java/lang/NoSuchMethodError'{0x00000000c5241b20}: 'java.lang.Object java.lang.invoke.DirectMethodHandle$Holder.newInvokeSpecial(java.lang.Object, long)'> (0x00000000c5241b20) 
thrown [s\src\hotspot\share\interpreter\linkResolver.cpp, line 759]
Event: 308.043 Thread 0x00000194c1159c50 Exception <a 'java/io/IOException'{0x00000000c4c57220}> (0x00000000c4c57220) 
thrown [s\src\hotspot\share\prims\jni.cpp, line 516]
Event: 308.285 Thread 0x00000194c115c9e0 Exception <a 'java/io/IOException'{0x00000000c4c61768}> (0x00000000c4c61768) 
thrown [s\src\hotspot\share\prims\jni.cpp, line 516]
Event: 309.202 Thread 0x00000194c1155f90 Exception <a 'java/io/IOException'{0x00000000c4c710f0}> (0x00000000c4c710f0) 
thrown [s\src\hotspot\share\prims\jni.cpp, line 516]
Event: 1513.543 Thread 0x00000194c1158300 Exception <a 'java/lang/ArrayIndexOutOfBoundsException'{0x00000000c522b578}> (0x00000000c522b578) 
thrown [s\src\hotspot\share\runtime\sharedRuntime.cpp, line 631]

VM Operations (20 events):
Event: 3298.243 Executing VM operation: G1CollectFull done
Event: 3308.320 Executing VM operation: G1CollectFull
Event: 3308.346 Executing VM operation: G1CollectFull done
Event: 3318.413 Executing VM operation: G1CollectFull
Event: 3318.443 Executing VM operation: G1CollectFull done
Event: 3328.510 Executing VM operation: G1CollectFull
Event: 3328.533 Executing VM operation: G1CollectFull done
Event: 3338.602 Executing VM operation: G1CollectFull
Event: 3338.628 Executing VM operation: G1CollectFull done
Event: 3348.704 Executing VM operation: G1CollectFull
Event: 3348.730 Executing VM operation: G1CollectFull done
Event: 3358.798 Executing VM operation: G1CollectFull
Event: 3358.822 Executing VM operation: G1CollectFull done
Event: 3368.885 Executing VM operation: G1CollectFull
Event: 3368.912 Executing VM operation: G1CollectFull done
Event: 3379.014 Executing VM operation: G1CollectFull
Event: 3379.054 Executing VM operation: G1CollectFull done
Event: 3389.148 Executing VM operation: G1CollectFull
Event: 3389.179 Executing VM operation: G1CollectFull done
Event: 3399.200 Executing VM operation: G1CollectFull

Events (20 events):
Event: 2577.979 Thread 0x00000194c979b590 Thread added: 0x00000194c979b590
Event: 2577.979 Thread 0x00000194c979b040 Thread added: 0x00000194c979b040
Event: 2577.979 Thread 0x00000194c979bae0 Thread added: 0x00000194c979bae0
Event: 2587.555 Thread 0x00000194c979bae0 Thread exited: 0x00000194c979bae0
Event: 2592.559 Thread 0x00000194c979b040 Thread exited: 0x00000194c979b040
Event: 2597.564 Thread 0x00000194c979b590 Thread exited: 0x00000194c979b590
Event: 2637.990 Thread 0x00000194c1159c50 Thread exited: 0x00000194c1159c50
Event: 2638.442 Thread 0x00000194c1158300 Thread exited: 0x00000194c1158300
Event: 2681.741 Thread 0x00000194c1155f90 Thread added: 0x00000194c1155f90
Event: 2741.799 Thread 0x00000194c1155f90 Thread exited: 0x00000194c1155f90
Event: 2805.012 Thread 0x00000194c1155f90 Thread added: 0x00000194c1155f90
Event: 2890.707 Thread 0x00000194c1155f90 Thread exited: 0x00000194c1155f90
Event: 2896.726 Thread 0x00000194c1157df0 Thread added: 0x00000194c1157df0
Event: 2934.452 Thread 0x00000194c1155f90 Thread added: 0x00000194c1155f90
Event: 2934.453 Thread 0x00000194c1158300 Thread added: 0x00000194c1158300
Event: 2934.456 Thread 0x00000194c1159c50 Thread added: 0x00000194c1159c50
Event: 2956.743 Thread 0x00000194c1157df0 Thread exited: 0x00000194c1157df0
Event: 2994.459 Thread 0x00000194c1155f90 Thread exited: 0x00000194c1155f90
Event: 2994.475 Thread 0x00000194c1159c50 Thread exited: 0x00000194c1159c50
Event: 2996.765 Thread 0x00000194c1158300 Thread exited: 0x00000194c1158300


Dynamic libraries:
0x00007ff705f10000 - 0x00007ff705f1e000 	c:\Users\Admin\.vscode\extensions\redhat.java-1.30.0-win32-x64\jre\17.0.10-win32-x86_64\bin\java.exe
0x00007ff92d930000 - 0x00007ff92db46000 	C:\WINDOWS\SYSTEM32\ntdll.dll
0x00007ff92be00000 - 0x00007ff92bec4000 	C:\WINDOWS\System32\KERNEL32.DLL
0x00007ff92ad70000 - 0x00007ff92b117000 	C:\WINDOWS\System32\KERNELBASE.dll
0x00007ff92ac50000 - 0x00007ff92ad61000 	C:\WINDOWS\System32\ucrtbase.dll
0x00007ff900440000 - 0x00007ff900457000 	c:\Users\Admin\.vscode\extensions\redhat.java-1.30.0-win32-x64\jre\17.0.10-win32-x86_64\bin\jli.dll
0x00007ff92c350000 - 0x00007ff92c4fe000 	C:\WINDOWS\System32\USER32.dll
0x00007ff92b570000 - 0x00007ff92b596000 	C:\WINDOWS\System32\win32u.dll
0x00007ff92c6d0000 - 0x00007ff92c6f9000 	C:\WINDOWS\System32\GDI32.dll
0x00007ff92b120000 - 0x00007ff92b239000 	C:\WINDOWS\System32\gdi32full.dll
0x00007ff92b430000 - 0x00007ff92b4ca000 	C:\WINDOWS\System32\msvcp_win.dll
0x00007ff8ffc80000 - 0x00007ff8ffc9b000 	c:\Users\Admin\.vscode\extensions\redhat.java-1.30.0-win32-x64\jre\17.0.10-win32-x86_64\bin\VCRUNTIME140.dll
0x00007ff90e300000 - 0x00007ff90e593000 	C:\WINDOWS\WinSxS\amd64_microsoft.windows.common-controls_6595b64144ccf1df_6.0.22621.3235_none_270f74e173860f98\COMCTL32.dll
0x00007ff92d1f0000 - 0x00007ff92d297000 	C:\WINDOWS\System32\msvcrt.dll
0x00007ff92d420000 - 0x00007ff92d451000 	C:\WINDOWS\System32\IMM32.DLL
0x00007ff911a80000 - 0x00007ff911a8c000 	c:\Users\Admin\.vscode\extensions\redhat.java-1.30.0-win32-x64\jre\17.0.10-win32-x86_64\bin\vcruntime140_1.dll
0x00007ff8ff9a0000 - 0x00007ff8ffa2d000 	c:\Users\Admin\.vscode\extensions\redhat.java-1.30.0-win32-x64\jre\17.0.10-win32-x86_64\bin\msvcp140.dll
0x00007ff8c3500000 - 0x00007ff8c4162000 	c:\Users\Admin\.vscode\extensions\redhat.java-1.30.0-win32-x64\jre\17.0.10-win32-x86_64\bin\server\jvm.dll
0x00007ff92b9d0000 - 0x00007ff92ba82000 	C:\WINDOWS\System32\ADVAPI32.dll
0x00007ff92d4a0000 - 0x00007ff92d548000 	C:\WINDOWS\System32\sechost.dll
0x00007ff92b4d0000 - 0x00007ff92b4f8000 	C:\WINDOWS\System32\bcrypt.dll
0x00007ff92bce0000 - 0x00007ff92bdf5000 	C:\WINDOWS\System32\RPCRT4.dll
0x00007ff92a500000 - 0x00007ff92a54d000 	C:\WINDOWS\SYSTEM32\POWRPROF.dll
0x00007ff90c540000 - 0x00007ff90c549000 	C:\WINDOWS\SYSTEM32\WSOCK32.dll
0x00007ff92bb00000 - 0x00007ff92bb71000 	C:\WINDOWS\System32\WS2_32.dll
0x00007ff923560000 - 0x00007ff923594000 	C:\WINDOWS\SYSTEM32\WINMM.dll
0x00007ff91ff70000 - 0x00007ff91ff7a000 	C:\WINDOWS\SYSTEM32\VERSION.dll
0x00007ff92a4e0000 - 0x00007ff92a4f3000 	C:\WINDOWS\SYSTEM32\UMPDC.dll
0x00007ff929c90000 - 0x00007ff929ca8000 	C:\WINDOWS\SYSTEM32\kernel.appcore.dll
0x00007ff906fa0000 - 0x00007ff906faa000 	c:\Users\Admin\.vscode\extensions\redhat.java-1.30.0-win32-x64\jre\17.0.10-win32-x86_64\bin\jimage.dll
0x00007ff9282f0000 - 0x00007ff928523000 	C:\WINDOWS\SYSTEM32\DBGHELP.DLL
0x00007ff92d560000 - 0x00007ff92d8e8000 	C:\WINDOWS\System32\combase.dll
0x00007ff92c760000 - 0x00007ff92c837000 	C:\WINDOWS\System32\OLEAUT32.dll
0x00007ff9203b0000 - 0x00007ff9203e2000 	C:\WINDOWS\SYSTEM32\dbgcore.DLL
0x00007ff92b240000 - 0x00007ff92b2b9000 	C:\WINDOWS\System32\bcryptPrimitives.dll
0x00007ff8ffb20000 - 0x00007ff8ffb45000 	c:\Users\Admin\.vscode\extensions\redhat.java-1.30.0-win32-x64\jre\17.0.10-win32-x86_64\bin\java.dll
0x00007ff8ffb00000 - 0x00007ff8ffb18000 	c:\Users\Admin\.vscode\extensions\redhat.java-1.30.0-win32-x64\jre\17.0.10-win32-x86_64\bin\zip.dll
0x00007ff92c990000 - 0x00007ff92d1ec000 	C:\WINDOWS\System32\SHELL32.dll
0x00007ff928bb0000 - 0x00007ff9294a9000 	C:\WINDOWS\SYSTEM32\windows.storage.dll
0x00007ff928a70000 - 0x00007ff928bae000 	C:\WINDOWS\SYSTEM32\wintypes.dll
0x00007ff92bb80000 - 0x00007ff92bc73000 	C:\WINDOWS\System32\SHCORE.dll
0x00007ff92bc80000 - 0x00007ff92bcde000 	C:\WINDOWS\System32\shlwapi.dll
0x00007ff92ab80000 - 0x00007ff92aba1000 	C:\WINDOWS\SYSTEM32\profapi.dll
0x00007ff8ffae0000 - 0x00007ff8ffaf9000 	C:\Users\Admin\.vscode\extensions\redhat.java-1.30.0-win32-x64\jre\17.0.10-win32-x86_64\bin\net.dll
0x00007ff925770000 - 0x00007ff9258a6000 	C:\WINDOWS\SYSTEM32\WINHTTP.dll
0x00007ff92a100000 - 0x00007ff92a169000 	C:\WINDOWS\system32\mswsock.dll
0x00007ff8ff980000 - 0x00007ff8ff996000 	C:\Users\Admin\.vscode\extensions\redhat.java-1.30.0-win32-x64\jre\17.0.10-win32-x86_64\bin\nio.dll
0x00007ff900270000 - 0x00007ff900280000 	c:\Users\Admin\.vscode\extensions\redhat.java-1.30.0-win32-x64\jre\17.0.10-win32-x86_64\bin\verify.dll
0x00007ff92a360000 - 0x00007ff92a37b000 	C:\WINDOWS\SYSTEM32\CRYPTSP.dll
0x00007ff929bf0000 - 0x00007ff929c25000 	C:\WINDOWS\system32\rsaenh.dll
0x00007ff92a200000 - 0x00007ff92a228000 	C:\WINDOWS\SYSTEM32\USERENV.dll
0x00007ff92a380000 - 0x00007ff92a38c000 	C:\WINDOWS\SYSTEM32\CRYPTBASE.dll
0x00007ff929700000 - 0x00007ff92972d000 	C:\WINDOWS\SYSTEM32\IPHLPAPI.DLL
0x00007ff92c840000 - 0x00007ff92c849000 	C:\WINDOWS\System32\NSI.dll
0x00007ff923c00000 - 0x00007ff923c19000 	C:\WINDOWS\SYSTEM32\dhcpcsvc6.DLL
0x00007ff923b80000 - 0x00007ff923b9f000 	C:\WINDOWS\SYSTEM32\dhcpcsvc.DLL
0x00007ff929730000 - 0x00007ff929829000 	C:\WINDOWS\SYSTEM32\DNSAPI.dll
0x00007ff924330000 - 0x00007ff924339000 	C:\Users\Admin\.vscode\extensions\redhat.java-1.30.0-win32-x64\jre\17.0.10-win32-x86_64\bin\management.dll
0x00007ff924320000 - 0x00007ff92432b000 	C:\Users\Admin\.vscode\extensions\redhat.java-1.30.0-win32-x64\jre\17.0.10-win32-x86_64\bin\management_ext.dll
0x00007ff92b9c0000 - 0x00007ff92b9c8000 	C:\WINDOWS\System32\PSAPI.DLL
0x00007ff924310000 - 0x00007ff92431e000 	C:\Users\Admin\.vscode\extensions\redhat.java-1.30.0-win32-x64\jre\17.0.10-win32-x86_64\bin\sunmscapi.dll
0x00007ff92b2c0000 - 0x00007ff92b427000 	C:\WINDOWS\System32\CRYPT32.dll
0x00007ff92a5f0000 - 0x00007ff92a61e000 	C:\WINDOWS\SYSTEM32\ncrypt.dll
0x00007ff92a5b0000 - 0x00007ff92a5e7000 	C:\WINDOWS\SYSTEM32\NTASN1.dll
0x00007ff922390000 - 0x00007ff92239a000 	C:\Windows\System32\rasadhlp.dll
0x00007ff922a10000 - 0x00007ff922a93000 	C:\WINDOWS\System32\fwpuclnt.dll
0x00007ff924300000 - 0x00007ff924309000 	C:\Users\Admin\.vscode\extensions\redhat.java-1.30.0-win32-x64\jre\17.0.10-win32-x86_64\bin\extnet.dll

dbghelp: loaded successfully - version: 4.0.5 - missing functions: none
symbol engine: initialized successfully - sym options: 0x614 - pdb path: .;c:\Users\Admin\.vscode\extensions\redhat.java-1.30.0-win32-x64\jre\17.0.10-win32-x86_64\bin;C:\WINDOWS\SYSTEM32;C:\WINDOWS\WinSxS\amd64_microsoft.windows.common-controls_6595b64144ccf1df_6.0.22621.3235_none_270f74e173860f98;c:\Users\Admin\.vscode\extensions\redhat.java-1.30.0-win32-x64\jre\17.0.10-win32-x86_64\bin\server

VM Arguments:
jvm_args: -Xmx1024m -Dsts.lsp.client=vscode -Dsts.log.file=/dev/null -XX:TieredStopAtLevel=1 -Xlog:jni+resolve=off -Dspring.config.location=file:c:\Users\Admin\.vscode\extensions\vmware.vscode-spring-boot-1.54.0\language-server\BOOT-INF\classes\application.properties 
java_command: org.springframework.ide.vscode.boot.app.BootLanguageServerBootApp
java_class_path (initial): c:\Users\Admin\.vscode\extensions\vmware.vscode-spring-boot-1.54.0\language-server\BOOT-INF\classes;c:\Users\Admin\.vscode\extensions\vmware.vscode-spring-boot-1.54.0\language-server\BOOT-INF\lib\annotations-24.1.0.jar;c:\Users\Admin\.vscode\extensions\vmware.vscode-spring-boot-1.54.0\language-server\BOOT-INF\lib\antlr4-runtime-4.13.1.jar;c:\Users\Admin\.vscode\extensions\vmware.vscode-spring-boot-1.54.0\language-server\BOOT-INF\lib\asm-9.7.jar;c:\Users\Admin\.vscode\extensions\vmware.vscode-spring-boot-1.54.0\language-server\BOOT-INF\lib\asm-analysis-9.7.jar;c:\Users\Admin\.vscode\extensions\vmware.vscode-spring-boot-1.54.0\language-server\BOOT-INF\lib\asm-tree-9.7.jar;c:\Users\Admin\.vscode\extensions\vmware.vscode-spring-boot-1.54.0\language-server\BOOT-INF\lib\asm-util-9.7.jar;c:\Users\Admin\.vscode\extensions\vmware.vscode-spring-boot-1.54.0\language-server\BOOT-INF\lib\caffeine-3.1.8.jar;c:\Users\Admin\.vscode\extensions\vmware.vscode-spring-boot-1.54.0\language-server\BOOT-INF\lib\checker-qual-3.12.0.jar;c:\Users\Admin\.vscode\extensions\vmware.vscode-spring-boot-1.54.0\language-server\BOOT-INF\lib\classgraph-4.8.149.jar;c:\Users\Admin\.vscode\extensions\vmware.vscode-spring-boot-1.54.0\language-server\BOOT-INF\lib\commons-codec-1.16.1.jar;c:\Users\Admin\.vscode\extensions\vmware.vscode-spring-boot-1.54.0\language-server\BOOT-INF\lib\commons-compress-1.26.1.jar;c:\Users\Admin\.vscode\extensions\vmware.vscode-spring-boot-1.54.0\language-server\BOOT-INF\lib\commons-io-2.4.jar;c:\Users\Admin\.vscode\extensions\vmware.vscode-spring-boot-1.54.0\language-server\BOOT-INF\lib\commons-java-1.54.0-SNAPSHOT.jar;c:\Users\Admin\.vscode\extensions\vmware.vscode-spring-boot-1.54.0\language-server\BOOT-INF\lib\commons-lang3-3.13.0.jar;c:\Users\Admin\.vscode\extensions\vmware.vscode-spring-boot-1.54.0\language-server\BOOT-INF\lib\commons-language-server-1.54.0-SNAPSHOT.jar;c:\Users\Admin\.vscode\extensions\vmware.vscode-spring-boot-1.54.0\language
Launcher Type: SUN_STANDARD

[Global flags]
     intx CICompilerCount                          = 4                                         {product} {ergonomic}
     uint ConcGCThreads                            = 2                                         {product} {ergonomic}
     uint G1ConcRefinementThreads                  = 8                                         {product} {ergonomic}
   size_t G1HeapRegionSize                         = 1048576                                   {product} {ergonomic}
    uintx GCDrainStackTargetSize                   = 64                                        {product} {ergonomic}
   size_t InitialHeapSize                          = 132120576                                 {product} {ergonomic}
   size_t MarkStackSize                            = 4194304                                   {product} {ergonomic}
   size_t MaxHeapSize                              = 1073741824                                {product} {command line}
   size_t MaxNewSize                               = 643825664                                 {product} {ergonomic}
   size_t MinHeapDeltaBytes                        = 1048576                                   {product} {ergonomic}
   size_t MinHeapSize                              = 8388608                                   {product} {ergonomic}
    uintx NonProfiledCodeHeapSize                  = 0                                      {pd product} {ergonomic}
     bool ProfileInterpreter                       = false                                  {pd product} {command line}
    uintx ProfiledCodeHeapSize                     = 0                                      {pd product} {ergonomic}
   size_t SoftMaxHeapSize                          = 1073741824                             {manageable} {ergonomic}
     intx TieredStopAtLevel                        = 1                                         {product} {command line}
     bool UseCompressedClassPointers               = true                           {product lp64_product} {ergonomic}
     bool UseCompressedOops                        = true                           {product lp64_product} {ergonomic}
     bool UseG1GC                                  = true                                      {product} {ergonomic}
     bool UseLargePagesIndividualAllocation        = false                                  {pd product} {ergonomic}

Logging:
Log output configuration:
 #0: stdout all=warning,jni+resolve=off uptime,level,tags
 #1: stderr all=off uptime,level,tags

Environment Variables:
JAVA_HOME=C:\Program Files\Java\jdk-17
PATH=C:\Program Files\Common Files\Oracle\Java\javapath;C:\Program Files (x86)\Common Files\Oracle\Java\javapath;C:\Program Files (x86)\VMware\VMware Workstation\bin\;C:\WINDOWS\system32;C:\WINDOWS;C:\WINDOWS\System32\Wbem;C:\WINDOWS\System32\WindowsPowerShell\v1.0\;C:\WINDOWS\System32\OpenSSH\;C:\Program Files (x86)\Microsoft SQL Server\160\Tools\Binn\;C:\Program Files\Microsoft SQL Server\160\Tools\Binn\;C:\Program Files\Microsoft SQL Server\Client SDK\ODBC\170\Tools\Binn\;C:\Program Files\Microsoft SQL Server\160\DTS\Binn\;C:\Program Files\Azure Data Studio\bin;C:\Program Files (x86)\Microsoft SQL Server\160\DTS\Binn\;C:\Program Files\Microsoft SQL Server\130\Tools\Binn\;C:\Program Files\Microsoft SQL Server\150\Tools\Binn\;C:\Program Files\Git\cmd;C:\Program Files\dotnet\;C:\Program Files\nodejs\;D:\download\apache-maven-3.9.6\bin;C:\Program Files\Java\jdk1.8.0_341\;C:\Users\Admin\AppData\Local\Microsoft\WindowsApps;C:\Program Files\Azure Data Studio\bin;C:\Users\Admin\.dotnet\tools;C:\Users\Admin\AppData\Local\gitkraken\bin;C:\Users\Admin\.dotnet\tools;C:\Users\Admin\AppData\Local\Programs\Microsoft VS Code\bin;C:\Users\Admin\AppData\Roaming\npm;C:\Program Files\Java\jdk-17\bin;C:\Users\Admin\Desktop\CNDLL\spark-3.5.0-bin-hadoop3\bin;C:\Users\Admin\Desktop\CNDLL\spark-3.5.0-bin-hadoop3\bin\bin;C:\Users\Admin\AppData\Local\GitHubDesktop\bin
USERNAME=Admin
OS=Windows_NT
PROCESSOR_IDENTIFIER=Intel64 Family 6 Model 140 Stepping 1, GenuineIntel
TMP=C:\Users\Admin\AppData\Local\Temp
TEMP=C:\Users\Admin\AppData\Local\Temp



Periodic native trim disabled


---------------  S Y S T E M  ---------------

OS:
 Windows 11 , 64 bit Build 22621 (10.0.22621.3374)
OS uptime: 0 days 0:58 hours

CPU: total 8 (initial active 8) (4 cores per cpu, 2 threads per core) family 6 model 140 stepping 1 microcode 0x8a, cx8, cmov, fxsr, ht, mmx, 3dnowpref, sse, sse2, sse3, ssse3, sse4.1, sse4.2, popcnt, lzcnt, tsc, tscinvbit, avx, avx2, aes, erms, clmul, bmi1, bmi2, adx, avx512f, avx512dq, avx512cd, avx512bw, avx512vl, sha, fma, vzeroupper, avx512_vpopcntdq, avx512_vpclmulqdq, avx512_vaes, avx512_vnni, clflush, clflushopt, clwb, avx512_vbmi2, avx512_vbmi
Processor Information for all 8 processors :
  Max Mhz: 2419, Current Mhz: 2419, Mhz Limit: 2419

Memory: 4k page, system-wide physical 7975M (746M free)
TotalPageFile size 11975M (AvailPageFile size 4M)
current process WorkingSet (physical memory assigned to process): 172M, peak: 223M
current process commit charge ("private bytes"): 263M, peak: 274M

vm_info: OpenJDK 64-Bit Server VM (17.0.10+7) for windows-amd64 JRE (17.0.10+7), built on Jan 16 2024 23:25:11 by "admin" with MS VC++ 16.10 / 16.11 (VS2019)

END.
